#
# A fatal error has been detected by the Java Runtime Environment:
#
#  EXCEPTION_ACCESS_VIOLATION (0xc0000005) at pc=0x00007ff975c63889, pid=776, tid=6316
#
# JRE version: OpenJDK Runtime Environment Corretto-16.0.2.7.1 (16.0.2+7) (build 16.0.2+7)
# Java VM: OpenJDK 64-Bit Server VM Corretto-16.0.2.7.1 (16.0.2+7, mixed mode, sharing, tiered, compressed oops, compressed class ptrs, g1 gc, windows-amd64)
# Problematic frame:
# C  [native-platform-file-events.dll+0x23889]
#
# No core dump will be written. Minidumps are not enabled by default on client versions of Windows
#
# If you would like to submit a bug report, please visit:
#   https://github.com/corretto/corretto-jdk/issues/
# The crash happened outside the Java Virtual Machine in native code.
# See problematic frame for where to report the bug.
#

---------------  S U M M A R Y ------------

Command Line: --add-opens=java.base/java.util=ALL-UNNAMED --add-opens=java.base/java.lang=ALL-UNNAMED --add-opens=java.base/java.lang.invoke=ALL-UNNAMED --add-opens=java.base/java.util=ALL-UNNAMED --add-opens=java.prefs/java.util.prefs=ALL-UNNAMED --add-opens=java.prefs/java.util.prefs=ALL-UNNAMED --add-opens=java.base/java.nio.charset=ALL-UNNAMED --add-opens=java.base/java.net=ALL-UNNAMED --add-opens=java.base/java.util.concurrent.atomic=ALL-UNNAMED -XX:MaxMetaspaceSize=256m -XX:+HeapDumpOnOutOfMemoryError -Xms256m -Xmx512m -Dfile.encoding=windows-1252 -Duser.country=DE -Duser.language=de -Duser.variant org.gradle.launcher.daemon.bootstrap.GradleDaemon 7.0

Host: Intel(R) Celeron(R) CPU G3900 @ 2.80GHz, 2 cores, 3G,  Windows 10 , 64 bit Build 19041 (10.0.19041.292)
Time: Fri Dec 17 09:14:13 2021 Mitteleuropäische Zeit elapsed time: 83.795325 seconds (0d 0h 1m 23s)

---------------  T H R E A D  ---------------

Current thread (0x000002b8e5961b70):  JavaThread "File watcher server" daemon [_thread_in_native, id=6316, stack(0x000000f641200000,0x000000f641300000)]

Stack: [0x000000f641200000,0x000000f641300000],  sp=0x000000f6412fe740,  free space=1017k
Native frames: (J=compiled Java code, j=interpreted, Vv=VM code, C=native code)
C  [native-platform-file-events.dll+0x23889]

Java frames: (J=compiled Java code, j=interpreted, Vv=VM code)
j  net.rubygrapefruit.platform.internal.jni.AbstractFileEventFunctions$NativeFileWatcher.executeRunLoop0(Ljava/lang/Object;)V+0
j  net.rubygrapefruit.platform.internal.jni.AbstractFileEventFunctions$NativeFileWatcher.access$100(Lnet/rubygrapefruit/platform/internal/jni/AbstractFileEventFunctions$NativeFileWatcher;Ljava/lang/Object;)V+2
j  net.rubygrapefruit.platform.internal.jni.AbstractFileEventFunctions$NativeFileWatcher$1.run()V+26
v  ~StubRoutines::call_stub

siginfo: EXCEPTION_ACCESS_VIOLATION (0xc0000005), reading address 0xffffffffffffffff


Register to memory mapping:

RIP=0x00007ff975c63889 native-platform-file-events.dll
RAX=0x2473636974736974 is an unknown value
RBX=0x0000000000000001 is an unknown value
RCX=0x2473636974736974 is an unknown value
RDX=0x0 is NULL
RSP=0x000000f6412fe740 is pointing into the stack for thread: 0x000002b8e5961b70
RBP=0x000000f6412ff048 is pointing into the stack for thread: 0x000002b8e5961b70
RSI=0x0 is NULL
RDI=0x00000000ffffffff is an unallocated location in the heap
R8 =0x0000000065747379 is an unknown value
R9 =0x000000f6412fe860 is pointing into the stack for thread: 0x000002b8e5961b70
R10=0x0 is NULL
R11=0x0000000000000246 is an unknown value
R12=0x0 is NULL
R13={method} {0x000002b8e4f58b58} 'executeRunLoop0' '(Ljava/lang/Object;)V' in 'net/rubygrapefruit/platform/internal/jni/AbstractFileEventFunctions$NativeFileWatcher'
R14=0x000000f6412ff070 is pointing into the stack for thread: 0x000002b8e5961b70
R15=0x000002b8e5961b70 is a thread


Registers:
RAX=0x2473636974736974, RBX=0x0000000000000001, RCX=0x2473636974736974, RDX=0x0000000000000000
RSP=0x000000f6412fe740, RBP=0x000000f6412ff048, RSI=0x0000000000000000, RDI=0x00000000ffffffff
R8 =0x0000000065747379, R9 =0x000000f6412fe860, R10=0x0000000000000000, R11=0x0000000000000246
R12=0x0000000000000000, R13=0x000002b8e4f58b50, R14=0x000000f6412ff070, R15=0x000002b8e5961b70
RIP=0x00007ff975c63889, EFLAGS=0x0000000000010297

Top of Stack: (sp=0x000000f6412fe740)
0x000000f6412fe740:   000000f640afbff0 000002b8e5ab0050
0x000000f6412fe750:   000002b8e6603230 000002b8e5ab00a0
0x000000f6412fe760:   0000000000000034 00007ff975c64db9
0x000000f6412fe770:   000000f6412fe7b8 000000f640afbff0
0x000000f6412fe780:   0000000800000000 0000000000000000
0x000000f6412fe790:   00000000e0411c01 000000f640afbfb0
0x000000f6412fe7a0:   0000ae6c252ed5fd 000000f6412fe7e0
0x000000f6412fe7b0:   000002b8e5961b70 000000f6412ff070
0x000000f6412fe7c0:   000002b8e4f58b50 0000000000000000
0x000000f6412fe7d0:   000000f6412ff048 00007ff9926ede5b
0x000000f6412fe7e0:   000000f640afbfb0 0000000000000000
0x000000f6412fe7f0:   00007ff975c64d50 000000f640afbfb0
0x000000f6412fe800:   0000000000000048 0000f563ab8deeda
0x000000f6412fe810:   0000000000000000 00007ff975c63a12
0x000000f6412fe820:   2473636974736974 ffffffff00000000
0x000000f6412fe830:   00007ff965747379 000002b8e5ab0080 

Instructions: (pc=0x00007ff975c63889)
0x00007ff975c63789:   48 89 4c 24 08 48 81 ec d8 00 00 00 48 8b 05 1c
0x00007ff975c63799:   1b 15 00 48 33 c4 48 89 84 24 c8 00 00 00 c7 44
0x00007ff975c637a9:   24 40 00 00 00 00 81 bc 24 e8 00 00 00 e3 03 00
0x00007ff975c637b9:   00 0f 85 c1 00 00 00 ba 03 00 00 00 48 8b 0d 2c
0x00007ff975c637c9:   6b 15 00 e8 de 5a fe ff 0f b6 c0 85 c0 74 7a 48
0x00007ff975c637d9:   8b 84 24 e0 00 00 00 8b 40 68 89 44 24 44 48 8b
0x00007ff975c637e9:   84 24 e0 00 00 00 48 83 c0 08 48 8b d0 48 8d 8c
0x00007ff975c637f9:   24 88 00 00 00 e8 30 e1 fd ff 48 89 44 24 50 48
0x00007ff975c63809:   8b 44 24 50 48 89 44 24 58 8b 44 24 40 83 c8 01
0x00007ff975c63819:   89 44 24 40 48 8b 4c 24 58 e8 aa e3 fd ff 48 89
0x00007ff975c63829:   44 24 60 8b 44 24 44 89 44 24 20 4c 8b 4c 24 60
0x00007ff975c63839:   4c 8d 05 90 4e 11 00 ba 03 00 00 00 48 8b 0d ac
0x00007ff975c63849:   6a 15 00 e8 9d 11 fe ff 90 8b 44 24 40 83 e0 01
0x00007ff975c63859:   85 c0 74 12 83 64 24 40 fe 48 8d 8c 24 88 00 00
0x00007ff975c63869:   00 e8 ba ef fd ff 48 8b 8c 24 e0 00 00 00 e8 f2
0x00007ff975c63879:   4f fe ff e9 36 01 00 00 48 8b 84 24 e0 00 00 00
0x00007ff975c63889:   83 78 68 01 0f 84 cb 00 00 00 ba 03 00 00 00 48
0x00007ff975c63899:   8b 0d 59 6a 15 00 e8 0b 5a fe ff 0f b6 c0 85 c0
0x00007ff975c638a9:   0f 84 90 00 00 00 48 8b 84 24 e0 00 00 00 8b 40
0x00007ff975c638b9:   68 89 44 24 48 48 8b 84 24 e0 00 00 00 48 83 c0
0x00007ff975c638c9:   08 48 8b d0 48 8d 8c 24 a8 00 00 00 e8 59 e0 fd
0x00007ff975c638d9:   ff 48 89 44 24 68 48 8b 44 24 68 48 89 44 24 70
0x00007ff975c638e9:   8b 44 24 40 83 c8 02 89 44 24 40 48 8b 4c 24 70
0x00007ff975c638f9:   e8 d3 e2 fd ff 48 89 44 24 78 8b 44 24 48 89 44
0x00007ff975c63909:   24 30 8b 84 24 e8 00 00 00 89 44 24 28 8b 84 24
0x00007ff975c63919:   f0 00 00 00 89 44 24 20 4c 8b 4c 24 78 4c 8d 05
0x00007ff975c63929:   d3 4d 11 00 ba 03 00 00 00 48 8b 0d bf 69 15 00
0x00007ff975c63939:   e8 b0 10 fe ff 90 8b 44 24 40 83 e0 02 85 c0 74
0x00007ff975c63949:   12 83 64 24 40 fd 48 8d 8c 24 a8 00 00 00 e8 cd
0x00007ff975c63959:   ee fd ff eb 59 48 8b 84 24 e0 00 00 00 c7 40 68
0x00007ff975c63969:   00 00 00 00 48 8b 84 24 e0 00 00 00 48 8b 00 48
0x00007ff975c63979:   89 84 24 80 00 00 00 48 8b 84 24 e0 00 00 00 48 


Stack slot to memory mapping:
stack at sp + 0 slots: 0x000000f640afbff0 is pointing into the stack for thread: 0x000002b8e2698350
stack at sp + 1 slots: 0x000002b8e5ab0050 points into unknown readable memory: 0x293b796863726172 | 72 61 72 63 68 79 3b 29
stack at sp + 2 slots: 0x000002b8e6603230 points into unknown readable memory: 0x00007ff9aa2a6812 | 12 68 2a aa f9 7f 00 00
stack at sp + 3 slots: 0x000002b8e5ab00a0 points into unknown readable memory: 0x466c617574726956 | 56 69 72 74 75 61 6c 46
stack at sp + 4 slots: 0x0000000000000034 is an unknown value
stack at sp + 5 slots: 0x00007ff975c64db9 native-platform-file-events.dll
stack at sp + 6 slots: 0x000000f6412fe7b8 is pointing into the stack for thread: 0x000002b8e5961b70
stack at sp + 7 slots: 0x000000f640afbff0 is pointing into the stack for thread: 0x000002b8e2698350


---------------  P R O C E S S  ---------------

Threads class SMR info:
_java_thread_list=0x000002b8e6297840, length=40, elements={
0x000002b8c6d18280, 0x000002b8e1a75c10, 0x000002b8e1a769e0, 0x000002b8e1a86bf0,
0x000002b8e1a8c530, 0x000002b8e1a8ce40, 0x000002b8e1a8d750, 0x000002b8e1a8e440,
0x000002b8e1a9c1e0, 0x000002b8e1abef50, 0x000002b8e25ed050, 0x000002b8e25f2590,
0x000002b8e3b5dfe0, 0x000002b8e37a1ae0, 0x000002b8e373fd50, 0x000002b8e343b590,
0x000002b8e332c190, 0x000002b8e269a330, 0x000002b8e2698350, 0x000002b8e2699340,
0x000002b8e26988a0, 0x000002b8e2699de0, 0x000002b8e2699890, 0x000002b8e269add0,
0x000002b8e269a880, 0x000002b8e5961b70, 0x000002b8e5960630, 0x000002b8e5961620,
0x000002b8e595dbb0, 0x000002b8e595f0f0, 0x000002b8e59620c0, 0x000002b8e59630b0,
0x000002b8e595e100, 0x000002b8e595eba0, 0x000002b8e622aab0, 0x000002b8e622baa0,
0x000002b8e622bff0, 0x000002b8e6226af0, 0x000002b8e6228580, 0x000002b8e6228ad0
}

Java Threads: ( => current thread )
  0x000002b8c6d18280 JavaThread "main" [_thread_blocked, id=2924, stack(0x000000f63f000000,0x000000f63f100000)]
  0x000002b8e1a75c10 JavaThread "Reference Handler" daemon [_thread_blocked, id=2920, stack(0x000000f63f700000,0x000000f63f800000)]
  0x000002b8e1a769e0 JavaThread "Finalizer" daemon [_thread_blocked, id=3060, stack(0x000000f63f800000,0x000000f63f900000)]
  0x000002b8e1a86bf0 JavaThread "Signal Dispatcher" daemon [_thread_blocked, id=3528, stack(0x000000f63f900000,0x000000f63fa00000)]
  0x000002b8e1a8c530 JavaThread "Attach Listener" daemon [_thread_blocked, id=5516, stack(0x000000f63fa00000,0x000000f63fb00000)]
  0x000002b8e1a8ce40 JavaThread "Service Thread" daemon [_thread_blocked, id=4572, stack(0x000000f63fb00000,0x000000f63fc00000)]
  0x000002b8e1a8d750 JavaThread "Monitor Deflation Thread" daemon [_thread_blocked, id=1924, stack(0x000000f63fc00000,0x000000f63fd00000)]
  0x000002b8e1a8e440 JavaThread "C2 CompilerThread0" daemon [_thread_blocked, id=8168, stack(0x000000f63fd00000,0x000000f63fe00000)]
  0x000002b8e1a9c1e0 JavaThread "C1 CompilerThread0" daemon [_thread_blocked, id=5216, stack(0x000000f63fe00000,0x000000f63ff00000)]
  0x000002b8e1abef50 JavaThread "Sweeper thread" daemon [_thread_blocked, id=244, stack(0x000000f63ff00000,0x000000f640000000)]
  0x000002b8e25ed050 JavaThread "Common-Cleaner" daemon [_thread_blocked, id=8904, stack(0x000000f640000000,0x000000f640100000)]
  0x000002b8e25f2590 JavaThread "Notification Thread" daemon [_thread_blocked, id=4208, stack(0x000000f640100000,0x000000f640200000)]
  0x000002b8e3b5dfe0 JavaThread "Daemon health stats" [_thread_blocked, id=8952, stack(0x000000f640400000,0x000000f640500000)]
  0x000002b8e37a1ae0 JavaThread "Incoming local TCP Connector on port 59723" [_thread_in_native, id=6888, stack(0x000000f640500000,0x000000f640600000)]
  0x000002b8e373fd50 JavaThread "Daemon periodic checks" [_thread_blocked, id=708, stack(0x000000f640600000,0x000000f640700000)]
  0x000002b8e343b590 JavaThread "Daemon" [_thread_blocked, id=7928, stack(0x000000f640700000,0x000000f640800000)]
  0x000002b8e332c190 JavaThread "Handler for socket connection from /127.0.0.1:59723 to /127.0.0.1:59724" [_thread_in_native, id=6644, stack(0x000000f640800000,0x000000f640900000)]
  0x000002b8e269a330 JavaThread "Cancel handler" [_thread_blocked, id=6620, stack(0x000000f640900000,0x000000f640a00000)]
  0x000002b8e2698350 JavaThread "Daemon worker" [_thread_in_Java, id=2680, stack(0x000000f640a00000,0x000000f640b00000)]
  0x000002b8e2699340 JavaThread "Asynchronous log dispatcher for DefaultDaemonConnection: socket connection from /127.0.0.1:59723 to /127.0.0.1:59724" [_thread_blocked, id=4716, stack(0x000000f640b00000,0x000000f640c00000)]
  0x000002b8e26988a0 JavaThread "Stdin handler" [_thread_blocked, id=3088, stack(0x000000f640c00000,0x000000f640d00000)]
  0x000002b8e2699de0 JavaThread "Daemon client event forwarder" [_thread_blocked, id=632, stack(0x000000f640d00000,0x000000f640e00000)]
  0x000002b8e2699890 JavaThread "Cache worker for file hash cache (C:\Users\lopperik\.gradle\caches\7.0\fileHashes)" [_thread_blocked, id=5060, stack(0x000000f640e00000,0x000000f640f00000)]
  0x000002b8e269add0 JavaThread "File lock request listener" [_thread_in_native, id=3824, stack(0x000000f640f00000,0x000000f641000000)]
  0x000002b8e269a880 JavaThread "Cache worker for journal cache (C:\Users\lopperik\.gradle\caches\journal-1)" [_thread_blocked, id=2508, stack(0x000000f641000000,0x000000f641100000)]
=>0x000002b8e5961b70 JavaThread "File watcher server" daemon [_thread_in_native, id=6316, stack(0x000000f641200000,0x000000f641300000)]
  0x000002b8e5960630 JavaThread "File watcher consumer" daemon [_thread_blocked, id=984, stack(0x000000f641300000,0x000000f641400000)]
  0x000002b8e5961620 JavaThread "Cache worker for execution history cache (C:\Users\lopperik\.gradle\caches\7.0\executionHistory)" [_thread_blocked, id=6788, stack(0x000000f641700000,0x000000f641800000)]
  0x000002b8e595dbb0 JavaThread "jar transforms" [_thread_blocked, id=8116, stack(0x000000f641800000,0x000000f641900000)]
  0x000002b8e595f0f0 JavaThread "jar transforms Thread 2" [_thread_blocked, id=1372, stack(0x000000f641900000,0x000000f641a00000)]
  0x000002b8e59620c0 JavaThread "Cache worker for file content cache (C:\Users\lopperik\.gradle\caches\7.0\fileContent)" [_thread_blocked, id=6500, stack(0x000000f641a00000,0x000000f641b00000)]
  0x000002b8e59630b0 JavaThread "Build operations" [_thread_blocked, id=7076, stack(0x000000f641e00000,0x000000f641f00000)]
  0x000002b8e595e100 JavaThread "Build operations Thread 2" [_thread_blocked, id=8720, stack(0x000000f641f00000,0x000000f642000000)]
  0x000002b8e595eba0 JavaThread "Memory manager" [_thread_blocked, id=864, stack(0x000000f642000000,0x000000f642100000)]
  0x000002b8e622aab0 JavaThread "Cache worker for Java compile cache (C:\Users\lopperik\.gradle\caches\7.0\javaCompile)" [_thread_blocked, id=6168, stack(0x000000f642300000,0x000000f642400000)]
  0x000002b8e622baa0 JavaThread "Exec process" [_thread_blocked, id=5796, stack(0x000000f642700000,0x000000f642800000)]
  0x000002b8e622bff0 JavaThread "DisconnectableInputStream source reader" daemon [_thread_blocked, id=6184, stack(0x000000f642800000,0x000000f642900000)]
  0x000002b8e6226af0 JavaThread "Exec process Thread 2" [_thread_blocked, id=1912, stack(0x000000f642900000,0x000000f642a00000)]
  0x000002b8e6228580 JavaThread "Exec process Thread 3" [_thread_blocked, id=2484, stack(0x000000f642a00000,0x000000f642b00000)]
  0x000002b8e6228ad0 JavaThread "Exec process Thread 4" [_thread_blocked, id=2464, stack(0x000000f642b00000,0x000000f642c00000)]

Other Threads:
  0x000002b8e1a700a0 VMThread "VM Thread" [stack: 0x000000f63f600000,0x000000f63f700000] [id=6400]
  0x000002b8e25f4ed0 WatcherThread [stack: 0x000000f640200000,0x000000f640300000] [id=4532]
  0x000002b8c6d3be30 GCTaskThread "GC Thread#0" [stack: 0x000000f63f100000,0x000000f63f200000] [id=2016]
  0x000002b8e26dbb20 GCTaskThread "GC Thread#1" [stack: 0x000000f640300000,0x000000f640400000] [id=7616]
  0x000002b8c6d40d80 ConcurrentGCThread "G1 Main Marker" [stack: 0x000000f63f200000,0x000000f63f300000] [id=8408]
  0x000002b8c6d41f40 ConcurrentGCThread "G1 Conc#0" [stack: 0x000000f63f300000,0x000000f63f400000] [id=4440]
  0x000002b8e1930090 ConcurrentGCThread "G1 Refine#0" [stack: 0x000000f63f400000,0x000000f63f500000] [id=7244]
  0x000002b8e59ce130 ConcurrentGCThread "G1 Refine#1" [stack: 0x000000f641c00000,0x000000f641d00000] [id=2428]
  0x000002b8e1930a20 ConcurrentGCThread "G1 Service" [stack: 0x000000f63f500000,0x000000f63f600000] [id=1768]

Threads with active compile tasks:

VM state: not at safepoint (normal execution)

VM Mutex/Monitor currently owned by a thread: None

Heap address: 0x00000000e0000000, size: 512 MB, Compressed Oops mode: 32-bit

CDS archive(s) mapped at: [0x0000000800000000-0x0000000800be0000-0x0000000800be0000), size 12451840, SharedBaseAddress: 0x0000000800000000, ArchiveRelocationMode: 0.
Compressed class space mapped at: 0x0000000800c00000-0x000000080dc00000, reserved size: 218103808
Narrow klass base: 0x0000000800000000, Narrow klass shift: 3, Narrow klass range: 0x100000000

GC Precious Log:
 CPUs: 2 total, 2 available
 Memory: 3941M
 Large Page Support: Disabled
 NUMA Support: Disabled
 Compressed Oops: Enabled (32-bit)
 Heap Region Size: 1M
 Heap Min Capacity: 256M
 Heap Initial Capacity: 256M
 Heap Max Capacity: 512M
 Pre-touch: Disabled
 Parallel Workers: 2
 Concurrent Workers: 1
 Concurrent Refinement Workers: 2
 Periodic GC: Disabled

Heap:
 garbage-first heap   total 262144K, used 111087K [0x00000000e0000000, 0x0000000100000000)
  region size 1024K, 82 young (83968K), 19 survivors (19456K)
 Metaspace       used 58622K, committed 59136K, reserved 270336K
  class space    used 7698K, committed 7936K, reserved 212992K

Heap Regions: E=young(eden), S=young(survivor), O=old, HS=humongous(starts), HC=humongous(continues), CS=collection set, F=free, OA=open archive, CA=closed archive, TAMS=top-at-mark-start (previous, next)
|   0|0x00000000e0000000, 0x00000000e0100000, 0x00000000e0100000|100%|HS|  |TAMS 0x00000000e0100000, 0x00000000e0000000| Complete 
|   1|0x00000000e0100000, 0x00000000e0200000, 0x00000000e0200000|100%|HC|  |TAMS 0x00000000e0200000, 0x00000000e0100000| Complete 
|   2|0x00000000e0200000, 0x00000000e0300000, 0x00000000e0300000|100%|HC|  |TAMS 0x00000000e0300000, 0x00000000e0200000| Complete 
|   3|0x00000000e0300000, 0x00000000e0400000, 0x00000000e0400000|100%| O|  |TAMS 0x00000000e0400000, 0x00000000e0300000| Untracked 
|   4|0x00000000e0400000, 0x00000000e0500000, 0x00000000e0500000|100%| O|  |TAMS 0x00000000e0500000, 0x00000000e0400000| Untracked 
|   5|0x00000000e0500000, 0x00000000e0600000, 0x00000000e0600000|100%| O|  |TAMS 0x00000000e0600000, 0x00000000e0500000| Untracked 
|   6|0x00000000e0600000, 0x00000000e0700000, 0x00000000e0700000|100%| O|  |TAMS 0x00000000e0700000, 0x00000000e0600000| Untracked 
|   7|0x00000000e0700000, 0x00000000e0800000, 0x00000000e0800000|100%| O|  |TAMS 0x00000000e0800000, 0x00000000e0700000| Untracked 
|   8|0x00000000e0800000, 0x00000000e0900000, 0x00000000e0900000|100%| O|  |TAMS 0x00000000e0900000, 0x00000000e0800000| Untracked 
|   9|0x00000000e0900000, 0x00000000e0a00000, 0x00000000e0a00000|100%| O|  |TAMS 0x00000000e0a00000, 0x00000000e0900000| Untracked 
|  10|0x00000000e0a00000, 0x00000000e0a00000, 0x00000000e0b00000|  0%| F|  |TAMS 0x00000000e0a00000, 0x00000000e0a00000| Untracked 
|  11|0x00000000e0b00000, 0x00000000e0c00000, 0x00000000e0c00000|100%| O|  |TAMS 0x00000000e0b00000, 0x00000000e0b00000| Untracked 
|  12|0x00000000e0c00000, 0x00000000e0d00000, 0x00000000e0d00000|100%| O|  |TAMS 0x00000000e0c00000, 0x00000000e0c00000| Untracked 
|  13|0x00000000e0d00000, 0x00000000e0e00000, 0x00000000e0e00000|100%| O|  |TAMS 0x00000000e0e00000, 0x00000000e0d00000| Untracked 
|  14|0x00000000e0e00000, 0x00000000e0f00000, 0x00000000e0f00000|100%| O|  |TAMS 0x00000000e0f00000, 0x00000000e0e00000| Untracked 
|  15|0x00000000e0f00000, 0x00000000e1000000, 0x00000000e1000000|100%| O|  |TAMS 0x00000000e1000000, 0x00000000e0f00000| Untracked 
|  16|0x00000000e1000000, 0x00000000e1100000, 0x00000000e1100000|100%| O|  |TAMS 0x00000000e1100000, 0x00000000e1000000| Untracked 
|  17|0x00000000e1100000, 0x00000000e1200000, 0x00000000e1200000|100%| O|  |TAMS 0x00000000e1200000, 0x00000000e1100000| Untracked 
|  18|0x00000000e1200000, 0x00000000e1300000, 0x00000000e1300000|100%| O|  |TAMS 0x00000000e1300000, 0x00000000e1200000| Untracked 
|  19|0x00000000e1300000, 0x00000000e1400000, 0x00000000e1400000|100%| O|  |TAMS 0x00000000e1400000, 0x00000000e1300000| Untracked 
|  20|0x00000000e1400000, 0x00000000e1500000, 0x00000000e1500000|100%| O|  |TAMS 0x00000000e1500000, 0x00000000e1400000| Untracked 
|  21|0x00000000e1500000, 0x00000000e1600000, 0x00000000e1600000|100%| O|  |TAMS 0x00000000e1600000, 0x00000000e1500000| Untracked 
|  22|0x00000000e1600000, 0x00000000e1700000, 0x00000000e1700000|100%| O|  |TAMS 0x00000000e1650200, 0x00000000e1600000| Untracked 
|  23|0x00000000e1700000, 0x00000000e1800000, 0x00000000e1800000|100%| O|  |TAMS 0x00000000e1700000, 0x00000000e1700000| Untracked 
|  24|0x00000000e1800000, 0x00000000e1900000, 0x00000000e1900000|100%| O|  |TAMS 0x00000000e1800000, 0x00000000e1800000| Untracked 
|  25|0x00000000e1900000, 0x00000000e1a00000, 0x00000000e1a00000|100%| O|  |TAMS 0x00000000e1900000, 0x00000000e1900000| Untracked 
|  26|0x00000000e1a00000, 0x00000000e1b00000, 0x00000000e1b00000|100%| O|  |TAMS 0x00000000e1a00000, 0x00000000e1a00000| Untracked 
|  27|0x00000000e1b00000, 0x00000000e1c00000, 0x00000000e1c00000|100%| O|  |TAMS 0x00000000e1b00000, 0x00000000e1b00000| Untracked 
|  28|0x00000000e1c00000, 0x00000000e1c7bc00, 0x00000000e1d00000| 48%| O|  |TAMS 0x00000000e1c00000, 0x00000000e1c00000| Untracked 
|  29|0x00000000e1d00000, 0x00000000e1d00000, 0x00000000e1e00000|  0%| F|  |TAMS 0x00000000e1d00000, 0x00000000e1d00000| Untracked 
|  30|0x00000000e1e00000, 0x00000000e1e00000, 0x00000000e1f00000|  0%| F|  |TAMS 0x00000000e1e00000, 0x00000000e1e00000| Untracked 
|  31|0x00000000e1f00000, 0x00000000e1f00000, 0x00000000e2000000|  0%| F|  |TAMS 0x00000000e1f00000, 0x00000000e1f00000| Untracked 
|  32|0x00000000e2000000, 0x00000000e2000000, 0x00000000e2100000|  0%| F|  |TAMS 0x00000000e2000000, 0x00000000e2000000| Untracked 
|  33|0x00000000e2100000, 0x00000000e2100000, 0x00000000e2200000|  0%| F|  |TAMS 0x00000000e2100000, 0x00000000e2100000| Untracked 
|  34|0x00000000e2200000, 0x00000000e2200000, 0x00000000e2300000|  0%| F|  |TAMS 0x00000000e2200000, 0x00000000e2200000| Untracked 
|  35|0x00000000e2300000, 0x00000000e2300000, 0x00000000e2400000|  0%| F|  |TAMS 0x00000000e2300000, 0x00000000e2300000| Untracked 
|  36|0x00000000e2400000, 0x00000000e2400000, 0x00000000e2500000|  0%| F|  |TAMS 0x00000000e2400000, 0x00000000e2400000| Untracked 
|  37|0x00000000e2500000, 0x00000000e2500000, 0x00000000e2600000|  0%| F|  |TAMS 0x00000000e2500000, 0x00000000e2500000| Untracked 
|  38|0x00000000e2600000, 0x00000000e2600000, 0x00000000e2700000|  0%| F|  |TAMS 0x00000000e2600000, 0x00000000e2600000| Untracked 
|  39|0x00000000e2700000, 0x00000000e2700000, 0x00000000e2800000|  0%| F|  |TAMS 0x00000000e2700000, 0x00000000e2700000| Untracked 
|  40|0x00000000e2800000, 0x00000000e2800000, 0x00000000e2900000|  0%| F|  |TAMS 0x00000000e2800000, 0x00000000e2800000| Untracked 
|  41|0x00000000e2900000, 0x00000000e2900000, 0x00000000e2a00000|  0%| F|  |TAMS 0x00000000e2900000, 0x00000000e2900000| Untracked 
|  42|0x00000000e2a00000, 0x00000000e2a00000, 0x00000000e2b00000|  0%| F|  |TAMS 0x00000000e2a00000, 0x00000000e2a00000| Untracked 
|  43|0x00000000e2b00000, 0x00000000e2b00000, 0x00000000e2c00000|  0%| F|  |TAMS 0x00000000e2b00000, 0x00000000e2b00000| Untracked 
|  44|0x00000000e2c00000, 0x00000000e2c00000, 0x00000000e2d00000|  0%| F|  |TAMS 0x00000000e2c00000, 0x00000000e2c00000| Untracked 
|  45|0x00000000e2d00000, 0x00000000e2d00000, 0x00000000e2e00000|  0%| F|  |TAMS 0x00000000e2d00000, 0x00000000e2d00000| Untracked 
|  46|0x00000000e2e00000, 0x00000000e2e00000, 0x00000000e2f00000|  0%| F|  |TAMS 0x00000000e2e00000, 0x00000000e2e00000| Untracked 
|  47|0x00000000e2f00000, 0x00000000e2f00000, 0x00000000e3000000|  0%| F|  |TAMS 0x00000000e2f00000, 0x00000000e2f00000| Untracked 
|  48|0x00000000e3000000, 0x00000000e3000000, 0x00000000e3100000|  0%| F|  |TAMS 0x00000000e3000000, 0x00000000e3000000| Untracked 
|  49|0x00000000e3100000, 0x00000000e3100000, 0x00000000e3200000|  0%| F|  |TAMS 0x00000000e3100000, 0x00000000e3100000| Untracked 
|  50|0x00000000e3200000, 0x00000000e3200000, 0x00000000e3300000|  0%| F|  |TAMS 0x00000000e3200000, 0x00000000e3200000| Untracked 
|  51|0x00000000e3300000, 0x00000000e3300000, 0x00000000e3400000|  0%| F|  |TAMS 0x00000000e3300000, 0x00000000e3300000| Untracked 
|  52|0x00000000e3400000, 0x00000000e3400000, 0x00000000e3500000|  0%| F|  |TAMS 0x00000000e3400000, 0x00000000e3400000| Untracked 
|  53|0x00000000e3500000, 0x00000000e3500000, 0x00000000e3600000|  0%| F|  |TAMS 0x00000000e3500000, 0x00000000e3500000| Untracked 
|  54|0x00000000e3600000, 0x00000000e3600000, 0x00000000e3700000|  0%| F|  |TAMS 0x00000000e3600000, 0x00000000e3600000| Untracked 
|  55|0x00000000e3700000, 0x00000000e3700000, 0x00000000e3800000|  0%| F|  |TAMS 0x00000000e3700000, 0x00000000e3700000| Untracked 
|  56|0x00000000e3800000, 0x00000000e3800000, 0x00000000e3900000|  0%| F|  |TAMS 0x00000000e3800000, 0x00000000e3800000| Untracked 
|  57|0x00000000e3900000, 0x00000000e3900000, 0x00000000e3a00000|  0%| F|  |TAMS 0x00000000e3900000, 0x00000000e3900000| Untracked 
|  58|0x00000000e3a00000, 0x00000000e3a00000, 0x00000000e3b00000|  0%| F|  |TAMS 0x00000000e3a00000, 0x00000000e3a00000| Untracked 
|  59|0x00000000e3b00000, 0x00000000e3b00000, 0x00000000e3c00000|  0%| F|  |TAMS 0x00000000e3b00000, 0x00000000e3b00000| Untracked 
|  60|0x00000000e3c00000, 0x00000000e3c00000, 0x00000000e3d00000|  0%| F|  |TAMS 0x00000000e3c00000, 0x00000000e3c00000| Untracked 
|  61|0x00000000e3d00000, 0x00000000e3d00000, 0x00000000e3e00000|  0%| F|  |TAMS 0x00000000e3d00000, 0x00000000e3d00000| Untracked 
|  62|0x00000000e3e00000, 0x00000000e3e00000, 0x00000000e3f00000|  0%| F|  |TAMS 0x00000000e3e00000, 0x00000000e3e00000| Untracked 
|  63|0x00000000e3f00000, 0x00000000e3f00000, 0x00000000e4000000|  0%| F|  |TAMS 0x00000000e3f00000, 0x00000000e3f00000| Untracked 
|  64|0x00000000e4000000, 0x00000000e4000000, 0x00000000e4100000|  0%| F|  |TAMS 0x00000000e4000000, 0x00000000e4000000| Untracked 
|  65|0x00000000e4100000, 0x00000000e4100000, 0x00000000e4200000|  0%| F|  |TAMS 0x00000000e4100000, 0x00000000e4100000| Untracked 
|  66|0x00000000e4200000, 0x00000000e4200000, 0x00000000e4300000|  0%| F|  |TAMS 0x00000000e4200000, 0x00000000e4200000| Untracked 
|  67|0x00000000e4300000, 0x00000000e4300000, 0x00000000e4400000|  0%| F|  |TAMS 0x00000000e4300000, 0x00000000e4300000| Untracked 
|  68|0x00000000e4400000, 0x00000000e4400000, 0x00000000e4500000|  0%| F|  |TAMS 0x00000000e4400000, 0x00000000e4400000| Untracked 
|  69|0x00000000e4500000, 0x00000000e4500000, 0x00000000e4600000|  0%| F|  |TAMS 0x00000000e4500000, 0x00000000e4500000| Untracked 
|  70|0x00000000e4600000, 0x00000000e4600000, 0x00000000e4700000|  0%| F|  |TAMS 0x00000000e4600000, 0x00000000e4600000| Untracked 
|  71|0x00000000e4700000, 0x00000000e4700000, 0x00000000e4800000|  0%| F|  |TAMS 0x00000000e4700000, 0x00000000e4700000| Untracked 
|  72|0x00000000e4800000, 0x00000000e4800000, 0x00000000e4900000|  0%| F|  |TAMS 0x00000000e4800000, 0x00000000e4800000| Untracked 
|  73|0x00000000e4900000, 0x00000000e4900000, 0x00000000e4a00000|  0%| F|  |TAMS 0x00000000e4900000, 0x00000000e4900000| Untracked 
|  74|0x00000000e4a00000, 0x00000000e4a00000, 0x00000000e4b00000|  0%| F|  |TAMS 0x00000000e4a00000, 0x00000000e4a00000| Untracked 
|  75|0x00000000e4b00000, 0x00000000e4b00000, 0x00000000e4c00000|  0%| F|  |TAMS 0x00000000e4b00000, 0x00000000e4b00000| Untracked 
|  76|0x00000000e4c00000, 0x00000000e4c00000, 0x00000000e4d00000|  0%| F|  |TAMS 0x00000000e4c00000, 0x00000000e4c00000| Untracked 
|  77|0x00000000e4d00000, 0x00000000e4d00000, 0x00000000e4e00000|  0%| F|  |TAMS 0x00000000e4d00000, 0x00000000e4d00000| Untracked 
|  78|0x00000000e4e00000, 0x00000000e4e00000, 0x00000000e4f00000|  0%| F|  |TAMS 0x00000000e4e00000, 0x00000000e4e00000| Untracked 
|  79|0x00000000e4f00000, 0x00000000e4f00000, 0x00000000e5000000|  0%| F|  |TAMS 0x00000000e4f00000, 0x00000000e4f00000| Untracked 
|  80|0x00000000e5000000, 0x00000000e5000000, 0x00000000e5100000|  0%| F|  |TAMS 0x00000000e5000000, 0x00000000e5000000| Untracked 
|  81|0x00000000e5100000, 0x00000000e5100000, 0x00000000e5200000|  0%| F|  |TAMS 0x00000000e5100000, 0x00000000e5100000| Untracked 
|  82|0x00000000e5200000, 0x00000000e5200000, 0x00000000e5300000|  0%| F|  |TAMS 0x00000000e5200000, 0x00000000e5200000| Untracked 
|  83|0x00000000e5300000, 0x00000000e5300000, 0x00000000e5400000|  0%| F|  |TAMS 0x00000000e5300000, 0x00000000e5300000| Untracked 
|  84|0x00000000e5400000, 0x00000000e5500000, 0x00000000e5500000|100%| S|CS|TAMS 0x00000000e5400000, 0x00000000e5400000| Complete 
|  85|0x00000000e5500000, 0x00000000e5600000, 0x00000000e5600000|100%| S|CS|TAMS 0x00000000e5500000, 0x00000000e5500000| Complete 
|  86|0x00000000e5600000, 0x00000000e5700000, 0x00000000e5700000|100%| S|CS|TAMS 0x00000000e5600000, 0x00000000e5600000| Complete 
|  87|0x00000000e5700000, 0x00000000e5800000, 0x00000000e5800000|100%| S|CS|TAMS 0x00000000e5700000, 0x00000000e5700000| Complete 
|  88|0x00000000e5800000, 0x00000000e5900000, 0x00000000e5900000|100%| S|CS|TAMS 0x00000000e5800000, 0x00000000e5800000| Complete 
|  89|0x00000000e5900000, 0x00000000e5a00000, 0x00000000e5a00000|100%| S|CS|TAMS 0x00000000e5900000, 0x00000000e5900000| Complete 
|  90|0x00000000e5a00000, 0x00000000e5b00000, 0x00000000e5b00000|100%| S|CS|TAMS 0x00000000e5a00000, 0x00000000e5a00000| Complete 
|  91|0x00000000e5b00000, 0x00000000e5c00000, 0x00000000e5c00000|100%| S|CS|TAMS 0x00000000e5b00000, 0x00000000e5b00000| Complete 
|  92|0x00000000e5c00000, 0x00000000e5d00000, 0x00000000e5d00000|100%| S|CS|TAMS 0x00000000e5c00000, 0x00000000e5c00000| Complete 
|  93|0x00000000e5d00000, 0x00000000e5e00000, 0x00000000e5e00000|100%| S|CS|TAMS 0x00000000e5d00000, 0x00000000e5d00000| Complete 
|  94|0x00000000e5e00000, 0x00000000e5f00000, 0x00000000e5f00000|100%| S|CS|TAMS 0x00000000e5e00000, 0x00000000e5e00000| Complete 
|  95|0x00000000e5f00000, 0x00000000e6000000, 0x00000000e6000000|100%| S|CS|TAMS 0x00000000e5f00000, 0x00000000e5f00000| Complete 
|  96|0x00000000e6000000, 0x00000000e6100000, 0x00000000e6100000|100%| S|CS|TAMS 0x00000000e6000000, 0x00000000e6000000| Complete 
|  97|0x00000000e6100000, 0x00000000e6200000, 0x00000000e6200000|100%| S|CS|TAMS 0x00000000e6100000, 0x00000000e6100000| Complete 
|  98|0x00000000e6200000, 0x00000000e6300000, 0x00000000e6300000|100%| S|CS|TAMS 0x00000000e6200000, 0x00000000e6200000| Complete 
|  99|0x00000000e6300000, 0x00000000e6400000, 0x00000000e6400000|100%| S|CS|TAMS 0x00000000e6300000, 0x00000000e6300000| Complete 
| 100|0x00000000e6400000, 0x00000000e6500000, 0x00000000e6500000|100%| S|CS|TAMS 0x00000000e6400000, 0x00000000e6400000| Complete 
| 101|0x00000000e6500000, 0x00000000e6600000, 0x00000000e6600000|100%| S|CS|TAMS 0x00000000e6500000, 0x00000000e6500000| Complete 
| 102|0x00000000e6600000, 0x00000000e6700000, 0x00000000e6700000|100%| S|CS|TAMS 0x00000000e6600000, 0x00000000e6600000| Complete 
| 103|0x00000000e6700000, 0x00000000e6700000, 0x00000000e6800000|  0%| F|  |TAMS 0x00000000e6700000, 0x00000000e6700000| Untracked 
| 104|0x00000000e6800000, 0x00000000e6800000, 0x00000000e6900000|  0%| F|  |TAMS 0x00000000e6800000, 0x00000000e6800000| Untracked 
| 105|0x00000000e6900000, 0x00000000e6900000, 0x00000000e6a00000|  0%| F|  |TAMS 0x00000000e6900000, 0x00000000e6900000| Untracked 
| 106|0x00000000e6a00000, 0x00000000e6a00000, 0x00000000e6b00000|  0%| F|  |TAMS 0x00000000e6a00000, 0x00000000e6a00000| Untracked 
| 107|0x00000000e6b00000, 0x00000000e6b00000, 0x00000000e6c00000|  0%| F|  |TAMS 0x00000000e6b00000, 0x00000000e6b00000| Untracked 
| 108|0x00000000e6c00000, 0x00000000e6c00000, 0x00000000e6d00000|  0%| F|  |TAMS 0x00000000e6c00000, 0x00000000e6c00000| Untracked 
| 109|0x00000000e6d00000, 0x00000000e6d00000, 0x00000000e6e00000|  0%| F|  |TAMS 0x00000000e6d00000, 0x00000000e6d00000| Untracked 
| 110|0x00000000e6e00000, 0x00000000e6e00000, 0x00000000e6f00000|  0%| F|  |TAMS 0x00000000e6e00000, 0x00000000e6e00000| Untracked 
| 111|0x00000000e6f00000, 0x00000000e6f00000, 0x00000000e7000000|  0%| F|  |TAMS 0x00000000e6f00000, 0x00000000e6f00000| Untracked 
| 112|0x00000000e7000000, 0x00000000e7000000, 0x00000000e7100000|  0%| F|  |TAMS 0x00000000e7000000, 0x00000000e7000000| Untracked 
| 113|0x00000000e7100000, 0x00000000e7100000, 0x00000000e7200000|  0%| F|  |TAMS 0x00000000e7100000, 0x00000000e7100000| Untracked 
| 114|0x00000000e7200000, 0x00000000e7200000, 0x00000000e7300000|  0%| F|  |TAMS 0x00000000e7200000, 0x00000000e7200000| Untracked 
| 115|0x00000000e7300000, 0x00000000e7300000, 0x00000000e7400000|  0%| F|  |TAMS 0x00000000e7300000, 0x00000000e7300000| Untracked 
| 116|0x00000000e7400000, 0x00000000e7400000, 0x00000000e7500000|  0%| F|  |TAMS 0x00000000e7400000, 0x00000000e7400000| Untracked 
| 117|0x00000000e7500000, 0x00000000e7500000, 0x00000000e7600000|  0%| F|  |TAMS 0x00000000e7500000, 0x00000000e7500000| Untracked 
| 118|0x00000000e7600000, 0x00000000e7600000, 0x00000000e7700000|  0%| F|  |TAMS 0x00000000e7600000, 0x00000000e7600000| Untracked 
| 119|0x00000000e7700000, 0x00000000e7700000, 0x00000000e7800000|  0%| F|  |TAMS 0x00000000e7700000, 0x00000000e7700000| Untracked 
| 120|0x00000000e7800000, 0x00000000e7800000, 0x00000000e7900000|  0%| F|  |TAMS 0x00000000e7800000, 0x00000000e7800000| Untracked 
| 121|0x00000000e7900000, 0x00000000e7900000, 0x00000000e7a00000|  0%| F|  |TAMS 0x00000000e7900000, 0x00000000e7900000| Untracked 
| 122|0x00000000e7a00000, 0x00000000e7a00000, 0x00000000e7b00000|  0%| F|  |TAMS 0x00000000e7a00000, 0x00000000e7a00000| Untracked 
| 123|0x00000000e7b00000, 0x00000000e7b00000, 0x00000000e7c00000|  0%| F|  |TAMS 0x00000000e7b00000, 0x00000000e7b00000| Untracked 
| 124|0x00000000e7c00000, 0x00000000e7c00000, 0x00000000e7d00000|  0%| F|  |TAMS 0x00000000e7c00000, 0x00000000e7c00000| Untracked 
| 125|0x00000000e7d00000, 0x00000000e7d00000, 0x00000000e7e00000|  0%| F|  |TAMS 0x00000000e7d00000, 0x00000000e7d00000| Untracked 
| 126|0x00000000e7e00000, 0x00000000e7e00000, 0x00000000e7f00000|  0%| F|  |TAMS 0x00000000e7e00000, 0x00000000e7e00000| Untracked 
| 127|0x00000000e7f00000, 0x00000000e7f00000, 0x00000000e8000000|  0%| F|  |TAMS 0x00000000e7f00000, 0x00000000e7f00000| Untracked 
| 128|0x00000000e8000000, 0x00000000e8000000, 0x00000000e8100000|  0%| F|  |TAMS 0x00000000e8000000, 0x00000000e8000000| Untracked 
| 129|0x00000000e8100000, 0x00000000e8100000, 0x00000000e8200000|  0%| F|  |TAMS 0x00000000e8100000, 0x00000000e8100000| Untracked 
| 130|0x00000000e8200000, 0x00000000e8200000, 0x00000000e8300000|  0%| F|  |TAMS 0x00000000e8200000, 0x00000000e8200000| Untracked 
| 131|0x00000000e8300000, 0x00000000e8300000, 0x00000000e8400000|  0%| F|  |TAMS 0x00000000e8300000, 0x00000000e8300000| Untracked 
| 132|0x00000000e8400000, 0x00000000e8400000, 0x00000000e8500000|  0%| F|  |TAMS 0x00000000e8400000, 0x00000000e8400000| Untracked 
| 133|0x00000000e8500000, 0x00000000e8500000, 0x00000000e8600000|  0%| F|  |TAMS 0x00000000e8500000, 0x00000000e8500000| Untracked 
| 134|0x00000000e8600000, 0x00000000e8600000, 0x00000000e8700000|  0%| F|  |TAMS 0x00000000e8600000, 0x00000000e8600000| Untracked 
| 135|0x00000000e8700000, 0x00000000e8700000, 0x00000000e8800000|  0%| F|  |TAMS 0x00000000e8700000, 0x00000000e8700000| Untracked 
| 136|0x00000000e8800000, 0x00000000e8800000, 0x00000000e8900000|  0%| F|  |TAMS 0x00000000e8800000, 0x00000000e8800000| Untracked 
| 137|0x00000000e8900000, 0x00000000e8900000, 0x00000000e8a00000|  0%| F|  |TAMS 0x00000000e8900000, 0x00000000e8900000| Untracked 
| 138|0x00000000e8a00000, 0x00000000e8a00000, 0x00000000e8b00000|  0%| F|  |TAMS 0x00000000e8a00000, 0x00000000e8a00000| Untracked 
| 139|0x00000000e8b00000, 0x00000000e8b00000, 0x00000000e8c00000|  0%| F|  |TAMS 0x00000000e8b00000, 0x00000000e8b00000| Untracked 
| 140|0x00000000e8c00000, 0x00000000e8c00000, 0x00000000e8d00000|  0%| F|  |TAMS 0x00000000e8c00000, 0x00000000e8c00000| Untracked 
| 141|0x00000000e8d00000, 0x00000000e8d00000, 0x00000000e8e00000|  0%| F|  |TAMS 0x00000000e8d00000, 0x00000000e8d00000| Untracked 
| 142|0x00000000e8e00000, 0x00000000e8e00000, 0x00000000e8f00000|  0%| F|  |TAMS 0x00000000e8e00000, 0x00000000e8e00000| Untracked 
| 143|0x00000000e8f00000, 0x00000000e8f00000, 0x00000000e9000000|  0%| F|  |TAMS 0x00000000e8f00000, 0x00000000e8f00000| Untracked 
| 144|0x00000000e9000000, 0x00000000e9000000, 0x00000000e9100000|  0%| F|  |TAMS 0x00000000e9000000, 0x00000000e9000000| Untracked 
| 145|0x00000000e9100000, 0x00000000e9100000, 0x00000000e9200000|  0%| F|  |TAMS 0x00000000e9100000, 0x00000000e9100000| Untracked 
| 146|0x00000000e9200000, 0x00000000e9200000, 0x00000000e9300000|  0%| F|  |TAMS 0x00000000e9200000, 0x00000000e9200000| Untracked 
| 147|0x00000000e9300000, 0x00000000e9300000, 0x00000000e9400000|  0%| F|  |TAMS 0x00000000e9300000, 0x00000000e9300000| Untracked 
| 148|0x00000000e9400000, 0x00000000e9400000, 0x00000000e9500000|  0%| F|  |TAMS 0x00000000e9400000, 0x00000000e9400000| Untracked 
| 149|0x00000000e9500000, 0x00000000e9500000, 0x00000000e9600000|  0%| F|  |TAMS 0x00000000e9500000, 0x00000000e9500000| Untracked 
| 150|0x00000000e9600000, 0x00000000e9600000, 0x00000000e9700000|  0%| F|  |TAMS 0x00000000e9600000, 0x00000000e9600000| Untracked 
| 151|0x00000000e9700000, 0x00000000e9700000, 0x00000000e9800000|  0%| F|  |TAMS 0x00000000e9700000, 0x00000000e9700000| Untracked 
| 152|0x00000000e9800000, 0x00000000e9800000, 0x00000000e9900000|  0%| F|  |TAMS 0x00000000e9800000, 0x00000000e9800000| Untracked 
| 153|0x00000000e9900000, 0x00000000e9900000, 0x00000000e9a00000|  0%| F|  |TAMS 0x00000000e9900000, 0x00000000e9900000| Untracked 
| 154|0x00000000e9a00000, 0x00000000e9a00000, 0x00000000e9b00000|  0%| F|  |TAMS 0x00000000e9a00000, 0x00000000e9a00000| Untracked 
| 155|0x00000000e9b00000, 0x00000000e9b00000, 0x00000000e9c00000|  0%| F|  |TAMS 0x00000000e9b00000, 0x00000000e9b00000| Untracked 
| 156|0x00000000e9c00000, 0x00000000e9c00000, 0x00000000e9d00000|  0%| F|  |TAMS 0x00000000e9c00000, 0x00000000e9c00000| Untracked 
| 157|0x00000000e9d00000, 0x00000000e9d00000, 0x00000000e9e00000|  0%| F|  |TAMS 0x00000000e9d00000, 0x00000000e9d00000| Untracked 
| 158|0x00000000e9e00000, 0x00000000e9e00000, 0x00000000e9f00000|  0%| F|  |TAMS 0x00000000e9e00000, 0x00000000e9e00000| Untracked 
| 159|0x00000000e9f00000, 0x00000000e9f00000, 0x00000000ea000000|  0%| F|  |TAMS 0x00000000e9f00000, 0x00000000e9f00000| Untracked 
| 160|0x00000000ea000000, 0x00000000ea000000, 0x00000000ea100000|  0%| F|  |TAMS 0x00000000ea000000, 0x00000000ea000000| Untracked 
| 161|0x00000000ea100000, 0x00000000ea100000, 0x00000000ea200000|  0%| F|  |TAMS 0x00000000ea100000, 0x00000000ea100000| Untracked 
| 162|0x00000000ea200000, 0x00000000ea200000, 0x00000000ea300000|  0%| F|  |TAMS 0x00000000ea200000, 0x00000000ea200000| Untracked 
| 163|0x00000000ea300000, 0x00000000ea300000, 0x00000000ea400000|  0%| F|  |TAMS 0x00000000ea300000, 0x00000000ea300000| Untracked 
| 164|0x00000000ea400000, 0x00000000ea400000, 0x00000000ea500000|  0%| F|  |TAMS 0x00000000ea400000, 0x00000000ea400000| Untracked 
| 165|0x00000000ea500000, 0x00000000ea500000, 0x00000000ea600000|  0%| F|  |TAMS 0x00000000ea500000, 0x00000000ea500000| Untracked 
| 166|0x00000000ea600000, 0x00000000ea600000, 0x00000000ea700000|  0%| F|  |TAMS 0x00000000ea600000, 0x00000000ea600000| Untracked 
| 167|0x00000000ea700000, 0x00000000ea700000, 0x00000000ea800000|  0%| F|  |TAMS 0x00000000ea700000, 0x00000000ea700000| Untracked 
| 168|0x00000000ea800000, 0x00000000ea800000, 0x00000000ea900000|  0%| F|  |TAMS 0x00000000ea800000, 0x00000000ea800000| Untracked 
| 169|0x00000000ea900000, 0x00000000ea900000, 0x00000000eaa00000|  0%| F|  |TAMS 0x00000000ea900000, 0x00000000ea900000| Untracked 
| 170|0x00000000eaa00000, 0x00000000eaa00000, 0x00000000eab00000|  0%| F|  |TAMS 0x00000000eaa00000, 0x00000000eaa00000| Untracked 
| 171|0x00000000eab00000, 0x00000000eab00000, 0x00000000eac00000|  0%| F|  |TAMS 0x00000000eab00000, 0x00000000eab00000| Untracked 
| 172|0x00000000eac00000, 0x00000000eac00000, 0x00000000ead00000|  0%| F|  |TAMS 0x00000000eac00000, 0x00000000eac00000| Untracked 
| 173|0x00000000ead00000, 0x00000000ead00000, 0x00000000eae00000|  0%| F|  |TAMS 0x00000000ead00000, 0x00000000ead00000| Untracked 
| 174|0x00000000eae00000, 0x00000000eae00000, 0x00000000eaf00000|  0%| F|  |TAMS 0x00000000eae00000, 0x00000000eae00000| Untracked 
| 175|0x00000000eaf00000, 0x00000000eaf00000, 0x00000000eb000000|  0%| F|  |TAMS 0x00000000eaf00000, 0x00000000eaf00000| Untracked 
| 176|0x00000000eb000000, 0x00000000eb000000, 0x00000000eb100000|  0%| F|  |TAMS 0x00000000eb000000, 0x00000000eb000000| Untracked 
| 177|0x00000000eb100000, 0x00000000eb100000, 0x00000000eb200000|  0%| F|  |TAMS 0x00000000eb100000, 0x00000000eb100000| Untracked 
| 178|0x00000000eb200000, 0x00000000eb200000, 0x00000000eb300000|  0%| F|  |TAMS 0x00000000eb200000, 0x00000000eb200000| Untracked 
| 179|0x00000000eb300000, 0x00000000eb300000, 0x00000000eb400000|  0%| F|  |TAMS 0x00000000eb300000, 0x00000000eb300000| Untracked 
| 180|0x00000000eb400000, 0x00000000eb400000, 0x00000000eb500000|  0%| F|  |TAMS 0x00000000eb400000, 0x00000000eb400000| Untracked 
| 181|0x00000000eb500000, 0x00000000eb500000, 0x00000000eb600000|  0%| F|  |TAMS 0x00000000eb500000, 0x00000000eb500000| Untracked 
| 182|0x00000000eb600000, 0x00000000eb600000, 0x00000000eb700000|  0%| F|  |TAMS 0x00000000eb600000, 0x00000000eb600000| Untracked 
| 183|0x00000000eb700000, 0x00000000eb700000, 0x00000000eb800000|  0%| F|  |TAMS 0x00000000eb700000, 0x00000000eb700000| Untracked 
| 184|0x00000000eb800000, 0x00000000eb800000, 0x00000000eb900000|  0%| F|  |TAMS 0x00000000eb800000, 0x00000000eb800000| Untracked 
| 185|0x00000000eb900000, 0x00000000eb900000, 0x00000000eba00000|  0%| F|  |TAMS 0x00000000eb900000, 0x00000000eb900000| Untracked 
| 186|0x00000000eba00000, 0x00000000eba00000, 0x00000000ebb00000|  0%| F|  |TAMS 0x00000000eba00000, 0x00000000eba00000| Untracked 
| 187|0x00000000ebb00000, 0x00000000ebb00000, 0x00000000ebc00000|  0%| F|  |TAMS 0x00000000ebb00000, 0x00000000ebb00000| Untracked 
| 188|0x00000000ebc00000, 0x00000000ebc00000, 0x00000000ebd00000|  0%| F|  |TAMS 0x00000000ebc00000, 0x00000000ebc00000| Untracked 
| 189|0x00000000ebd00000, 0x00000000ebd00000, 0x00000000ebe00000|  0%| F|  |TAMS 0x00000000ebd00000, 0x00000000ebd00000| Untracked 
| 190|0x00000000ebe00000, 0x00000000ebe00000, 0x00000000ebf00000|  0%| F|  |TAMS 0x00000000ebe00000, 0x00000000ebe00000| Untracked 
| 191|0x00000000ebf00000, 0x00000000ebf00000, 0x00000000ec000000|  0%| F|  |TAMS 0x00000000ebf00000, 0x00000000ebf00000| Untracked 
| 192|0x00000000ec000000, 0x00000000ec000000, 0x00000000ec100000|  0%| F|  |TAMS 0x00000000ec000000, 0x00000000ec000000| Untracked 
| 193|0x00000000ec100000, 0x00000000ec100800, 0x00000000ec200000|  0%| E|  |TAMS 0x00000000ec100000, 0x00000000ec100000| Complete 
| 194|0x00000000ec200000, 0x00000000ec300000, 0x00000000ec300000|100%| E|CS|TAMS 0x00000000ec200000, 0x00000000ec200000| Complete 
| 195|0x00000000ec300000, 0x00000000ec400000, 0x00000000ec400000|100%| E|CS|TAMS 0x00000000ec300000, 0x00000000ec300000| Complete 
| 196|0x00000000ec400000, 0x00000000ec500000, 0x00000000ec500000|100%| E|CS|TAMS 0x00000000ec400000, 0x00000000ec400000| Complete 
| 197|0x00000000ec500000, 0x00000000ec600000, 0x00000000ec600000|100%| E|CS|TAMS 0x00000000ec500000, 0x00000000ec500000| Complete 
| 198|0x00000000ec600000, 0x00000000ec700000, 0x00000000ec700000|100%| E|CS|TAMS 0x00000000ec600000, 0x00000000ec600000| Complete 
| 199|0x00000000ec700000, 0x00000000ec800000, 0x00000000ec800000|100%| E|CS|TAMS 0x00000000ec700000, 0x00000000ec700000| Complete 
| 200|0x00000000ec800000, 0x00000000ec900000, 0x00000000ec900000|100%| E|CS|TAMS 0x00000000ec800000, 0x00000000ec800000| Complete 
| 201|0x00000000ec900000, 0x00000000eca00000, 0x00000000eca00000|100%| E|CS|TAMS 0x00000000ec900000, 0x00000000ec900000| Complete 
| 202|0x00000000eca00000, 0x00000000ecb00000, 0x00000000ecb00000|100%| E|CS|TAMS 0x00000000eca00000, 0x00000000eca00000| Complete 
| 203|0x00000000ecb00000, 0x00000000ecc00000, 0x00000000ecc00000|100%| E|CS|TAMS 0x00000000ecb00000, 0x00000000ecb00000| Complete 
| 204|0x00000000ecc00000, 0x00000000ecd00000, 0x00000000ecd00000|100%| E|CS|TAMS 0x00000000ecc00000, 0x00000000ecc00000| Complete 
| 205|0x00000000ecd00000, 0x00000000ece00000, 0x00000000ece00000|100%| E|CS|TAMS 0x00000000ecd00000, 0x00000000ecd00000| Complete 
| 206|0x00000000ece00000, 0x00000000ecf00000, 0x00000000ecf00000|100%| E|CS|TAMS 0x00000000ece00000, 0x00000000ece00000| Complete 
| 207|0x00000000ecf00000, 0x00000000ed000000, 0x00000000ed000000|100%| E|CS|TAMS 0x00000000ecf00000, 0x00000000ecf00000| Complete 
| 208|0x00000000ed000000, 0x00000000ed100000, 0x00000000ed100000|100%| E|CS|TAMS 0x00000000ed000000, 0x00000000ed000000| Complete 
| 209|0x00000000ed100000, 0x00000000ed200000, 0x00000000ed200000|100%| E|CS|TAMS 0x00000000ed100000, 0x00000000ed100000| Complete 
| 210|0x00000000ed200000, 0x00000000ed300000, 0x00000000ed300000|100%| E|CS|TAMS 0x00000000ed200000, 0x00000000ed200000| Complete 
| 211|0x00000000ed300000, 0x00000000ed400000, 0x00000000ed400000|100%| E|CS|TAMS 0x00000000ed300000, 0x00000000ed300000| Complete 
| 212|0x00000000ed400000, 0x00000000ed500000, 0x00000000ed500000|100%| E|CS|TAMS 0x00000000ed400000, 0x00000000ed400000| Complete 
| 213|0x00000000ed500000, 0x00000000ed600000, 0x00000000ed600000|100%| E|CS|TAMS 0x00000000ed500000, 0x00000000ed500000| Complete 
| 214|0x00000000ed600000, 0x00000000ed700000, 0x00000000ed700000|100%| E|CS|TAMS 0x00000000ed600000, 0x00000000ed600000| Complete 
| 215|0x00000000ed700000, 0x00000000ed800000, 0x00000000ed800000|100%| E|CS|TAMS 0x00000000ed700000, 0x00000000ed700000| Complete 
| 216|0x00000000ed800000, 0x00000000ed900000, 0x00000000ed900000|100%| E|CS|TAMS 0x00000000ed800000, 0x00000000ed800000| Complete 
| 217|0x00000000ed900000, 0x00000000eda00000, 0x00000000eda00000|100%| E|CS|TAMS 0x00000000ed900000, 0x00000000ed900000| Complete 
| 218|0x00000000eda00000, 0x00000000edb00000, 0x00000000edb00000|100%| E|CS|TAMS 0x00000000eda00000, 0x00000000eda00000| Complete 
| 219|0x00000000edb00000, 0x00000000edc00000, 0x00000000edc00000|100%| E|CS|TAMS 0x00000000edb00000, 0x00000000edb00000| Complete 
| 220|0x00000000edc00000, 0x00000000edd00000, 0x00000000edd00000|100%| E|CS|TAMS 0x00000000edc00000, 0x00000000edc00000| Complete 
| 221|0x00000000edd00000, 0x00000000ede00000, 0x00000000ede00000|100%| E|CS|TAMS 0x00000000edd00000, 0x00000000edd00000| Complete 
| 222|0x00000000ede00000, 0x00000000edf00000, 0x00000000edf00000|100%| E|CS|TAMS 0x00000000ede00000, 0x00000000ede00000| Complete 
| 223|0x00000000edf00000, 0x00000000ee000000, 0x00000000ee000000|100%| E|CS|TAMS 0x00000000edf00000, 0x00000000edf00000| Complete 
| 224|0x00000000ee000000, 0x00000000ee100000, 0x00000000ee100000|100%| E|CS|TAMS 0x00000000ee000000, 0x00000000ee000000| Complete 
| 225|0x00000000ee100000, 0x00000000ee200000, 0x00000000ee200000|100%| E|CS|TAMS 0x00000000ee100000, 0x00000000ee100000| Complete 
| 226|0x00000000ee200000, 0x00000000ee300000, 0x00000000ee300000|100%| E|CS|TAMS 0x00000000ee200000, 0x00000000ee200000| Complete 
| 227|0x00000000ee300000, 0x00000000ee400000, 0x00000000ee400000|100%| E|CS|TAMS 0x00000000ee300000, 0x00000000ee300000| Complete 
| 228|0x00000000ee400000, 0x00000000ee500000, 0x00000000ee500000|100%| E|CS|TAMS 0x00000000ee400000, 0x00000000ee400000| Complete 
| 229|0x00000000ee500000, 0x00000000ee600000, 0x00000000ee600000|100%| E|CS|TAMS 0x00000000ee500000, 0x00000000ee500000| Complete 
| 230|0x00000000ee600000, 0x00000000ee700000, 0x00000000ee700000|100%| E|CS|TAMS 0x00000000ee600000, 0x00000000ee600000| Complete 
| 231|0x00000000ee700000, 0x00000000ee800000, 0x00000000ee800000|100%| E|CS|TAMS 0x00000000ee700000, 0x00000000ee700000| Complete 
| 232|0x00000000ee800000, 0x00000000ee900000, 0x00000000ee900000|100%| E|CS|TAMS 0x00000000ee800000, 0x00000000ee800000| Complete 
| 233|0x00000000ee900000, 0x00000000eea00000, 0x00000000eea00000|100%| E|CS|TAMS 0x00000000ee900000, 0x00000000ee900000| Complete 
| 234|0x00000000eea00000, 0x00000000eeb00000, 0x00000000eeb00000|100%| E|CS|TAMS 0x00000000eea00000, 0x00000000eea00000| Complete 
| 235|0x00000000eeb00000, 0x00000000eec00000, 0x00000000eec00000|100%| E|CS|TAMS 0x00000000eeb00000, 0x00000000eeb00000| Complete 
| 236|0x00000000eec00000, 0x00000000eed00000, 0x00000000eed00000|100%| E|CS|TAMS 0x00000000eec00000, 0x00000000eec00000| Complete 
| 237|0x00000000eed00000, 0x00000000eee00000, 0x00000000eee00000|100%| E|CS|TAMS 0x00000000eed00000, 0x00000000eed00000| Complete 
| 238|0x00000000eee00000, 0x00000000eef00000, 0x00000000eef00000|100%| E|CS|TAMS 0x00000000eee00000, 0x00000000eee00000| Complete 
| 239|0x00000000eef00000, 0x00000000ef000000, 0x00000000ef000000|100%| E|CS|TAMS 0x00000000eef00000, 0x00000000eef00000| Complete 
| 240|0x00000000ef000000, 0x00000000ef100000, 0x00000000ef100000|100%| E|CS|TAMS 0x00000000ef000000, 0x00000000ef000000| Complete 
| 241|0x00000000ef100000, 0x00000000ef200000, 0x00000000ef200000|100%| E|CS|TAMS 0x00000000ef100000, 0x00000000ef100000| Complete 
| 242|0x00000000ef200000, 0x00000000ef300000, 0x00000000ef300000|100%| E|CS|TAMS 0x00000000ef200000, 0x00000000ef200000| Complete 
| 243|0x00000000ef300000, 0x00000000ef400000, 0x00000000ef400000|100%| E|CS|TAMS 0x00000000ef300000, 0x00000000ef300000| Complete 
| 244|0x00000000ef400000, 0x00000000ef500000, 0x00000000ef500000|100%| E|CS|TAMS 0x00000000ef400000, 0x00000000ef400000| Complete 
| 245|0x00000000ef500000, 0x00000000ef600000, 0x00000000ef600000|100%| E|CS|TAMS 0x00000000ef500000, 0x00000000ef500000| Complete 
| 246|0x00000000ef600000, 0x00000000ef700000, 0x00000000ef700000|100%| E|CS|TAMS 0x00000000ef600000, 0x00000000ef600000| Complete 
| 247|0x00000000ef700000, 0x00000000ef800000, 0x00000000ef800000|100%| E|CS|TAMS 0x00000000ef700000, 0x00000000ef700000| Complete 
| 248|0x00000000ef800000, 0x00000000ef900000, 0x00000000ef900000|100%| E|CS|TAMS 0x00000000ef800000, 0x00000000ef800000| Complete 
| 249|0x00000000ef900000, 0x00000000efa00000, 0x00000000efa00000|100%| E|CS|TAMS 0x00000000ef900000, 0x00000000ef900000| Complete 
| 250|0x00000000efa00000, 0x00000000efb00000, 0x00000000efb00000|100%| E|CS|TAMS 0x00000000efa00000, 0x00000000efa00000| Complete 
| 251|0x00000000efb00000, 0x00000000efc00000, 0x00000000efc00000|100%| E|CS|TAMS 0x00000000efb00000, 0x00000000efb00000| Complete 
| 252|0x00000000efc00000, 0x00000000efd00000, 0x00000000efd00000|100%| E|CS|TAMS 0x00000000efc00000, 0x00000000efc00000| Complete 
| 253|0x00000000efd00000, 0x00000000efe00000, 0x00000000efe00000|100%| E|CS|TAMS 0x00000000efd00000, 0x00000000efd00000| Complete 
| 254|0x00000000efe00000, 0x00000000eff00000, 0x00000000eff00000|100%| E|CS|TAMS 0x00000000efe00000, 0x00000000efe00000| Complete 
| 255|0x00000000eff00000, 0x00000000f0000000, 0x00000000f0000000|100%| E|CS|TAMS 0x00000000eff00000, 0x00000000eff00000| Complete 

Card table byte_map: [0x000002b8c6a30000,0x000002b8c6b30000] _byte_map_base: 0x000002b8c6330000

Marking Bits (Prev, Next): (CMBitMap*) 0x000002b8c6d3c3b0, (CMBitMap*) 0x000002b8c6d3c3f0
 Prev Bits: [0x000002b8de6f0000, 0x000002b8deef0000)
 Next Bits: [0x000002b8deef0000, 0x000002b8df6f0000)

Polling page: 0x000002b8c6500000

Metaspace:

Usage:
  Non-class:     49.73 MB used.
      Class:      7.52 MB used.
       Both:     57.25 MB used.

Virtual space:
  Non-class space:       56.00 MB reserved,      50.06 MB ( 89%) committed,  7 nodes.
      Class space:      208.00 MB reserved,       7.75 MB (  4%) committed,  1 nodes.
              Both:      264.00 MB reserved,      57.81 MB ( 22%) committed. 

Chunk freelists:
   Non-Class:  1.86 MB
       Class:  198.00 KB
        Both:  2.05 MB

MaxMetaspaceSize: 256.00 MB
CompressedClassSpaceSize: 208.00 MB
 - commit_granule_bytes: 65536.
 - commit_granule_words: 8192.
 - virtual_space_node_default_size: 1048576.
 - enlarge_chunks_in_place: 1.
 - new_chunks_are_fully_committed: 0.
 - uncommit_free_chunks: 1.
 - use_allocation_guard: 0.
 - handle_deallocations: 1.


Internal statistics:

num_allocs_failed_limit: 6.
num_arena_births: 598.
num_arena_deaths: 0.
num_vsnodes_births: 8.
num_vsnodes_deaths: 0.
num_space_committed: 925.
num_space_uncommitted: 0.
num_chunks_returned_to_freelist: 6.
num_chunks_taken_from_freelist: 2899.
num_chunk_merges: 6.
num_chunk_splits: 1904.
num_chunks_enlarged: 1308.
num_purges: 0.

CodeHeap 'non-profiled nmethods': size=120064Kb used=3968Kb max_used=3968Kb free=116095Kb
 bounds [0x000002b8d71b0000, 0x000002b8d75a0000, 0x000002b8de6f0000]
CodeHeap 'profiled nmethods': size=120000Kb used=16756Kb max_used=16756Kb free=103243Kb
 bounds [0x000002b8cfc80000, 0x000002b8d0ce0000, 0x000002b8d71b0000]
CodeHeap 'non-nmethods': size=5696Kb used=2347Kb max_used=2411Kb free=3349Kb
 bounds [0x000002b8cf6f0000, 0x000002b8cf970000, 0x000002b8cfc80000]
 total_blobs=8292 nmethods=7424 adapters=781
 compilation: enabled
              stopped_count=0, restarted_count=0
 full_count=0

Compilation events (20 events):
Event: 83.567 Thread 0x000002b8e1a8e440 8272       4       java.lang.Integer::stringSize (47 bytes)
Event: 83.568 Thread 0x000002b8e1a8e440 nmethod 8272 0x000002b8d758b790 code [0x000002b8d758b900, 0x000002b8d758b9f8]
Event: 83.568 Thread 0x000002b8e1a8e440 8273       4       java.lang.Integer::getChars (131 bytes)
Event: 83.575 Thread 0x000002b8e1a8e440 nmethod 8273 0x000002b8d758ba90 code [0x000002b8d758bc20, 0x000002b8d758c018]
Event: 83.577 Thread 0x000002b8e1a9c1e0 8274       3       kotlin.reflect.jvm.internal.impl.name.FqName::<init> (26 bytes)
Event: 83.578 Thread 0x000002b8e1a9c1e0 nmethod 8274 0x000002b8d0cc0510 code [0x000002b8d0cc0700, 0x000002b8d0cc0b98]
Event: 83.588 Thread 0x000002b8e1a9c1e0 8275       1       java.lang.Thread::getId (5 bytes)
Event: 83.588 Thread 0x000002b8e1a9c1e0 nmethod 8275 0x000002b8d758c210 code [0x000002b8d758c3a0, 0x000002b8d758c478]
Event: 83.660 Thread 0x000002b8e1a8e440 8276       4       org.gradle.internal.logging.text.AbstractLineChoppingStyledTextOutput::doAppend (43 bytes)
Event: 83.676 Thread 0x000002b8e1a8e440 nmethod 8276 0x000002b8d758c510 code [0x000002b8d758c740, 0x000002b8d758d180]
Event: 83.738 Thread 0x000002b8e1a9c1e0 8278       3       org.gradle.internal.file.DefaultFileHierarchySet$Node::isChildOfOrThis (110 bytes)
Event: 83.739 Thread 0x000002b8e1a9c1e0 nmethod 8278 0x000002b8d0cc0d10 code [0x000002b8d0cc1040, 0x000002b8d0cc2618]
Event: 83.740 Thread 0x000002b8e1a9c1e0 8279       1       org.gradle.internal.snapshot.AbstractFileSystemLocationSnapshot::getAccessType (5 bytes)
Event: 83.740 Thread 0x000002b8e1a9c1e0 nmethod 8279 0x000002b8d758dc90 code [0x000002b8d758de20, 0x000002b8d758def8]
Event: 83.740 Thread 0x000002b8e1a9c1e0 8280       3       org.gradle.internal.snapshot.FileSystemLeafSnapshot::accept (8 bytes)
Event: 83.740 Thread 0x000002b8e1a9c1e0 nmethod 8280 0x000002b8d0cc2f10 code [0x000002b8d0cc30c0, 0x000002b8d0cc32a8]
Event: 83.740 Thread 0x000002b8e1a9c1e0 8281       3       org.gradle.internal.snapshot.DirectorySnapshot$$Lambda$832/0x000000080126afb8::accept (16 bytes)
Event: 83.741 Thread 0x000002b8e1a9c1e0 nmethod 8281 0x000002b8d0cc3390 code [0x000002b8d0cc3560, 0x000002b8d0cc39c8]
Event: 83.773 Thread 0x000002b8e1a9c1e0 8282       3       org.gradle.internal.snapshot.RegularFileSnapshot::getType (4 bytes)
Event: 83.773 Thread 0x000002b8e1a9c1e0 nmethod 8282 0x000002b8d0cc3b10 code [0x000002b8d0cc3ca0, 0x000002b8d0cc3db8]

GC Heap History (16 events):
Event: 4.330 GC heap before
{Heap before GC invocations=0 (full 0):
 garbage-first heap   total 262144K, used 14336K [0x00000000e0000000, 0x0000000100000000)
  region size 1024K, 12 young (12288K), 0 survivors (0K)
 Metaspace       used 1086K, committed 1216K, reserved 221184K
  class space    used 73K, committed 128K, reserved 212992K
}
Event: 4.336 GC heap after
{Heap after GC invocations=1 (full 0):
 garbage-first heap   total 262144K, used 3579K [0x00000000e0000000, 0x0000000100000000)
  region size 1024K, 2 young (2048K), 2 survivors (2048K)
 Metaspace       used 1086K, committed 1216K, reserved 221184K
  class space    used 73K, committed 128K, reserved 212992K
}
Event: 6.100 GC heap before
{Heap before GC invocations=1 (full 0):
 garbage-first heap   total 262144K, used 15867K [0x00000000e0000000, 0x0000000100000000)
  region size 1024K, 12 young (12288K), 2 survivors (2048K)
 Metaspace       used 3279K, committed 3392K, reserved 221184K
  class space    used 386K, committed 448K, reserved 212992K
}
Event: 6.106 GC heap after
{Heap after GC invocations=2 (full 0):
 garbage-first heap   total 262144K, used 9115K [0x00000000e0000000, 0x0000000100000000)
  region size 1024K, 2 young (2048K), 2 survivors (2048K)
 Metaspace       used 3279K, committed 3392K, reserved 221184K
  class space    used 386K, committed 448K, reserved 212992K
}
Event: 6.396 GC heap before
{Heap before GC invocations=2 (full 0):
 garbage-first heap   total 262144K, used 19355K [0x00000000e0000000, 0x0000000100000000)
  region size 1024K, 13 young (13312K), 2 survivors (2048K)
 Metaspace       used 4131K, committed 4288K, reserved 221184K
  class space    used 481K, committed 576K, reserved 212992K
}
Event: 6.398 GC heap after
{Heap after GC invocations=3 (full 0):
 garbage-first heap   total 262144K, used 9730K [0x00000000e0000000, 0x0000000100000000)
  region size 1024K, 1 young (1024K), 1 survivors (1024K)
 Metaspace       used 4131K, committed 4288K, reserved 221184K
  class space    used 481K, committed 576K, reserved 212992K
}
Event: 10.462 GC heap before
{Heap before GC invocations=3 (full 0):
 garbage-first heap   total 262144K, used 31234K [0x00000000e0000000, 0x0000000100000000)
  region size 1024K, 22 young (22528K), 1 survivors (1024K)
 Metaspace       used 4239K, committed 4416K, reserved 221184K
  class space    used 481K, committed 576K, reserved 212992K
}
Event: 10.465 GC heap after
{Heap after GC invocations=4 (full 0):
 garbage-first heap   total 262144K, used 13010K [0x00000000e0000000, 0x0000000100000000)
  region size 1024K, 3 young (3072K), 3 survivors (3072K)
 Metaspace       used 4239K, committed 4416K, reserved 221184K
  class space    used 481K, committed 576K, reserved 212992K
}
Event: 15.504 GC heap before
{Heap before GC invocations=4 (full 0):
 garbage-first heap   total 262144K, used 112338K [0x00000000e0000000, 0x0000000100000000)
  region size 1024K, 101 young (103424K), 3 survivors (3072K)
 Metaspace       used 20948K, committed 21248K, reserved 237568K
  class space    used 3011K, committed 3136K, reserved 212992K
}
Event: 15.521 GC heap after
{Heap after GC invocations=5 (full 0):
 garbage-first heap   total 262144K, used 20178K [0x00000000e0000000, 0x0000000100000000)
  region size 1024K, 10 young (10240K), 10 survivors (10240K)
 Metaspace       used 20948K, committed 21248K, reserved 237568K
  class space    used 3011K, committed 3136K, reserved 212992K
}
Event: 18.648 GC heap before
{Heap before GC invocations=6 (full 0):
 garbage-first heap   total 262144K, used 109266K [0x00000000e0000000, 0x0000000100000000)
  region size 1024K, 95 young (97280K), 10 survivors (10240K)
 Metaspace       used 33473K, committed 33856K, reserved 245760K
  class space    used 4467K, committed 4672K, reserved 212992K
}
Event: 18.677 GC heap after
{Heap after GC invocations=7 (full 0):
 garbage-first heap   total 262144K, used 28947K [0x00000000e0000000, 0x0000000100000000)
  region size 1024K, 9 young (9216K), 9 survivors (9216K)
 Metaspace       used 33473K, committed 33856K, reserved 245760K
  class space    used 4467K, committed 4672K, reserved 212992K
}
Event: 19.133 GC heap before
{Heap before GC invocations=7 (full 0):
 garbage-first heap   total 262144K, used 40211K [0x00000000e0000000, 0x0000000100000000)
  region size 1024K, 20 young (20480K), 9 survivors (9216K)
 Metaspace       used 35196K, committed 35520K, reserved 245760K
  class space    used 4636K, committed 4800K, reserved 212992K
}
Event: 19.149 GC heap after
{Heap after GC invocations=8 (full 0):
 garbage-first heap   total 262144K, used 29167K [0x00000000e0000000, 0x0000000100000000)
  region size 1024K, 1 young (1024K), 1 survivors (1024K)
 Metaspace       used 35196K, committed 35520K, reserved 245760K
  class space    used 4636K, committed 4800K, reserved 212992K
}
Event: 33.377 GC heap before
{Heap before GC invocations=9 (full 0):
 garbage-first heap   total 262144K, used 183791K [0x00000000e0000000, 0x0000000100000000)
  region size 1024K, 153 young (156672K), 1 survivors (1024K)
 Metaspace       used 54148K, committed 54656K, reserved 262144K
  class space    used 7269K, committed 7488K, reserved 212992K
}
Event: 33.435 GC heap after
{Heap after GC invocations=10 (full 0):
 garbage-first heap   total 262144K, used 47599K [0x00000000e0000000, 0x0000000100000000)
  region size 1024K, 19 young (19456K), 19 survivors (19456K)
 Metaspace       used 54148K, committed 54656K, reserved 262144K
  class space    used 7269K, committed 7488K, reserved 212992K
}

Deoptimization events (20 events):
Event: 48.367 Thread 0x000002b8e6228ad0 Uncommon trap: trap_request=0xffffffc6 fr.pc=0x000002b8d74adb44 relative=0x00000000000009a4
Event: 48.367 Thread 0x000002b8e6228ad0 Uncommon trap: reason=bimorphic_or_optimized_type_check action=maybe_recompile pc=0x000002b8d74adb44 method=java.io.BufferedInputStream.read1([BII)I @ 39 c2
Event: 48.367 Thread 0x000002b8e6228ad0 DEOPT PACKING pc=0x000002b8d74adb44 sp=0x000000f642bfeb10
Event: 48.367 Thread 0x000002b8e6228ad0 DEOPT UNPACKING pc=0x000002b8cf73d728 sp=0x000000f642bfea28 mode 2
Event: 48.368 Thread 0x000002b8e6228ad0 Uncommon trap: trap_request=0xffffffc6 fr.pc=0x000002b8d74adb44 relative=0x00000000000009a4
Event: 48.368 Thread 0x000002b8e6228ad0 Uncommon trap: reason=bimorphic_or_optimized_type_check action=maybe_recompile pc=0x000002b8d74adb44 method=java.io.BufferedInputStream.read1([BII)I @ 39 c2
Event: 48.368 Thread 0x000002b8e6228ad0 DEOPT PACKING pc=0x000002b8d74adb44 sp=0x000000f642bfeb10
Event: 48.368 Thread 0x000002b8e6228ad0 DEOPT UNPACKING pc=0x000002b8cf73d728 sp=0x000000f642bfea28 mode 2
Event: 48.847 Thread 0x000002b8e6228ad0 Uncommon trap: trap_request=0xffffff45 fr.pc=0x000002b8d7567184 relative=0x0000000000000424
Event: 48.847 Thread 0x000002b8e6228ad0 Uncommon trap: reason=unstable_if action=reinterpret pc=0x000002b8d7567184 method=org.gradle.internal.logging.text.AbstractLineChoppingStyledTextOutput$2.execute(Lorg/gradle/internal/logging/text/AbstractLineChoppingStyledTextOutput$StateContext;)V @ 30 c
Event: 48.847 Thread 0x000002b8e6228ad0 DEOPT PACKING pc=0x000002b8d7567184 sp=0x000000f642bfdc60
Event: 48.847 Thread 0x000002b8e6228ad0 DEOPT UNPACKING pc=0x000002b8cf73d728 sp=0x000000f642bfdb50 mode 2
Event: 83.731 Thread 0x000002b8e2698350 Uncommon trap: trap_request=0xffffffde fr.pc=0x000002b8d73cc014 relative=0x00000000000008b4
Event: 83.731 Thread 0x000002b8e2698350 Uncommon trap: reason=class_check action=maybe_recompile pc=0x000002b8d73cc014 method=java.util.stream.StreamSpliterators$AbstractWrappingSpliterator.doAdvance()Z @ 37 c2
Event: 83.731 Thread 0x000002b8e2698350 DEOPT PACKING pc=0x000002b8d73cc014 sp=0x000000f640afc170
Event: 83.731 Thread 0x000002b8e2698350 DEOPT UNPACKING pc=0x000002b8cf73d728 sp=0x000000f640afc070 mode 2
Event: 83.731 Thread 0x000002b8e2698350 Uncommon trap: trap_request=0xffffffde fr.pc=0x000002b8d73cbde4 relative=0x0000000000000684
Event: 83.731 Thread 0x000002b8e2698350 Uncommon trap: reason=class_check action=maybe_recompile pc=0x000002b8d73cbde4 method=java.util.stream.StreamSpliterators$WrappingSpliterator.lambda$initPartialTraversalState$0()Z @ 8 c2
Event: 83.731 Thread 0x000002b8e2698350 DEOPT PACKING pc=0x000002b8d73cbde4 sp=0x000000f640afc170
Event: 83.731 Thread 0x000002b8e2698350 DEOPT UNPACKING pc=0x000002b8cf73d728 sp=0x000000f640afbf50 mode 2

Classes unloaded (0 events):
No events

Classes redefined (0 events):
No events

Internal exceptions (20 events):
Event: 47.327 Thread 0x000002b8e2699de0 Exception <a 'java/lang/NoSuchMethodError'{0x00000000ecce0330}: static Lorg/gradle/internal/build/event/types/AbstractTaskResult;.<clinit>()V> (0x00000000ecce0330) 
thrown [c:\wsjdk\correttojdksrc\installers\windows\zip\corretto-build\buildroot\src\hotspot\share\prims\jni.cpp, line 1210]
Event: 47.327 Thread 0x000002b8e2699de0 Exception <a 'java/lang/NoSuchMethodError'{0x00000000ecce1910}: static Lorg/gradle/internal/build/event/types/AbstractResult;.<clinit>()V> (0x00000000ecce1910) 
thrown [c:\wsjdk\correttojdksrc\installers\windows\zip\corretto-build\buildroot\src\hotspot\share\prims\jni.cpp, line 1210]
Event: 47.335 Thread 0x000002b8e2699de0 Exception <a 'java/lang/NoSuchMethodError'{0x00000000eccfd570}: static [Ljava/lang/Object;.<clinit>()V> (0x00000000eccfd570) 
thrown [c:\wsjdk\correttojdksrc\installers\windows\zip\corretto-build\buildroot\src\hotspot\share\prims\jni.cpp, line 1210]
Event: 47.486 Thread 0x000002b8e2698350 Exception <a 'java/lang/ClassNotFoundException'{0x00000000eca1c310}: org/gradle/api/internal/file/collections/DefaultConfigurableFileCollectionBeanInfo> (0x00000000eca1c310) 
thrown [c:\wsjdk\correttojdksrc\installers\windows\zip\corretto-build\buildroot\src\hotspot\share\classfile\systemDictionary.cpp, line 256]
Event: 47.487 Thread 0x000002b8e2698350 Exception <a 'java/lang/ClassNotFoundException'{0x00000000eca25760}: org/gradle/api/internal/file/CompositeFileCollectionBeanInfo> (0x00000000eca25760) 
thrown [c:\wsjdk\correttojdksrc\installers\windows\zip\corretto-build\buildroot\src\hotspot\share\classfile\systemDictionary.cpp, line 256]
Event: 47.487 Thread 0x000002b8e2698350 Exception <a 'java/lang/ClassNotFoundException'{0x00000000eca2eba0}: org/gradle/api/internal/file/AbstractFileCollectionBeanInfo> (0x00000000eca2eba0) 
thrown [c:\wsjdk\correttojdksrc\installers\windows\zip\corretto-build\buildroot\src\hotspot\share\classfile\systemDictionary.cpp, line 256]
Event: 47.487 Thread 0x000002b8e2698350 Exception <a 'java/lang/ClassNotFoundException'{0x00000000eca37fb0}: org/gradle/api/internal/file/AbstractFileCollectionCustomizer> (0x00000000eca37fb0) 
thrown [c:\wsjdk\correttojdksrc\installers\windows\zip\corretto-build\buildroot\src\hotspot\share\classfile\systemDictionary.cpp, line 256]
Event: 47.488 Thread 0x000002b8e2698350 Exception <a 'java/lang/ClassNotFoundException'{0x00000000eca53208}: org/gradle/api/internal/file/CompositeFileCollectionCustomizer> (0x00000000eca53208) 
thrown [c:\wsjdk\correttojdksrc\installers\windows\zip\corretto-build\buildroot\src\hotspot\share\classfile\systemDictionary.cpp, line 256]
Event: 47.490 Thread 0x000002b8e2698350 Exception <a 'java/lang/ClassNotFoundException'{0x00000000eca64db8}: org/gradle/api/internal/file/collections/DefaultConfigurableFileCollectionCustomizer> (0x00000000eca64db8) 
thrown [c:\wsjdk\correttojdksrc\installers\windows\zip\corretto-build\buildroot\src\hotspot\share\classfile\systemDictionary.cpp, line 256]
Event: 47.513 Thread 0x000002b8e2698350 Exception <a 'java/lang/ClassNotFoundException'{0x00000000ecae5640}: java/io/FileBeanInfo> (0x00000000ecae5640) 
thrown [c:\wsjdk\correttojdksrc\installers\windows\zip\corretto-build\buildroot\src\hotspot\share\classfile\systemDictionary.cpp, line 256]
Event: 47.513 Thread 0x000002b8e2698350 Exception <a 'java/lang/ClassNotFoundException'{0x00000000ecaeafb8}: java/io/FileCustomizer> (0x00000000ecaeafb8) 
thrown [c:\wsjdk\correttojdksrc\installers\windows\zip\corretto-build\buildroot\src\hotspot\share\classfile\systemDictionary.cpp, line 256]
Event: 47.515 Thread 0x000002b8e2698350 Implicit null exception at 0x000002b8d738ddad to 0x000002b8d738e25c
Event: 47.516 Thread 0x000002b8e2698350 Implicit null exception at 0x000002b8d742ccb2 to 0x000002b8d742d5e8
Event: 47.520 Thread 0x000002b8e2698350 Exception <a 'java/lang/NoSuchMethodError'{0x00000000ec9666d8}: 'void java.lang.invoke.DirectMethodHandle$Holder.invokeInterface(java.lang.Object, java.lang.Object, java.lang.Object, java.lang.Object)'> (0x00000000ec9666d8) 
thrown [c:\wsjdk\correttojdksrc\installers\windows\zip\corretto-build\buildroot\src\hotspot\share\interpreter\linkResolver.cpp, line 790]
Event: 47.588 Thread 0x000002b8e622baa0 Exception <a 'java/lang/NoSuchMethodError'{0x00000000ec889578}: 'void java.lang.invoke.DirectMethodHandle$Holder.invokeStatic(java.lang.Object, long)'> (0x00000000ec889578) 
thrown [c:\wsjdk\correttojdksrc\installers\windows\zip\corretto-build\buildroot\src\hotspot\share\interpreter\linkResolver.cpp, line 790]
Event: 47.589 Thread 0x000002b8e622baa0 Exception <a 'java/lang/NoSuchMethodError'{0x00000000ec88ede8}: 'java.lang.Object java.lang.invoke.DirectMethodHandle$Holder.newInvokeSpecial(java.lang.Object, long)'> (0x00000000ec88ede8) 
thrown [c:\wsjdk\correttojdksrc\installers\windows\zip\corretto-build\buildroot\src\hotspot\share\interpreter\linkResolver.cpp, line 790]
Event: 47.591 Thread 0x000002b8e622baa0 Exception <a 'java/lang/NoSuchMethodError'{0x00000000ec895f28}: 'java.lang.Object java.lang.invoke.DirectMethodHandle$Holder.invokeStatic(java.lang.Object, java.lang.Object, long, java.lang.Object)'> (0x00000000ec895f28) 
thrown [c:\wsjdk\correttojdksrc\installers\windows\zip\corretto-build\buildroot\src\hotspot\share\interpreter\linkResolver.cpp, line 790]
Event: 47.591 Thread 0x000002b8e622baa0 Exception <a 'java/lang/NoSuchMethodError'{0x00000000ec899bb0}: 'java.lang.Object java.lang.invoke.DirectMethodHandle$Holder.invokeStaticInit(java.lang.Object, java.lang.Object, long, java.lang.Object)'> (0x00000000ec899bb0) 
thrown [c:\wsjdk\correttojdksrc\installers\windows\zip\corretto-build\buildroot\src\hotspot\share\interpreter\linkResolver.cpp, line 790]
Event: 47.592 Thread 0x000002b8e622baa0 Exception <a 'java/lang/NoSuchMethodError'{0x00000000ec8a0488}: 'java.lang.Object java.lang.invoke.DirectMethodHandle$Holder.newInvokeSpecial(java.lang.Object, java.lang.Object, long)'> (0x00000000ec8a0488) 
thrown [c:\wsjdk\correttojdksrc\installers\windows\zip\corretto-build\buildroot\src\hotspot\share\interpreter\linkResolver.cpp, line 790]
Event: 47.592 Thread 0x000002b8e622baa0 Exception <a 'java/lang/NoSuchMethodError'{0x00000000ec8a41e0}: 'java.lang.Object java.lang.invoke.Invokers$Holder.linkToTargetMethod(java.lang.Object, long, java.lang.Object)'> (0x00000000ec8a41e0) 
thrown [c:\wsjdk\correttojdksrc\installers\windows\zip\corretto-build\buildroot\src\hotspot\share\interpreter\linkResolver.cpp, line 790]

Events (20 events):
Event: 49.423 Executing  VM operation: Cleanup done
Event: 52.439 Executing  VM operation: Cleanup
Event: 52.439 Executing  VM operation: Cleanup done
Event: 53.441 Executing  VM operation: Cleanup
Event: 53.441 Executing  VM operation: Cleanup done
Event: 59.488 Executing  VM operation: Cleanup
Event: 59.488 Executing  VM operation: Cleanup done
Event: 63.515 Executing  VM operation: Cleanup
Event: 63.515 Executing  VM operation: Cleanup done
Event: 70.550 Executing  VM operation: Cleanup
Event: 70.550 Executing  VM operation: Cleanup done
Event: 73.564 Executing  VM operation: Cleanup
Event: 73.565 Executing  VM operation: Cleanup done
Event: 83.239 Thread 0x000002b8e59600e0 Thread exited: 0x000002b8e59600e0
Event: 83.276 loading class java/util/concurrent/ConcurrentLinkedQueue$Itr
Event: 83.279 loading class java/util/concurrent/ConcurrentLinkedQueue$Itr done
Event: 83.644 Executing  VM operation: HandshakeAllThreads
Event: 83.645 Executing  VM operation: HandshakeAllThreads done
Event: 83.645 Executing  VM operation: Cleanup
Event: 83.645 Executing  VM operation: Cleanup done


Dynamic libraries:
0x00007ff720020000 - 0x00007ff72002d000 	C:\Users\lopperik\.jdks\corretto-16.0.2\bin\java.exe
0x00007ff992670000 - 0x00007ff992865000 	C:\Windows\SYSTEM32\ntdll.dll
0x00007ff992280000 - 0x00007ff99233d000 	C:\Windows\System32\KERNEL32.DLL
0x00007ff98fdb0000 - 0x00007ff990077000 	C:\Windows\System32\KERNELBASE.dll
0x00007ff9901c0000 - 0x00007ff9902c0000 	C:\Windows\System32\ucrtbase.dll
0x00007ff982470000 - 0x00007ff982485000 	C:\Users\lopperik\.jdks\corretto-16.0.2\bin\VCRUNTIME140.dll
0x00007ff979e50000 - 0x00007ff979e68000 	C:\Users\lopperik\.jdks\corretto-16.0.2\bin\jli.dll
0x00007ff990ce0000 - 0x00007ff990e80000 	C:\Windows\System32\USER32.dll
0x00007ff990080000 - 0x00007ff9900a2000 	C:\Windows\System32\win32u.dll
0x00007ff991250000 - 0x00007ff99127a000 	C:\Windows\System32\GDI32.dll
0x00007ff9900b0000 - 0x00007ff9901b9000 	C:\Windows\System32\gdi32full.dll
0x00007ff990390000 - 0x00007ff99042d000 	C:\Windows\System32\msvcp_win.dll
0x00007ff96d240000 - 0x00007ff96d4db000 	C:\Windows\WinSxS\amd64_microsoft.windows.common-controls_6595b64144ccf1df_6.0.19041.488_none_ca04af081b815d21\COMCTL32.dll
0x00007ff9924a0000 - 0x00007ff99253e000 	C:\Windows\System32\msvcrt.dll
0x00007ff991220000 - 0x00007ff991250000 	C:\Windows\System32\IMM32.DLL
0x00007ff975ba0000 - 0x00007ff975c3b000 	C:\Users\lopperik\.jdks\corretto-16.0.2\bin\msvcp140.dll
0x00007ff951130000 - 0x00007ff951d39000 	C:\Users\lopperik\.jdks\corretto-16.0.2\bin\server\jvm.dll
0x00007ff9923f0000 - 0x00007ff99249a000 	C:\Windows\System32\ADVAPI32.dll
0x00007ff9908b0000 - 0x00007ff99094b000 	C:\Windows\System32\sechost.dll
0x00007ff990e80000 - 0x00007ff990fa4000 	C:\Windows\System32\RPCRT4.dll
0x00007ff990b70000 - 0x00007ff990b78000 	C:\Windows\System32\PSAPI.DLL
0x00007ff9826f0000 - 0x00007ff9826f9000 	C:\Windows\SYSTEM32\WSOCK32.dll
0x00007ff97f060000 - 0x00007ff97f087000 	C:\Windows\SYSTEM32\WINMM.dll
0x00007ff9909d0000 - 0x00007ff990a3b000 	C:\Windows\System32\WS2_32.dll
0x00007ff981c30000 - 0x00007ff981c3a000 	C:\Windows\SYSTEM32\VERSION.dll
0x00007ff98dd30000 - 0x00007ff98dd43000 	C:\Windows\SYSTEM32\kernel.appcore.dll
0x00007ff9823a0000 - 0x00007ff9823aa000 	C:\Users\lopperik\.jdks\corretto-16.0.2\bin\jimage.dll
0x00007ff96ebf0000 - 0x00007ff96edd4000 	C:\Windows\SYSTEM32\DBGHELP.DLL
0x00007ff96ebc0000 - 0x00007ff96ebec000 	C:\Windows\SYSTEM32\dbgcore.DLL
0x00007ff9902c0000 - 0x00007ff99033f000 	C:\Windows\System32\bcryptPrimitives.dll
0x00007ff979b50000 - 0x00007ff979b75000 	C:\Users\lopperik\.jdks\corretto-16.0.2\bin\java.dll
0x00007ff9916b0000 - 0x00007ff991df1000 	C:\Windows\System32\SHELL32.dll
0x00007ff98df30000 - 0x00007ff98e6c3000 	C:\Windows\SYSTEM32\windows.storage.dll
0x00007ff991280000 - 0x00007ff9915d5000 	C:\Windows\System32\combase.dll
0x00007ff98f750000 - 0x00007ff98f77c000 	C:\Windows\SYSTEM32\Wldp.dll
0x00007ff992340000 - 0x00007ff9923ee000 	C:\Windows\System32\SHCORE.dll
0x00007ff990950000 - 0x00007ff9909a5000 	C:\Windows\System32\shlwapi.dll
0x00007ff98fce0000 - 0x00007ff98fd06000 	C:\Windows\SYSTEM32\profapi.dll
0x00007ff976180000 - 0x00007ff976199000 	C:\Users\lopperik\.jdks\corretto-16.0.2\bin\net.dll
0x00007ff981d60000 - 0x00007ff981e60000 	C:\Windows\SYSTEM32\WINHTTP.dll
0x00007ff98f4d0000 - 0x00007ff98f53a000 	C:\Windows\system32\mswsock.dll
0x00007ff976160000 - 0x00007ff976173000 	C:\Users\lopperik\.jdks\corretto-16.0.2\bin\nio.dll
0x00007ff975b80000 - 0x00007ff975b98000 	C:\Users\lopperik\.jdks\corretto-16.0.2\bin\zip.dll
0x00007ff97a1c0000 - 0x00007ff97a1d0000 	C:\Users\lopperik\.jdks\corretto-16.0.2\bin\verify.dll
0x00007ff979b80000 - 0x00007ff979ba7000 	C:\Users\lopperik\.gradle\native\49d0259a56938c7f99b2704e745ce422c4f750a7a20b539a32ccef96729676b1\windows-amd64\native-platform.dll
0x00007ff975c40000 - 0x00007ff975dd6000 	C:\Users\lopperik\.gradle\native\12488b8bf47d2d4c9fbf2f6322a914ad602e24e48041cd04a747c6da556b65c4\windows-amd64\native-platform-file-events.dll
0x00007ff979f20000 - 0x00007ff979f29000 	C:\Users\lopperik\.jdks\corretto-16.0.2\bin\management.dll
0x00007ff979e20000 - 0x00007ff979e2b000 	C:\Users\lopperik\.jdks\corretto-16.0.2\bin\management_ext.dll
0x00007ff98f6a0000 - 0x00007ff98f6b8000 	C:\Windows\SYSTEM32\CRYPTSP.dll
0x00007ff98ee60000 - 0x00007ff98ee94000 	C:\Windows\system32\rsaenh.dll
0x00007ff9904e0000 - 0x00007ff990507000 	C:\Windows\System32\bcrypt.dll
0x00007ff98fc60000 - 0x00007ff98fc8e000 	C:\Windows\SYSTEM32\USERENV.dll
0x00007ff98f6c0000 - 0x00007ff98f6cc000 	C:\Windows\SYSTEM32\CRYPTBASE.dll
0x00007ff98f1c0000 - 0x00007ff98f1fb000 	C:\Windows\SYSTEM32\IPHLPAPI.DLL
0x00007ff992270000 - 0x00007ff992279000 	C:\Windows\System32\NSI.dll
0x00007ff983f90000 - 0x00007ff983fa7000 	C:\Windows\SYSTEM32\dhcpcsvc6.DLL
0x00007ff983f70000 - 0x00007ff983f8d000 	C:\Windows\SYSTEM32\dhcpcsvc.DLL
0x00007ff98f200000 - 0x00007ff98f2cb000 	C:\Windows\SYSTEM32\DNSAPI.dll
0x00007ff976960000 - 0x00007ff97696e000 	C:\Users\lopperik\.jdks\corretto-16.0.2\bin\sunmscapi.dll
0x00007ff990570000 - 0x00007ff9906cd000 	C:\Windows\System32\CRYPT32.dll
0x00007ff98f7c0000 - 0x00007ff98f7e7000 	C:\Windows\SYSTEM32\ncrypt.dll
0x00007ff98f780000 - 0x00007ff98f7bb000 	C:\Windows\SYSTEM32\NTASN1.dll
0x00007ff976930000 - 0x00007ff976937000 	C:\Windows\system32\wshunix.dll

dbghelp: loaded successfully - version: 4.0.5 - missing functions: none
symbol engine: initialized successfully - sym options: 0x614 - pdb path: .;C:\Users\lopperik\.jdks\corretto-16.0.2\bin;C:\Windows\SYSTEM32;C:\Windows\WinSxS\amd64_microsoft.windows.common-controls_6595b64144ccf1df_6.0.19041.488_none_ca04af081b815d21;C:\Users\lopperik\.jdks\corretto-16.0.2\bin\server;C:\Users\lopperik\.gradle\native\49d0259a56938c7f99b2704e745ce422c4f750a7a20b539a32ccef96729676b1\windows-amd64;C:\Users\lopperik\.gradle\native\12488b8bf47d2d4c9fbf2f6322a914ad602e24e48041cd04a747c6da556b65c4\windows-amd64

VM Arguments:
jvm_args: --add-opens=java.base/java.util=ALL-UNNAMED --add-opens=java.base/java.lang=ALL-UNNAMED --add-opens=java.base/java.lang.invoke=ALL-UNNAMED --add-opens=java.base/java.util=ALL-UNNAMED --add-opens=java.prefs/java.util.prefs=ALL-UNNAMED --add-opens=java.prefs/java.util.prefs=ALL-UNNAMED --add-opens=java.base/java.nio.charset=ALL-UNNAMED --add-opens=java.base/java.net=ALL-UNNAMED --add-opens=java.base/java.util.concurrent.atomic=ALL-UNNAMED -XX:MaxMetaspaceSize=256m -XX:+HeapDumpOnOutOfMemoryError -Xms256m -Xmx512m -Dfile.encoding=windows-1252 -Duser.country=DE -Duser.language=de -Duser.variant 
java_command: org.gradle.launcher.daemon.bootstrap.GradleDaemon 7.0
java_class_path (initial): C:\Users\lopperik\.gradle\wrapper\dists\gradle-7.0-bin\2p9ebqfz6ilrfozi676ogco7n\gradle-7.0\lib\gradle-launcher-7.0.jar
Launcher Type: SUN_STANDARD

[Global flags]
     intx CICompilerCount                          = 2                                         {product} {ergonomic}
   size_t CompressedClassSpaceSize                 = 218103808                                 {product} {ergonomic}
     uint ConcGCThreads                            = 1                                         {product} {ergonomic}
     uint G1ConcRefinementThreads                  = 2                                         {product} {ergonomic}
   size_t G1HeapRegionSize                         = 1048576                                   {product} {ergonomic}
    uintx GCDrainStackTargetSize                   = 64                                        {product} {ergonomic}
     bool HeapDumpOnOutOfMemoryError               = true                                   {manageable} {command line}
   size_t InitialHeapSize                          = 268435456                                 {product} {command line}
   size_t MarkStackSize                            = 4194304                                   {product} {ergonomic}
   size_t MaxHeapSize                              = 536870912                                 {product} {command line}
   size_t MaxMetaspaceSize                         = 268435456                                 {product} {command line}
   size_t MaxNewSize                               = 321912832                                 {product} {ergonomic}
   size_t MinHeapDeltaBytes                        = 1048576                                   {product} {ergonomic}
   size_t MinHeapSize                              = 268435456                                 {product} {command line}
    uintx NonNMethodCodeHeapSize                   = 5826188                                {pd product} {ergonomic}
    uintx NonProfiledCodeHeapSize                  = 122916026                              {pd product} {ergonomic}
    uintx ProfiledCodeHeapSize                     = 122916026                              {pd product} {ergonomic}
    uintx ReservedCodeCacheSize                    = 251658240                              {pd product} {ergonomic}
     bool SegmentedCodeCache                       = true                                      {product} {ergonomic}
   size_t SoftMaxHeapSize                          = 536870912                              {manageable} {ergonomic}
     bool UseCompressedClassPointers               = true                           {product lp64_product} {ergonomic}
     bool UseCompressedOops                        = true                           {product lp64_product} {ergonomic}
     bool UseG1GC                                  = true                                      {product} {ergonomic}
     bool UseLargePagesIndividualAllocation        = false                                  {pd product} {ergonomic}

Logging:
Log output configuration:
 #0: stdout all=warning uptime,level,tags
 #1: stderr all=off uptime,level,tags

Environment Variables:
JAVA_HOME=c:\Program Files\openJDK\openJDK1.8\
PATH=C:\Windows\system32;C:\Windows;C:\Windows\System32\Wbem;C:\Windows\System32\WindowsPowerShell\v1.0\;C:\Windows\System32\OpenSSH\;c:\Program Files (x86)\openJDK\openJDK1.8\bin;c:\Program Files (x86)\openJDK\openJDK1.8\jre\bin;C:\Program Files\Git\cmd;c:\Program Files\openJDK\openJDK1.8\bin;c:\Program Files\openJDK\openJDK1.8\jre\bin;C:\Users\lopperik\AppData\Local\Microsoft\WindowsApps;C:\Users\lopperik\AppData\Local\GitHubDesktop\bin
USERNAME=lopperik
OS=Windows_NT
PROCESSOR_IDENTIFIER=Intel64 Family 6 Model 94 Stepping 3, GenuineIntel



---------------  S Y S T E M  ---------------

OS:
 Windows 10 , 64 bit Build 19041 (10.0.19041.292)
OS uptime: 0 days 1:13 hours

CPU: total 2 (initial active 2) (2 cores per cpu, 1 threads per core) family 6 model 94 stepping 3 microcode 0xcc, cx8, cmov, fxsr, mmx, 3dnowpref, sse, sse2, sse3, ssse3, sse4.1, sse4.2, popcnt, lzcnt, tsc, tscinvbit, aes, erms, clmul, clflush, clflushopt

Memory: 4k page, system-wide physical 3941M (237M free)
TotalPageFile size 7223M (AvailPageFile size 1405M)
current process WorkingSet (physical memory assigned to process): 166M, peak: 386M
current process commit charge ("private bytes"): 452M, peak: 466M

vm_info: OpenJDK 64-Bit Server VM (16.0.2+7) for windows-amd64 JRE (16.0.2+7), built on Jul 22 2021 01:11:46 by "Administrator" with MS VC++ 15.9 (VS2017)

END.
