#
# A fatal error has been detected by the Java Runtime Environment:
#
#  EXCEPTION_ACCESS_VIOLATION (0xc0000005) at pc=0x00007fff438b3889, pid=5584, tid=9916
#
# JRE version: OpenJDK Runtime Environment Corretto-16.0.2.7.1 (16.0.2+7) (build 16.0.2+7)
# Java VM: OpenJDK 64-Bit Server VM Corretto-16.0.2.7.1 (16.0.2+7, mixed mode, sharing, tiered, compressed oops, compressed class ptrs, g1 gc, windows-amd64)
# Problematic frame:
# C  [native-platform-file-events.dll+0x23889]
#
# No core dump will be written. Minidumps are not enabled by default on client versions of Windows
#
# If you would like to submit a bug report, please visit:
#   https://github.com/corretto/corretto-jdk/issues/
# The crash happened outside the Java Virtual Machine in native code.
# See problematic frame for where to report the bug.
#

---------------  S U M M A R Y ------------

Command Line: --add-opens=java.base/java.util=ALL-UNNAMED --add-opens=java.base/java.lang=ALL-UNNAMED --add-opens=java.base/java.lang.invoke=ALL-UNNAMED --add-opens=java.base/java.util=ALL-UNNAMED --add-opens=java.prefs/java.util.prefs=ALL-UNNAMED --add-opens=java.prefs/java.util.prefs=ALL-UNNAMED --add-opens=java.base/java.nio.charset=ALL-UNNAMED --add-opens=java.base/java.net=ALL-UNNAMED --add-opens=java.base/java.util.concurrent.atomic=ALL-UNNAMED -XX:MaxMetaspaceSize=256m -XX:+HeapDumpOnOutOfMemoryError -Xms256m -Xmx512m -Dfile.encoding=windows-1252 -Duser.country=DE -Duser.language=de -Duser.variant org.gradle.launcher.daemon.bootstrap.GradleDaemon 7.0

Host: Intel(R) Celeron(R) CPU G3900 @ 2.80GHz, 2 cores, 3G,  Windows 10 , 64 bit Build 19041 (10.0.19041.292)
Time: Mon Jan 10 10:28:06 2022 Mitteleuropäische Zeit elapsed time: 30.258979 seconds (0d 0h 0m 30s)

---------------  T H R E A D  ---------------

Current thread (0x000001f036bce0c0):  JavaThread "File watcher server" daemon [_thread_in_native, id=9916, stack(0x0000002f77d00000,0x0000002f77e00000)]

Stack: [0x0000002f77d00000,0x0000002f77e00000],  sp=0x0000002f77dfe640,  free space=1017k
Native frames: (J=compiled Java code, j=interpreted, Vv=VM code, C=native code)
C  [native-platform-file-events.dll+0x23889]

Java frames: (J=compiled Java code, j=interpreted, Vv=VM code)
j  net.rubygrapefruit.platform.internal.jni.AbstractFileEventFunctions$NativeFileWatcher.executeRunLoop0(Ljava/lang/Object;)V+0
j  net.rubygrapefruit.platform.internal.jni.AbstractFileEventFunctions$NativeFileWatcher.access$100(Lnet/rubygrapefruit/platform/internal/jni/AbstractFileEventFunctions$NativeFileWatcher;Ljava/lang/Object;)V+2
j  net.rubygrapefruit.platform.internal.jni.AbstractFileEventFunctions$NativeFileWatcher$1.run()V+26
v  ~StubRoutines::call_stub

siginfo: EXCEPTION_ACCESS_VIOLATION (0xc0000005), reading address 0xffffffffffffffff


Register to memory mapping:

RIP=0x00007fff438b3889 native-platform-file-events.dll
RAX=0x2473636974736974 is an unknown value
RBX=0x0000000000000001 is an unknown value
RCX=0x2473636974736974 is an unknown value
RDX=0x0 is NULL
RSP=0x0000002f77dfe640 is pointing into the stack for thread: 0x000001f036bce0c0
RBP=0x0000002f77dfef48 is pointing into the stack for thread: 0x000001f036bce0c0
RSI=0x0 is NULL
RDI=0x00000000ffffffff is an unallocated location in the heap
R8 =0x0000000065747379 is an unknown value
R9 =0x0000002f77dfe760 is pointing into the stack for thread: 0x000001f036bce0c0
R10=0x0 is NULL
R11=0x0000000000000246 is an unknown value
R12=0x0 is NULL
R13={method} {0x000001f038f65e78} 'executeRunLoop0' '(Ljava/lang/Object;)V' in 'net/rubygrapefruit/platform/internal/jni/AbstractFileEventFunctions$NativeFileWatcher'
R14=0x0000002f77dfef70 is pointing into the stack for thread: 0x000001f036bce0c0
R15=0x000001f036bce0c0 is a thread


Registers:
RAX=0x2473636974736974, RBX=0x0000000000000001, RCX=0x2473636974736974, RDX=0x0000000000000000
RSP=0x0000002f77dfe640, RBP=0x0000002f77dfef48, RSI=0x0000000000000000, RDI=0x00000000ffffffff
R8 =0x0000000065747379, R9 =0x0000002f77dfe760, R10=0x0000000000000000, R11=0x0000000000000246
R12=0x0000000000000000, R13=0x000001f038f65e70, R14=0x0000002f77dfef70, R15=0x000001f036bce0c0
RIP=0x00007fff438b3889, EFLAGS=0x0000000000010297

Top of Stack: (sp=0x0000002f77dfe640)
0x0000002f77dfe640:   0000002f775fc100 000001f000000003
0x0000002f77dfe650:   000001f03ab55f30 00007fff43897748
0x0000002f77dfe660:   0000000000000000 00007fff438b4db9
0x0000002f77dfe670:   0000002f77dfe6b8 0000002f775fc100
0x0000002f77dfe680:   0000000800000000 0000000000000000
0x0000002f77dfe690:   00000000e0410401 0000002f775fc0c0
0x0000002f77dfe6a0:   00003e0a9998d31b 0000002f77dfe6e0
0x0000002f77dfe6b0:   000001f036bce0c0 0000002f77dfef70
0x0000002f77dfe6c0:   000001f038f65e70 0000000000000000
0x0000002f77dfe6d0:   0000002f77dfef48 00007fff6674de5b
0x0000002f77dfe6e0:   0000002f775fc0c0 0000000000000000
0x0000002f77dfe6f0:   00007fff438b4d50 0000002f775fc0c0
0x0000002f77dfe700:   0000000000000048 0000037ea0269daf
0x0000002f77dfe710:   0000000000000000 00007fff438b3a12
0x0000002f77dfe720:   2473636974736974 ffffffff00000000
0x0000002f77dfe730:   00007fff65747379 000001f03af946d0 

Instructions: (pc=0x00007fff438b3889)
0x00007fff438b3789:   48 89 4c 24 08 48 81 ec d8 00 00 00 48 8b 05 1c
0x00007fff438b3799:   1b 15 00 48 33 c4 48 89 84 24 c8 00 00 00 c7 44
0x00007fff438b37a9:   24 40 00 00 00 00 81 bc 24 e8 00 00 00 e3 03 00
0x00007fff438b37b9:   00 0f 85 c1 00 00 00 ba 03 00 00 00 48 8b 0d 2c
0x00007fff438b37c9:   6b 15 00 e8 de 5a fe ff 0f b6 c0 85 c0 74 7a 48
0x00007fff438b37d9:   8b 84 24 e0 00 00 00 8b 40 68 89 44 24 44 48 8b
0x00007fff438b37e9:   84 24 e0 00 00 00 48 83 c0 08 48 8b d0 48 8d 8c
0x00007fff438b37f9:   24 88 00 00 00 e8 30 e1 fd ff 48 89 44 24 50 48
0x00007fff438b3809:   8b 44 24 50 48 89 44 24 58 8b 44 24 40 83 c8 01
0x00007fff438b3819:   89 44 24 40 48 8b 4c 24 58 e8 aa e3 fd ff 48 89
0x00007fff438b3829:   44 24 60 8b 44 24 44 89 44 24 20 4c 8b 4c 24 60
0x00007fff438b3839:   4c 8d 05 90 4e 11 00 ba 03 00 00 00 48 8b 0d ac
0x00007fff438b3849:   6a 15 00 e8 9d 11 fe ff 90 8b 44 24 40 83 e0 01
0x00007fff438b3859:   85 c0 74 12 83 64 24 40 fe 48 8d 8c 24 88 00 00
0x00007fff438b3869:   00 e8 ba ef fd ff 48 8b 8c 24 e0 00 00 00 e8 f2
0x00007fff438b3879:   4f fe ff e9 36 01 00 00 48 8b 84 24 e0 00 00 00
0x00007fff438b3889:   83 78 68 01 0f 84 cb 00 00 00 ba 03 00 00 00 48
0x00007fff438b3899:   8b 0d 59 6a 15 00 e8 0b 5a fe ff 0f b6 c0 85 c0
0x00007fff438b38a9:   0f 84 90 00 00 00 48 8b 84 24 e0 00 00 00 8b 40
0x00007fff438b38b9:   68 89 44 24 48 48 8b 84 24 e0 00 00 00 48 83 c0
0x00007fff438b38c9:   08 48 8b d0 48 8d 8c 24 a8 00 00 00 e8 59 e0 fd
0x00007fff438b38d9:   ff 48 89 44 24 68 48 8b 44 24 68 48 89 44 24 70
0x00007fff438b38e9:   8b 44 24 40 83 c8 02 89 44 24 40 48 8b 4c 24 70
0x00007fff438b38f9:   e8 d3 e2 fd ff 48 89 44 24 78 8b 44 24 48 89 44
0x00007fff438b3909:   24 30 8b 84 24 e8 00 00 00 89 44 24 28 8b 84 24
0x00007fff438b3919:   f0 00 00 00 89 44 24 20 4c 8b 4c 24 78 4c 8d 05
0x00007fff438b3929:   d3 4d 11 00 ba 03 00 00 00 48 8b 0d bf 69 15 00
0x00007fff438b3939:   e8 b0 10 fe ff 90 8b 44 24 40 83 e0 02 85 c0 74
0x00007fff438b3949:   12 83 64 24 40 fd 48 8d 8c 24 a8 00 00 00 e8 cd
0x00007fff438b3959:   ee fd ff eb 59 48 8b 84 24 e0 00 00 00 c7 40 68
0x00007fff438b3969:   00 00 00 00 48 8b 84 24 e0 00 00 00 48 8b 00 48
0x00007fff438b3979:   89 84 24 80 00 00 00 48 8b 84 24 e0 00 00 00 48 


Stack slot to memory mapping:
stack at sp + 0 slots: 0x0000002f775fc100 is pointing into the stack for thread: 0x000001f036bd00a0
stack at sp + 1 slots: 0x000001f000000003 is an unknown value
stack at sp + 2 slots: 0x000001f03ab55f30 points into unknown readable memory: 0x00007fff569a4c88 | 88 4c 9a 56 ff 7f 00 00
stack at sp + 3 slots: 0x00007fff43897748 native-platform-file-events.dll
stack at sp + 4 slots: 0x0 is NULL
stack at sp + 5 slots: 0x00007fff438b4db9 native-platform-file-events.dll
stack at sp + 6 slots: 0x0000002f77dfe6b8 is pointing into the stack for thread: 0x000001f036bce0c0
stack at sp + 7 slots: 0x0000002f775fc100 is pointing into the stack for thread: 0x000001f036bd00a0


---------------  P R O C E S S  ---------------

Threads class SMR info:
_java_thread_list=0x000001f03654b7e0, length=41, elements={
0x000001f01a483ad0, 0x000001f0358ca3c0, 0x000001f0358cd240, 0x000001f0358e0e70,
0x000001f0358e67b0, 0x000001f0358e70c0, 0x000001f0358e79d0, 0x000001f0358f0c30,
0x000001f0358fbb60, 0x000001f0359108b0, 0x000001f0364d09f0, 0x000001f0364d4f20,
0x000001f037dd5f80, 0x000001f03778b100, 0x000001f037a84a00, 0x000001f036ffa670,
0x000001f036ffab90, 0x000001f036bd1090, 0x000001f036bd00a0, 0x000001f036bd05f0,
0x000001f036bd0b40, 0x000001f036bce610, 0x000001f036bcf600, 0x000001f036bcdb70,
0x000001f036bceb60, 0x000001f036bcfb50, 0x000001f036bce0c0, 0x000001f036bcf0b0,
0x000001f037822520, 0x000001f03781e010, 0x000001f037822a70, 0x000001f037821530,
0x000001f03781f000, 0x000001f03781eab0, 0x000001f037821a80, 0x000001f037820540,
0x000001f03781f550, 0x000001f037823510, 0x000001f03781dac0, 0x000001f03781d570,
0x000001f03781e560
}

Java Threads: ( => current thread )
  0x000001f01a483ad0 JavaThread "main" [_thread_blocked, id=7188, stack(0x0000002f75b00000,0x0000002f75c00000)]
  0x000001f0358ca3c0 JavaThread "Reference Handler" daemon [_thread_blocked, id=7496, stack(0x0000002f76200000,0x0000002f76300000)]
  0x000001f0358cd240 JavaThread "Finalizer" daemon [_thread_blocked, id=1568, stack(0x0000002f76300000,0x0000002f76400000)]
  0x000001f0358e0e70 JavaThread "Signal Dispatcher" daemon [_thread_blocked, id=9624, stack(0x0000002f76400000,0x0000002f76500000)]
  0x000001f0358e67b0 JavaThread "Attach Listener" daemon [_thread_blocked, id=6164, stack(0x0000002f76500000,0x0000002f76600000)]
  0x000001f0358e70c0 JavaThread "Service Thread" daemon [_thread_blocked, id=4176, stack(0x0000002f76600000,0x0000002f76700000)]
  0x000001f0358e79d0 JavaThread "Monitor Deflation Thread" daemon [_thread_blocked, id=3520, stack(0x0000002f76700000,0x0000002f76800000)]
  0x000001f0358f0c30 JavaThread "C2 CompilerThread0" daemon [_thread_blocked, id=1060, stack(0x0000002f76800000,0x0000002f76900000)]
  0x000001f0358fbb60 JavaThread "C1 CompilerThread0" daemon [_thread_blocked, id=7260, stack(0x0000002f76900000,0x0000002f76a00000)]
  0x000001f0359108b0 JavaThread "Sweeper thread" daemon [_thread_blocked, id=7780, stack(0x0000002f76a00000,0x0000002f76b00000)]
  0x000001f0364d09f0 JavaThread "Common-Cleaner" daemon [_thread_blocked, id=6580, stack(0x0000002f76b00000,0x0000002f76c00000)]
  0x000001f0364d4f20 JavaThread "Notification Thread" daemon [_thread_blocked, id=4932, stack(0x0000002f76c00000,0x0000002f76d00000)]
  0x000001f037dd5f80 JavaThread "Daemon health stats" [_thread_blocked, id=9608, stack(0x0000002f76f00000,0x0000002f77000000)]
  0x000001f03778b100 JavaThread "Incoming local TCP Connector on port 53046" [_thread_in_native, id=6656, stack(0x0000002f77000000,0x0000002f77100000)]
  0x000001f037a84a00 JavaThread "Daemon periodic checks" [_thread_blocked, id=1356, stack(0x0000002f77100000,0x0000002f77200000)]
  0x000001f036ffa670 JavaThread "Daemon" [_thread_blocked, id=8900, stack(0x0000002f77200000,0x0000002f77300000)]
  0x000001f036ffab90 JavaThread "Handler for socket connection from /127.0.0.1:53046 to /127.0.0.1:53047" [_thread_in_native, id=2608, stack(0x0000002f77300000,0x0000002f77400000)]
  0x000001f036bd1090 JavaThread "Cancel handler" [_thread_blocked, id=9744, stack(0x0000002f77400000,0x0000002f77500000)]
  0x000001f036bd00a0 JavaThread "Daemon worker" [_thread_in_native, id=6152, stack(0x0000002f77500000,0x0000002f77600000)]
  0x000001f036bd05f0 JavaThread "Asynchronous log dispatcher for DefaultDaemonConnection: socket connection from /127.0.0.1:53046 to /127.0.0.1:53047" [_thread_blocked, id=8948, stack(0x0000002f77600000,0x0000002f77700000)]
  0x000001f036bd0b40 JavaThread "Stdin handler" [_thread_blocked, id=8796, stack(0x0000002f77700000,0x0000002f77800000)]
  0x000001f036bce610 JavaThread "Daemon client event forwarder" [_thread_blocked, id=5960, stack(0x0000002f77800000,0x0000002f77900000)]
  0x000001f036bcf600 JavaThread "Cache worker for file hash cache (C:\Users\lopperik\.gradle\caches\7.0\fileHashes)" [_thread_blocked, id=2700, stack(0x0000002f77900000,0x0000002f77a00000)]
  0x000001f036bcdb70 JavaThread "File lock request listener" [_thread_in_native, id=2096, stack(0x0000002f77a00000,0x0000002f77b00000)]
  0x000001f036bceb60 JavaThread "Cache worker for journal cache (C:\Users\lopperik\.gradle\caches\journal-1)" [_thread_blocked, id=2552, stack(0x0000002f77b00000,0x0000002f77c00000)]
  0x000001f036bcfb50 JavaThread "Cache worker for file hash cache (H:\Desktop\GitHub\ScanParseProject-Gradle\.gradle\7.0\fileHashes)" [_thread_blocked, id=3988, stack(0x0000002f77c00000,0x0000002f77d00000)]
=>0x000001f036bce0c0 JavaThread "File watcher server" daemon [_thread_in_native, id=9916, stack(0x0000002f77d00000,0x0000002f77e00000)]
  0x000001f036bcf0b0 JavaThread "File watcher consumer" daemon [_thread_blocked, id=2120, stack(0x0000002f77e00000,0x0000002f77f00000)]
  0x000001f037822520 JavaThread "Cache worker for checksums cache (H:\Desktop\GitHub\ScanParseProject-Gradle\.gradle\checksums)" [_thread_blocked, id=6120, stack(0x0000002f77f00000,0x0000002f78000000)]
  0x000001f03781e010 JavaThread "Cache worker for cache directory md-rule (C:\Users\lopperik\.gradle\caches\7.0\md-rule)" [_thread_blocked, id=636, stack(0x0000002f78100000,0x0000002f78200000)]
  0x000001f037822a70 JavaThread "Cache worker for execution history cache (C:\Users\lopperik\.gradle\caches\7.0\executionHistory)" [_thread_blocked, id=7224, stack(0x0000002f78200000,0x0000002f78300000)]
  0x000001f037821530 JavaThread "jar transforms" [_thread_blocked, id=5408, stack(0x0000002f78300000,0x0000002f78400000)]
  0x000001f03781f000 JavaThread "jar transforms Thread 2" [_thread_blocked, id=10224, stack(0x0000002f78400000,0x0000002f78500000)]
  0x000001f03781eab0 JavaThread "Cache worker for file content cache (C:\Users\lopperik\.gradle\caches\7.0\fileContent)" [_thread_blocked, id=10136, stack(0x0000002f78500000,0x0000002f78600000)]
  0x000001f037821a80 JavaThread "Cache worker for dependencies-accessors (H:\Desktop\GitHub\ScanParseProject-Gradle\.gradle\7.0\dependencies-accessors)" [_thread_blocked, id=9532, stack(0x0000002f78600000,0x0000002f78700000)]
  0x000001f037820540 JavaThread "Build operations" [_thread_blocked, id=10148, stack(0x0000002f78900000,0x0000002f78a00000)]
  0x000001f03781f550 JavaThread "Build operations Thread 2" [_thread_blocked, id=8180, stack(0x0000002f78a00000,0x0000002f78b00000)]
  0x000001f037823510 JavaThread "Memory manager" [_thread_blocked, id=4484, stack(0x0000002f78b00000,0x0000002f78c00000)]
  0x000001f03781dac0 JavaThread "Cache worker for execution history cache (H:\Desktop\GitHub\ScanParseProject-Gradle\.gradle\7.0\executionHistory)" [_thread_blocked, id=5048, stack(0x0000002f78d00000,0x0000002f78e00000)]
  0x000001f03781d570 JavaThread "Cache worker for Java compile cache (C:\Users\lopperik\.gradle\caches\7.0\javaCompile)" [_thread_blocked, id=7084, stack(0x0000002f78e00000,0x0000002f78f00000)]
  0x000001f03781e560 JavaThread "Cache worker for Java compile cache (H:\Desktop\GitHub\ScanParseProject-Gradle\.gradle\7.0\javaCompile)" [_thread_blocked, id=5424, stack(0x0000002f78f00000,0x0000002f79000000)]

Other Threads:
  0x000001f0358c47b0 VMThread "VM Thread" [stack: 0x0000002f76100000,0x0000002f76200000] [id=8020]
  0x000001f0364d5850 WatcherThread [stack: 0x0000002f76d00000,0x0000002f76e00000] [id=10132]
  0x000001f01a4b0ad0 GCTaskThread "GC Thread#0" [stack: 0x0000002f75c00000,0x0000002f75d00000] [id=9848]
  0x000001f036cdac10 GCTaskThread "GC Thread#1" [stack: 0x0000002f76e00000,0x0000002f76f00000] [id=9676]
  0x000001f01a4b5a20 ConcurrentGCThread "G1 Main Marker" [stack: 0x0000002f75d00000,0x0000002f75e00000] [id=9120]
  0x000001f01a4b63a0 ConcurrentGCThread "G1 Conc#0" [stack: 0x0000002f75e00000,0x0000002f75f00000] [id=7252]
  0x000001f035784090 ConcurrentGCThread "G1 Refine#0" [stack: 0x0000002f75f00000,0x0000002f76000000] [id=5428]
  0x000001f0390eb380 ConcurrentGCThread "G1 Refine#1" [stack: 0x0000002f78700000,0x0000002f78800000] [id=8328]
  0x000001f035784a20 ConcurrentGCThread "G1 Service" [stack: 0x0000002f76000000,0x0000002f76100000] [id=7708]

Threads with active compile tasks:

VM state: not at safepoint (normal execution)

VM Mutex/Monitor currently owned by a thread: None

Heap address: 0x00000000e0000000, size: 512 MB, Compressed Oops mode: 32-bit

CDS archive(s) mapped at: [0x0000000800000000-0x0000000800be0000-0x0000000800be0000), size 12451840, SharedBaseAddress: 0x0000000800000000, ArchiveRelocationMode: 0.
Compressed class space mapped at: 0x0000000800c00000-0x000000080dc00000, reserved size: 218103808
Narrow klass base: 0x0000000800000000, Narrow klass shift: 3, Narrow klass range: 0x100000000

GC Precious Log:
 CPUs: 2 total, 2 available
 Memory: 3941M
 Large Page Support: Disabled
 NUMA Support: Disabled
 Compressed Oops: Enabled (32-bit)
 Heap Region Size: 1M
 Heap Min Capacity: 256M
 Heap Initial Capacity: 256M
 Heap Max Capacity: 512M
 Pre-touch: Disabled
 Parallel Workers: 2
 Concurrent Workers: 1
 Concurrent Refinement Workers: 2
 Periodic GC: Disabled

Heap:
 garbage-first heap   total 262144K, used 167387K [0x00000000e0000000, 0x0000000100000000)
  region size 1024K, 137 young (140288K), 1 survivors (1024K)
 Metaspace       used 54285K, committed 54848K, reserved 262144K
  class space    used 7331K, committed 7616K, reserved 212992K

Heap Regions: E=young(eden), S=young(survivor), O=old, HS=humongous(starts), HC=humongous(continues), CS=collection set, F=free, OA=open archive, CA=closed archive, TAMS=top-at-mark-start (previous, next)
|   0|0x00000000e0000000, 0x00000000e0100000, 0x00000000e0100000|100%|HS|  |TAMS 0x00000000e0100000, 0x00000000e0000000| Complete 
|   1|0x00000000e0100000, 0x00000000e0200000, 0x00000000e0200000|100%|HC|  |TAMS 0x00000000e0200000, 0x00000000e0100000| Complete 
|   2|0x00000000e0200000, 0x00000000e0300000, 0x00000000e0300000|100%|HC|  |TAMS 0x00000000e0300000, 0x00000000e0200000| Complete 
|   3|0x00000000e0300000, 0x00000000e0400000, 0x00000000e0400000|100%| O|  |TAMS 0x00000000e0400000, 0x00000000e0300000| Untracked 
|   4|0x00000000e0400000, 0x00000000e0500000, 0x00000000e0500000|100%| O|  |TAMS 0x00000000e0500000, 0x00000000e0400000| Untracked 
|   5|0x00000000e0500000, 0x00000000e0600000, 0x00000000e0600000|100%| O|  |TAMS 0x00000000e0600000, 0x00000000e0500000| Untracked 
|   6|0x00000000e0600000, 0x00000000e0700000, 0x00000000e0700000|100%| O|  |TAMS 0x00000000e0700000, 0x00000000e0600000| Untracked 
|   7|0x00000000e0700000, 0x00000000e0800000, 0x00000000e0800000|100%| O|  |TAMS 0x00000000e0800000, 0x00000000e0700000| Untracked 
|   8|0x00000000e0800000, 0x00000000e0900000, 0x00000000e0900000|100%| O|  |TAMS 0x00000000e0900000, 0x00000000e0800000| Untracked 
|   9|0x00000000e0900000, 0x00000000e0a00000, 0x00000000e0a00000|100%| O|  |TAMS 0x00000000e0900000, 0x00000000e0900000| Untracked 
|  10|0x00000000e0a00000, 0x00000000e0b00000, 0x00000000e0b00000|100%| O|  |TAMS 0x00000000e0b00000, 0x00000000e0a00000| Untracked 
|  11|0x00000000e0b00000, 0x00000000e0c00000, 0x00000000e0c00000|100%| O|  |TAMS 0x00000000e0b00000, 0x00000000e0b00000| Untracked 
|  12|0x00000000e0c00000, 0x00000000e0d00000, 0x00000000e0d00000|100%| O|  |TAMS 0x00000000e0c00000, 0x00000000e0c00000| Untracked 
|  13|0x00000000e0d00000, 0x00000000e0e00000, 0x00000000e0e00000|100%| O|  |TAMS 0x00000000e0d00000, 0x00000000e0d00000| Untracked 
|  14|0x00000000e0e00000, 0x00000000e0f00000, 0x00000000e0f00000|100%| O|  |TAMS 0x00000000e0f00000, 0x00000000e0e00000| Untracked 
|  15|0x00000000e0f00000, 0x00000000e1000000, 0x00000000e1000000|100%| O|  |TAMS 0x00000000e1000000, 0x00000000e0f00000| Untracked 
|  16|0x00000000e1000000, 0x00000000e1100000, 0x00000000e1100000|100%| O|  |TAMS 0x00000000e1100000, 0x00000000e1000000| Untracked 
|  17|0x00000000e1100000, 0x00000000e1200000, 0x00000000e1200000|100%| O|  |TAMS 0x00000000e1200000, 0x00000000e1100000| Untracked 
|  18|0x00000000e1200000, 0x00000000e1300000, 0x00000000e1300000|100%| O|  |TAMS 0x00000000e1300000, 0x00000000e1200000| Untracked 
|  19|0x00000000e1300000, 0x00000000e1400000, 0x00000000e1400000|100%| O|  |TAMS 0x00000000e1400000, 0x00000000e1300000| Untracked 
|  20|0x00000000e1400000, 0x00000000e1500000, 0x00000000e1500000|100%| O|  |TAMS 0x00000000e1500000, 0x00000000e1400000| Untracked 
|  21|0x00000000e1500000, 0x00000000e1600000, 0x00000000e1600000|100%| O|  |TAMS 0x00000000e1600000, 0x00000000e1500000| Untracked 
|  22|0x00000000e1600000, 0x00000000e1700000, 0x00000000e1700000|100%| O|  |TAMS 0x00000000e1700000, 0x00000000e1600000| Untracked 
|  23|0x00000000e1700000, 0x00000000e1800000, 0x00000000e1800000|100%| O|  |TAMS 0x00000000e175f200, 0x00000000e1700000| Untracked 
|  24|0x00000000e1800000, 0x00000000e1900000, 0x00000000e1900000|100%| O|  |TAMS 0x00000000e1800000, 0x00000000e1800000| Untracked 
|  25|0x00000000e1900000, 0x00000000e1a00000, 0x00000000e1a00000|100%| O|  |TAMS 0x00000000e1900000, 0x00000000e1900000| Untracked 
|  26|0x00000000e1a00000, 0x00000000e1b00000, 0x00000000e1b00000|100%| O|  |TAMS 0x00000000e1a00000, 0x00000000e1a00000| Untracked 
|  27|0x00000000e1b00000, 0x00000000e1b76c00, 0x00000000e1c00000| 46%| O|  |TAMS 0x00000000e1b00000, 0x00000000e1b00000| Untracked 
|  28|0x00000000e1c00000, 0x00000000e1c00000, 0x00000000e1d00000|  0%| F|  |TAMS 0x00000000e1c00000, 0x00000000e1c00000| Untracked 
|  29|0x00000000e1d00000, 0x00000000e1d00000, 0x00000000e1e00000|  0%| F|  |TAMS 0x00000000e1d00000, 0x00000000e1d00000| Untracked 
|  30|0x00000000e1e00000, 0x00000000e1e00000, 0x00000000e1f00000|  0%| F|  |TAMS 0x00000000e1e00000, 0x00000000e1e00000| Untracked 
|  31|0x00000000e1f00000, 0x00000000e1f00000, 0x00000000e2000000|  0%| F|  |TAMS 0x00000000e1f00000, 0x00000000e1f00000| Untracked 
|  32|0x00000000e2000000, 0x00000000e2000000, 0x00000000e2100000|  0%| F|  |TAMS 0x00000000e2000000, 0x00000000e2000000| Untracked 
|  33|0x00000000e2100000, 0x00000000e2100000, 0x00000000e2200000|  0%| F|  |TAMS 0x00000000e2100000, 0x00000000e2100000| Untracked 
|  34|0x00000000e2200000, 0x00000000e2200000, 0x00000000e2300000|  0%| F|  |TAMS 0x00000000e2200000, 0x00000000e2200000| Untracked 
|  35|0x00000000e2300000, 0x00000000e2300000, 0x00000000e2400000|  0%| F|  |TAMS 0x00000000e2300000, 0x00000000e2300000| Untracked 
|  36|0x00000000e2400000, 0x00000000e2400000, 0x00000000e2500000|  0%| F|  |TAMS 0x00000000e2400000, 0x00000000e2400000| Untracked 
|  37|0x00000000e2500000, 0x00000000e2500000, 0x00000000e2600000|  0%| F|  |TAMS 0x00000000e2500000, 0x00000000e2500000| Untracked 
|  38|0x00000000e2600000, 0x00000000e2600000, 0x00000000e2700000|  0%| F|  |TAMS 0x00000000e2600000, 0x00000000e2600000| Untracked 
|  39|0x00000000e2700000, 0x00000000e2700000, 0x00000000e2800000|  0%| F|  |TAMS 0x00000000e2700000, 0x00000000e2700000| Untracked 
|  40|0x00000000e2800000, 0x00000000e2800000, 0x00000000e2900000|  0%| F|  |TAMS 0x00000000e2800000, 0x00000000e2800000| Untracked 
|  41|0x00000000e2900000, 0x00000000e2900000, 0x00000000e2a00000|  0%| F|  |TAMS 0x00000000e2900000, 0x00000000e2900000| Untracked 
|  42|0x00000000e2a00000, 0x00000000e2a00000, 0x00000000e2b00000|  0%| F|  |TAMS 0x00000000e2a00000, 0x00000000e2a00000| Untracked 
|  43|0x00000000e2b00000, 0x00000000e2b00000, 0x00000000e2c00000|  0%| F|  |TAMS 0x00000000e2b00000, 0x00000000e2b00000| Untracked 
|  44|0x00000000e2c00000, 0x00000000e2c00000, 0x00000000e2d00000|  0%| F|  |TAMS 0x00000000e2c00000, 0x00000000e2c00000| Untracked 
|  45|0x00000000e2d00000, 0x00000000e2d00000, 0x00000000e2e00000|  0%| F|  |TAMS 0x00000000e2d00000, 0x00000000e2d00000| Untracked 
|  46|0x00000000e2e00000, 0x00000000e2e00000, 0x00000000e2f00000|  0%| F|  |TAMS 0x00000000e2e00000, 0x00000000e2e00000| Untracked 
|  47|0x00000000e2f00000, 0x00000000e2f00000, 0x00000000e3000000|  0%| F|  |TAMS 0x00000000e2f00000, 0x00000000e2f00000| Untracked 
|  48|0x00000000e3000000, 0x00000000e3000000, 0x00000000e3100000|  0%| F|  |TAMS 0x00000000e3000000, 0x00000000e3000000| Untracked 
|  49|0x00000000e3100000, 0x00000000e3100000, 0x00000000e3200000|  0%| F|  |TAMS 0x00000000e3100000, 0x00000000e3100000| Untracked 
|  50|0x00000000e3200000, 0x00000000e3200000, 0x00000000e3300000|  0%| F|  |TAMS 0x00000000e3200000, 0x00000000e3200000| Untracked 
|  51|0x00000000e3300000, 0x00000000e3300000, 0x00000000e3400000|  0%| F|  |TAMS 0x00000000e3300000, 0x00000000e3300000| Untracked 
|  52|0x00000000e3400000, 0x00000000e3400000, 0x00000000e3500000|  0%| F|  |TAMS 0x00000000e3400000, 0x00000000e3400000| Untracked 
|  53|0x00000000e3500000, 0x00000000e3500000, 0x00000000e3600000|  0%| F|  |TAMS 0x00000000e3500000, 0x00000000e3500000| Untracked 
|  54|0x00000000e3600000, 0x00000000e3600000, 0x00000000e3700000|  0%| F|  |TAMS 0x00000000e3600000, 0x00000000e3600000| Untracked 
|  55|0x00000000e3700000, 0x00000000e3700000, 0x00000000e3800000|  0%| F|  |TAMS 0x00000000e3700000, 0x00000000e3700000| Untracked 
|  56|0x00000000e3800000, 0x00000000e3800000, 0x00000000e3900000|  0%| F|  |TAMS 0x00000000e3800000, 0x00000000e3800000| Untracked 
|  57|0x00000000e3900000, 0x00000000e3900000, 0x00000000e3a00000|  0%| F|  |TAMS 0x00000000e3900000, 0x00000000e3900000| Untracked 
|  58|0x00000000e3a00000, 0x00000000e3a00000, 0x00000000e3b00000|  0%| F|  |TAMS 0x00000000e3a00000, 0x00000000e3a00000| Untracked 
|  59|0x00000000e3b00000, 0x00000000e3b00000, 0x00000000e3c00000|  0%| F|  |TAMS 0x00000000e3b00000, 0x00000000e3b00000| Untracked 
|  60|0x00000000e3c00000, 0x00000000e3c00000, 0x00000000e3d00000|  0%| F|  |TAMS 0x00000000e3c00000, 0x00000000e3c00000| Untracked 
|  61|0x00000000e3d00000, 0x00000000e3d00000, 0x00000000e3e00000|  0%| F|  |TAMS 0x00000000e3d00000, 0x00000000e3d00000| Untracked 
|  62|0x00000000e3e00000, 0x00000000e3e00000, 0x00000000e3f00000|  0%| F|  |TAMS 0x00000000e3e00000, 0x00000000e3e00000| Untracked 
|  63|0x00000000e3f00000, 0x00000000e3f00000, 0x00000000e4000000|  0%| F|  |TAMS 0x00000000e3f00000, 0x00000000e3f00000| Untracked 
|  64|0x00000000e4000000, 0x00000000e4000000, 0x00000000e4100000|  0%| F|  |TAMS 0x00000000e4000000, 0x00000000e4000000| Untracked 
|  65|0x00000000e4100000, 0x00000000e4100000, 0x00000000e4200000|  0%| F|  |TAMS 0x00000000e4100000, 0x00000000e4100000| Untracked 
|  66|0x00000000e4200000, 0x00000000e4200000, 0x00000000e4300000|  0%| F|  |TAMS 0x00000000e4200000, 0x00000000e4200000| Untracked 
|  67|0x00000000e4300000, 0x00000000e4300000, 0x00000000e4400000|  0%| F|  |TAMS 0x00000000e4300000, 0x00000000e4300000| Untracked 
|  68|0x00000000e4400000, 0x00000000e4400000, 0x00000000e4500000|  0%| F|  |TAMS 0x00000000e4400000, 0x00000000e4400000| Untracked 
|  69|0x00000000e4500000, 0x00000000e4500000, 0x00000000e4600000|  0%| F|  |TAMS 0x00000000e4500000, 0x00000000e4500000| Untracked 
|  70|0x00000000e4600000, 0x00000000e4600000, 0x00000000e4700000|  0%| F|  |TAMS 0x00000000e4600000, 0x00000000e4600000| Untracked 
|  71|0x00000000e4700000, 0x00000000e4700000, 0x00000000e4800000|  0%| F|  |TAMS 0x00000000e4700000, 0x00000000e4700000| Untracked 
|  72|0x00000000e4800000, 0x00000000e4800000, 0x00000000e4900000|  0%| F|  |TAMS 0x00000000e4800000, 0x00000000e4800000| Untracked 
|  73|0x00000000e4900000, 0x00000000e4900000, 0x00000000e4a00000|  0%| F|  |TAMS 0x00000000e4900000, 0x00000000e4900000| Untracked 
|  74|0x00000000e4a00000, 0x00000000e4a00000, 0x00000000e4b00000|  0%| F|  |TAMS 0x00000000e4a00000, 0x00000000e4a00000| Untracked 
|  75|0x00000000e4b00000, 0x00000000e4b00000, 0x00000000e4c00000|  0%| F|  |TAMS 0x00000000e4b00000, 0x00000000e4b00000| Untracked 
|  76|0x00000000e4c00000, 0x00000000e4c00000, 0x00000000e4d00000|  0%| F|  |TAMS 0x00000000e4c00000, 0x00000000e4c00000| Untracked 
|  77|0x00000000e4d00000, 0x00000000e4d00000, 0x00000000e4e00000|  0%| F|  |TAMS 0x00000000e4d00000, 0x00000000e4d00000| Untracked 
|  78|0x00000000e4e00000, 0x00000000e4e00000, 0x00000000e4f00000|  0%| F|  |TAMS 0x00000000e4e00000, 0x00000000e4e00000| Untracked 
|  79|0x00000000e4f00000, 0x00000000e4f00000, 0x00000000e5000000|  0%| F|  |TAMS 0x00000000e4f00000, 0x00000000e4f00000| Untracked 
|  80|0x00000000e5000000, 0x00000000e5000000, 0x00000000e5100000|  0%| F|  |TAMS 0x00000000e5000000, 0x00000000e5000000| Untracked 
|  81|0x00000000e5100000, 0x00000000e5100000, 0x00000000e5200000|  0%| F|  |TAMS 0x00000000e5100000, 0x00000000e5100000| Untracked 
|  82|0x00000000e5200000, 0x00000000e5200000, 0x00000000e5300000|  0%| F|  |TAMS 0x00000000e5200000, 0x00000000e5200000| Untracked 
|  83|0x00000000e5300000, 0x00000000e5300000, 0x00000000e5400000|  0%| F|  |TAMS 0x00000000e5300000, 0x00000000e5300000| Untracked 
|  84|0x00000000e5400000, 0x00000000e5400000, 0x00000000e5500000|  0%| F|  |TAMS 0x00000000e5400000, 0x00000000e5400000| Untracked 
|  85|0x00000000e5500000, 0x00000000e5500000, 0x00000000e5600000|  0%| F|  |TAMS 0x00000000e5500000, 0x00000000e5500000| Untracked 
|  86|0x00000000e5600000, 0x00000000e5600000, 0x00000000e5700000|  0%| F|  |TAMS 0x00000000e5600000, 0x00000000e5600000| Untracked 
|  87|0x00000000e5700000, 0x00000000e5700000, 0x00000000e5800000|  0%| F|  |TAMS 0x00000000e5700000, 0x00000000e5700000| Untracked 
|  88|0x00000000e5800000, 0x00000000e5800000, 0x00000000e5900000|  0%| F|  |TAMS 0x00000000e5800000, 0x00000000e5800000| Untracked 
|  89|0x00000000e5900000, 0x00000000e5900000, 0x00000000e5a00000|  0%| F|  |TAMS 0x00000000e5900000, 0x00000000e5900000| Untracked 
|  90|0x00000000e5a00000, 0x00000000e5a00000, 0x00000000e5b00000|  0%| F|  |TAMS 0x00000000e5a00000, 0x00000000e5a00000| Untracked 
|  91|0x00000000e5b00000, 0x00000000e5b00000, 0x00000000e5c00000|  0%| F|  |TAMS 0x00000000e5b00000, 0x00000000e5b00000| Untracked 
|  92|0x00000000e5c00000, 0x00000000e5c00000, 0x00000000e5d00000|  0%| F|  |TAMS 0x00000000e5c00000, 0x00000000e5c00000| Untracked 
|  93|0x00000000e5d00000, 0x00000000e5d00000, 0x00000000e5e00000|  0%| F|  |TAMS 0x00000000e5d00000, 0x00000000e5d00000| Untracked 
|  94|0x00000000e5e00000, 0x00000000e5e00000, 0x00000000e5f00000|  0%| F|  |TAMS 0x00000000e5e00000, 0x00000000e5e00000| Untracked 
|  95|0x00000000e5f00000, 0x00000000e5f00000, 0x00000000e6000000|  0%| F|  |TAMS 0x00000000e5f00000, 0x00000000e5f00000| Untracked 
|  96|0x00000000e6000000, 0x00000000e6000000, 0x00000000e6100000|  0%| F|  |TAMS 0x00000000e6000000, 0x00000000e6000000| Untracked 
|  97|0x00000000e6100000, 0x00000000e6100000, 0x00000000e6200000|  0%| F|  |TAMS 0x00000000e6100000, 0x00000000e6100000| Untracked 
|  98|0x00000000e6200000, 0x00000000e6200000, 0x00000000e6300000|  0%| F|  |TAMS 0x00000000e6200000, 0x00000000e6200000| Untracked 
|  99|0x00000000e6300000, 0x00000000e6300000, 0x00000000e6400000|  0%| F|  |TAMS 0x00000000e6300000, 0x00000000e6300000| Untracked 
| 100|0x00000000e6400000, 0x00000000e6400000, 0x00000000e6500000|  0%| F|  |TAMS 0x00000000e6400000, 0x00000000e6400000| Untracked 
| 101|0x00000000e6500000, 0x00000000e6500000, 0x00000000e6600000|  0%| F|  |TAMS 0x00000000e6500000, 0x00000000e6500000| Untracked 
| 102|0x00000000e6600000, 0x00000000e6600000, 0x00000000e6700000|  0%| F|  |TAMS 0x00000000e6600000, 0x00000000e6600000| Untracked 
| 103|0x00000000e6700000, 0x00000000e6700000, 0x00000000e6800000|  0%| F|  |TAMS 0x00000000e6700000, 0x00000000e6700000| Untracked 
| 104|0x00000000e6800000, 0x00000000e6800000, 0x00000000e6900000|  0%| F|  |TAMS 0x00000000e6800000, 0x00000000e6800000| Untracked 
| 105|0x00000000e6900000, 0x00000000e6900000, 0x00000000e6a00000|  0%| F|  |TAMS 0x00000000e6900000, 0x00000000e6900000| Untracked 
| 106|0x00000000e6a00000, 0x00000000e6a00000, 0x00000000e6b00000|  0%| F|  |TAMS 0x00000000e6a00000, 0x00000000e6a00000| Untracked 
| 107|0x00000000e6b00000, 0x00000000e6b00000, 0x00000000e6c00000|  0%| F|  |TAMS 0x00000000e6b00000, 0x00000000e6b00000| Untracked 
| 108|0x00000000e6c00000, 0x00000000e6c00000, 0x00000000e6d00000|  0%| F|  |TAMS 0x00000000e6c00000, 0x00000000e6c00000| Untracked 
| 109|0x00000000e6d00000, 0x00000000e6d00000, 0x00000000e6e00000|  0%| F|  |TAMS 0x00000000e6d00000, 0x00000000e6d00000| Untracked 
| 110|0x00000000e6e00000, 0x00000000e6e00000, 0x00000000e6f00000|  0%| F|  |TAMS 0x00000000e6e00000, 0x00000000e6e00000| Untracked 
| 111|0x00000000e6f00000, 0x00000000e6f00000, 0x00000000e7000000|  0%| F|  |TAMS 0x00000000e6f00000, 0x00000000e6f00000| Untracked 
| 112|0x00000000e7000000, 0x00000000e7000000, 0x00000000e7100000|  0%| F|  |TAMS 0x00000000e7000000, 0x00000000e7000000| Untracked 
| 113|0x00000000e7100000, 0x00000000e7100000, 0x00000000e7200000|  0%| F|  |TAMS 0x00000000e7100000, 0x00000000e7100000| Untracked 
| 114|0x00000000e7200000, 0x00000000e7200000, 0x00000000e7300000|  0%| F|  |TAMS 0x00000000e7200000, 0x00000000e7200000| Untracked 
| 115|0x00000000e7300000, 0x00000000e7300000, 0x00000000e7400000|  0%| F|  |TAMS 0x00000000e7300000, 0x00000000e7300000| Untracked 
| 116|0x00000000e7400000, 0x00000000e7400000, 0x00000000e7500000|  0%| F|  |TAMS 0x00000000e7400000, 0x00000000e7400000| Untracked 
| 117|0x00000000e7500000, 0x00000000e7500000, 0x00000000e7600000|  0%| F|  |TAMS 0x00000000e7500000, 0x00000000e7500000| Untracked 
| 118|0x00000000e7600000, 0x00000000e7600000, 0x00000000e7700000|  0%| F|  |TAMS 0x00000000e7600000, 0x00000000e7600000| Untracked 
| 119|0x00000000e7700000, 0x00000000e77b9408, 0x00000000e7800000| 72%| E|  |TAMS 0x00000000e7700000, 0x00000000e7700000| Complete 
| 120|0x00000000e7800000, 0x00000000e7900000, 0x00000000e7900000|100%| E|CS|TAMS 0x00000000e7800000, 0x00000000e7800000| Complete 
| 121|0x00000000e7900000, 0x00000000e7a00000, 0x00000000e7a00000|100%| E|CS|TAMS 0x00000000e7900000, 0x00000000e7900000| Complete 
| 122|0x00000000e7a00000, 0x00000000e7b00000, 0x00000000e7b00000|100%| E|CS|TAMS 0x00000000e7a00000, 0x00000000e7a00000| Complete 
| 123|0x00000000e7b00000, 0x00000000e7c00000, 0x00000000e7c00000|100%| E|CS|TAMS 0x00000000e7b00000, 0x00000000e7b00000| Complete 
| 124|0x00000000e7c00000, 0x00000000e7d00000, 0x00000000e7d00000|100%| E|CS|TAMS 0x00000000e7c00000, 0x00000000e7c00000| Complete 
| 125|0x00000000e7d00000, 0x00000000e7e00000, 0x00000000e7e00000|100%| E|CS|TAMS 0x00000000e7d00000, 0x00000000e7d00000| Complete 
| 126|0x00000000e7e00000, 0x00000000e7f00000, 0x00000000e7f00000|100%| E|CS|TAMS 0x00000000e7e00000, 0x00000000e7e00000| Complete 
| 127|0x00000000e7f00000, 0x00000000e8000000, 0x00000000e8000000|100%| E|CS|TAMS 0x00000000e7f00000, 0x00000000e7f00000| Complete 
| 128|0x00000000e8000000, 0x00000000e8100000, 0x00000000e8100000|100%| E|CS|TAMS 0x00000000e8000000, 0x00000000e8000000| Complete 
| 129|0x00000000e8100000, 0x00000000e8200000, 0x00000000e8200000|100%| E|CS|TAMS 0x00000000e8100000, 0x00000000e8100000| Complete 
| 130|0x00000000e8200000, 0x00000000e8300000, 0x00000000e8300000|100%| E|CS|TAMS 0x00000000e8200000, 0x00000000e8200000| Complete 
| 131|0x00000000e8300000, 0x00000000e8400000, 0x00000000e8400000|100%| E|CS|TAMS 0x00000000e8300000, 0x00000000e8300000| Complete 
| 132|0x00000000e8400000, 0x00000000e8500000, 0x00000000e8500000|100%| E|CS|TAMS 0x00000000e8400000, 0x00000000e8400000| Complete 
| 133|0x00000000e8500000, 0x00000000e8600000, 0x00000000e8600000|100%| E|CS|TAMS 0x00000000e8500000, 0x00000000e8500000| Complete 
| 134|0x00000000e8600000, 0x00000000e8700000, 0x00000000e8700000|100%| E|CS|TAMS 0x00000000e8600000, 0x00000000e8600000| Complete 
| 135|0x00000000e8700000, 0x00000000e8800000, 0x00000000e8800000|100%| E|CS|TAMS 0x00000000e8700000, 0x00000000e8700000| Complete 
| 136|0x00000000e8800000, 0x00000000e8900000, 0x00000000e8900000|100%| E|CS|TAMS 0x00000000e8800000, 0x00000000e8800000| Complete 
| 137|0x00000000e8900000, 0x00000000e8a00000, 0x00000000e8a00000|100%| E|CS|TAMS 0x00000000e8900000, 0x00000000e8900000| Complete 
| 138|0x00000000e8a00000, 0x00000000e8b00000, 0x00000000e8b00000|100%| E|CS|TAMS 0x00000000e8a00000, 0x00000000e8a00000| Complete 
| 139|0x00000000e8b00000, 0x00000000e8c00000, 0x00000000e8c00000|100%| E|CS|TAMS 0x00000000e8b00000, 0x00000000e8b00000| Complete 
| 140|0x00000000e8c00000, 0x00000000e8d00000, 0x00000000e8d00000|100%| E|CS|TAMS 0x00000000e8c00000, 0x00000000e8c00000| Complete 
| 141|0x00000000e8d00000, 0x00000000e8e00000, 0x00000000e8e00000|100%| E|CS|TAMS 0x00000000e8d00000, 0x00000000e8d00000| Complete 
| 142|0x00000000e8e00000, 0x00000000e8f00000, 0x00000000e8f00000|100%| E|CS|TAMS 0x00000000e8e00000, 0x00000000e8e00000| Complete 
| 143|0x00000000e8f00000, 0x00000000e9000000, 0x00000000e9000000|100%| E|CS|TAMS 0x00000000e8f00000, 0x00000000e8f00000| Complete 
| 144|0x00000000e9000000, 0x00000000e9100000, 0x00000000e9100000|100%| E|CS|TAMS 0x00000000e9000000, 0x00000000e9000000| Complete 
| 145|0x00000000e9100000, 0x00000000e9200000, 0x00000000e9200000|100%| E|CS|TAMS 0x00000000e9100000, 0x00000000e9100000| Complete 
| 146|0x00000000e9200000, 0x00000000e9300000, 0x00000000e9300000|100%| E|CS|TAMS 0x00000000e9200000, 0x00000000e9200000| Complete 
| 147|0x00000000e9300000, 0x00000000e9400000, 0x00000000e9400000|100%| E|CS|TAMS 0x00000000e9300000, 0x00000000e9300000| Complete 
| 148|0x00000000e9400000, 0x00000000e9500000, 0x00000000e9500000|100%| E|CS|TAMS 0x00000000e9400000, 0x00000000e9400000| Complete 
| 149|0x00000000e9500000, 0x00000000e9600000, 0x00000000e9600000|100%| E|CS|TAMS 0x00000000e9500000, 0x00000000e9500000| Complete 
| 150|0x00000000e9600000, 0x00000000e9700000, 0x00000000e9700000|100%| E|CS|TAMS 0x00000000e9600000, 0x00000000e9600000| Complete 
| 151|0x00000000e9700000, 0x00000000e9800000, 0x00000000e9800000|100%| E|CS|TAMS 0x00000000e9700000, 0x00000000e9700000| Complete 
| 152|0x00000000e9800000, 0x00000000e9900000, 0x00000000e9900000|100%| E|CS|TAMS 0x00000000e9800000, 0x00000000e9800000| Complete 
| 153|0x00000000e9900000, 0x00000000e9a00000, 0x00000000e9a00000|100%| E|CS|TAMS 0x00000000e9900000, 0x00000000e9900000| Complete 
| 154|0x00000000e9a00000, 0x00000000e9b00000, 0x00000000e9b00000|100%| E|CS|TAMS 0x00000000e9a00000, 0x00000000e9a00000| Complete 
| 155|0x00000000e9b00000, 0x00000000e9c00000, 0x00000000e9c00000|100%| E|CS|TAMS 0x00000000e9b00000, 0x00000000e9b00000| Complete 
| 156|0x00000000e9c00000, 0x00000000e9d00000, 0x00000000e9d00000|100%| E|CS|TAMS 0x00000000e9c00000, 0x00000000e9c00000| Complete 
| 157|0x00000000e9d00000, 0x00000000e9e00000, 0x00000000e9e00000|100%| E|CS|TAMS 0x00000000e9d00000, 0x00000000e9d00000| Complete 
| 158|0x00000000e9e00000, 0x00000000e9f00000, 0x00000000e9f00000|100%| E|CS|TAMS 0x00000000e9e00000, 0x00000000e9e00000| Complete 
| 159|0x00000000e9f00000, 0x00000000ea000000, 0x00000000ea000000|100%| E|CS|TAMS 0x00000000e9f00000, 0x00000000e9f00000| Complete 
| 160|0x00000000ea000000, 0x00000000ea100000, 0x00000000ea100000|100%| E|CS|TAMS 0x00000000ea000000, 0x00000000ea000000| Complete 
| 161|0x00000000ea100000, 0x00000000ea200000, 0x00000000ea200000|100%| E|CS|TAMS 0x00000000ea100000, 0x00000000ea100000| Complete 
| 162|0x00000000ea200000, 0x00000000ea300000, 0x00000000ea300000|100%| E|CS|TAMS 0x00000000ea200000, 0x00000000ea200000| Complete 
| 163|0x00000000ea300000, 0x00000000ea400000, 0x00000000ea400000|100%| E|CS|TAMS 0x00000000ea300000, 0x00000000ea300000| Complete 
| 164|0x00000000ea400000, 0x00000000ea500000, 0x00000000ea500000|100%| E|CS|TAMS 0x00000000ea400000, 0x00000000ea400000| Complete 
| 165|0x00000000ea500000, 0x00000000ea600000, 0x00000000ea600000|100%| E|CS|TAMS 0x00000000ea500000, 0x00000000ea500000| Complete 
| 166|0x00000000ea600000, 0x00000000ea700000, 0x00000000ea700000|100%| E|CS|TAMS 0x00000000ea600000, 0x00000000ea600000| Complete 
| 167|0x00000000ea700000, 0x00000000ea800000, 0x00000000ea800000|100%| E|CS|TAMS 0x00000000ea700000, 0x00000000ea700000| Complete 
| 168|0x00000000ea800000, 0x00000000ea900000, 0x00000000ea900000|100%| E|CS|TAMS 0x00000000ea800000, 0x00000000ea800000| Complete 
| 169|0x00000000ea900000, 0x00000000eaa00000, 0x00000000eaa00000|100%| E|CS|TAMS 0x00000000ea900000, 0x00000000ea900000| Complete 
| 170|0x00000000eaa00000, 0x00000000eab00000, 0x00000000eab00000|100%| E|CS|TAMS 0x00000000eaa00000, 0x00000000eaa00000| Complete 
| 171|0x00000000eab00000, 0x00000000eac00000, 0x00000000eac00000|100%| E|CS|TAMS 0x00000000eab00000, 0x00000000eab00000| Complete 
| 172|0x00000000eac00000, 0x00000000ead00000, 0x00000000ead00000|100%| E|CS|TAMS 0x00000000eac00000, 0x00000000eac00000| Complete 
| 173|0x00000000ead00000, 0x00000000eae00000, 0x00000000eae00000|100%| E|CS|TAMS 0x00000000ead00000, 0x00000000ead00000| Complete 
| 174|0x00000000eae00000, 0x00000000eaf00000, 0x00000000eaf00000|100%| E|CS|TAMS 0x00000000eae00000, 0x00000000eae00000| Complete 
| 175|0x00000000eaf00000, 0x00000000eb000000, 0x00000000eb000000|100%| E|CS|TAMS 0x00000000eaf00000, 0x00000000eaf00000| Complete 
| 176|0x00000000eb000000, 0x00000000eb100000, 0x00000000eb100000|100%| E|CS|TAMS 0x00000000eb000000, 0x00000000eb000000| Complete 
| 177|0x00000000eb100000, 0x00000000eb200000, 0x00000000eb200000|100%| E|CS|TAMS 0x00000000eb100000, 0x00000000eb100000| Complete 
| 178|0x00000000eb200000, 0x00000000eb300000, 0x00000000eb300000|100%| E|CS|TAMS 0x00000000eb200000, 0x00000000eb200000| Complete 
| 179|0x00000000eb300000, 0x00000000eb400000, 0x00000000eb400000|100%| E|CS|TAMS 0x00000000eb300000, 0x00000000eb300000| Complete 
| 180|0x00000000eb400000, 0x00000000eb500000, 0x00000000eb500000|100%| E|CS|TAMS 0x00000000eb400000, 0x00000000eb400000| Complete 
| 181|0x00000000eb500000, 0x00000000eb600000, 0x00000000eb600000|100%| E|CS|TAMS 0x00000000eb500000, 0x00000000eb500000| Complete 
| 182|0x00000000eb600000, 0x00000000eb700000, 0x00000000eb700000|100%| E|CS|TAMS 0x00000000eb600000, 0x00000000eb600000| Complete 
| 183|0x00000000eb700000, 0x00000000eb800000, 0x00000000eb800000|100%| E|CS|TAMS 0x00000000eb700000, 0x00000000eb700000| Complete 
| 184|0x00000000eb800000, 0x00000000eb900000, 0x00000000eb900000|100%| E|CS|TAMS 0x00000000eb800000, 0x00000000eb800000| Complete 
| 185|0x00000000eb900000, 0x00000000eba00000, 0x00000000eba00000|100%| E|CS|TAMS 0x00000000eb900000, 0x00000000eb900000| Complete 
| 186|0x00000000eba00000, 0x00000000ebb00000, 0x00000000ebb00000|100%| E|CS|TAMS 0x00000000eba00000, 0x00000000eba00000| Complete 
| 187|0x00000000ebb00000, 0x00000000ebc00000, 0x00000000ebc00000|100%| E|CS|TAMS 0x00000000ebb00000, 0x00000000ebb00000| Complete 
| 188|0x00000000ebc00000, 0x00000000ebd00000, 0x00000000ebd00000|100%| E|CS|TAMS 0x00000000ebc00000, 0x00000000ebc00000| Complete 
| 189|0x00000000ebd00000, 0x00000000ebe00000, 0x00000000ebe00000|100%| E|CS|TAMS 0x00000000ebd00000, 0x00000000ebd00000| Complete 
| 190|0x00000000ebe00000, 0x00000000ebf00000, 0x00000000ebf00000|100%| E|CS|TAMS 0x00000000ebe00000, 0x00000000ebe00000| Complete 
| 191|0x00000000ebf00000, 0x00000000ec000000, 0x00000000ec000000|100%| E|CS|TAMS 0x00000000ebf00000, 0x00000000ebf00000| Complete 
| 192|0x00000000ec000000, 0x00000000ec100000, 0x00000000ec100000|100%| E|CS|TAMS 0x00000000ec000000, 0x00000000ec000000| Complete 
| 193|0x00000000ec100000, 0x00000000ec200000, 0x00000000ec200000|100%| E|CS|TAMS 0x00000000ec100000, 0x00000000ec100000| Complete 
| 194|0x00000000ec200000, 0x00000000ec300000, 0x00000000ec300000|100%| E|CS|TAMS 0x00000000ec200000, 0x00000000ec200000| Complete 
| 195|0x00000000ec300000, 0x00000000ec400000, 0x00000000ec400000|100%| E|CS|TAMS 0x00000000ec300000, 0x00000000ec300000| Complete 
| 196|0x00000000ec400000, 0x00000000ec500000, 0x00000000ec500000|100%| E|CS|TAMS 0x00000000ec400000, 0x00000000ec400000| Complete 
| 197|0x00000000ec500000, 0x00000000ec600000, 0x00000000ec600000|100%| E|CS|TAMS 0x00000000ec500000, 0x00000000ec500000| Complete 
| 198|0x00000000ec600000, 0x00000000ec700000, 0x00000000ec700000|100%| E|CS|TAMS 0x00000000ec600000, 0x00000000ec600000| Complete 
| 199|0x00000000ec700000, 0x00000000ec800000, 0x00000000ec800000|100%| E|CS|TAMS 0x00000000ec700000, 0x00000000ec700000| Complete 
| 200|0x00000000ec800000, 0x00000000ec900000, 0x00000000ec900000|100%| E|CS|TAMS 0x00000000ec800000, 0x00000000ec800000| Complete 
| 201|0x00000000ec900000, 0x00000000eca00000, 0x00000000eca00000|100%| E|CS|TAMS 0x00000000ec900000, 0x00000000ec900000| Complete 
| 202|0x00000000eca00000, 0x00000000ecb00000, 0x00000000ecb00000|100%| E|CS|TAMS 0x00000000eca00000, 0x00000000eca00000| Complete 
| 203|0x00000000ecb00000, 0x00000000ecc00000, 0x00000000ecc00000|100%| E|CS|TAMS 0x00000000ecb00000, 0x00000000ecb00000| Complete 
| 204|0x00000000ecc00000, 0x00000000ecd00000, 0x00000000ecd00000|100%| E|CS|TAMS 0x00000000ecc00000, 0x00000000ecc00000| Complete 
| 205|0x00000000ecd00000, 0x00000000ece00000, 0x00000000ece00000|100%| E|CS|TAMS 0x00000000ecd00000, 0x00000000ecd00000| Complete 
| 206|0x00000000ece00000, 0x00000000ecf00000, 0x00000000ecf00000|100%| E|CS|TAMS 0x00000000ece00000, 0x00000000ece00000| Complete 
| 207|0x00000000ecf00000, 0x00000000ed000000, 0x00000000ed000000|100%| E|CS|TAMS 0x00000000ecf00000, 0x00000000ecf00000| Complete 
| 208|0x00000000ed000000, 0x00000000ed100000, 0x00000000ed100000|100%| E|CS|TAMS 0x00000000ed000000, 0x00000000ed000000| Complete 
| 209|0x00000000ed100000, 0x00000000ed200000, 0x00000000ed200000|100%| E|CS|TAMS 0x00000000ed100000, 0x00000000ed100000| Complete 
| 210|0x00000000ed200000, 0x00000000ed300000, 0x00000000ed300000|100%| E|CS|TAMS 0x00000000ed200000, 0x00000000ed200000| Complete 
| 211|0x00000000ed300000, 0x00000000ed400000, 0x00000000ed400000|100%| E|CS|TAMS 0x00000000ed300000, 0x00000000ed300000| Complete 
| 212|0x00000000ed400000, 0x00000000ed500000, 0x00000000ed500000|100%| E|CS|TAMS 0x00000000ed400000, 0x00000000ed400000| Complete 
| 213|0x00000000ed500000, 0x00000000ed600000, 0x00000000ed600000|100%| E|CS|TAMS 0x00000000ed500000, 0x00000000ed500000| Complete 
| 214|0x00000000ed600000, 0x00000000ed700000, 0x00000000ed700000|100%| E|CS|TAMS 0x00000000ed600000, 0x00000000ed600000| Complete 
| 215|0x00000000ed700000, 0x00000000ed800000, 0x00000000ed800000|100%| E|CS|TAMS 0x00000000ed700000, 0x00000000ed700000| Complete 
| 216|0x00000000ed800000, 0x00000000ed900000, 0x00000000ed900000|100%| E|CS|TAMS 0x00000000ed800000, 0x00000000ed800000| Complete 
| 217|0x00000000ed900000, 0x00000000eda00000, 0x00000000eda00000|100%| E|CS|TAMS 0x00000000ed900000, 0x00000000ed900000| Complete 
| 218|0x00000000eda00000, 0x00000000edb00000, 0x00000000edb00000|100%| E|CS|TAMS 0x00000000eda00000, 0x00000000eda00000| Complete 
| 219|0x00000000edb00000, 0x00000000edc00000, 0x00000000edc00000|100%| E|CS|TAMS 0x00000000edb00000, 0x00000000edb00000| Complete 
| 220|0x00000000edc00000, 0x00000000edd00000, 0x00000000edd00000|100%| E|CS|TAMS 0x00000000edc00000, 0x00000000edc00000| Complete 
| 221|0x00000000edd00000, 0x00000000ede00000, 0x00000000ede00000|100%| E|CS|TAMS 0x00000000edd00000, 0x00000000edd00000| Complete 
| 222|0x00000000ede00000, 0x00000000edf00000, 0x00000000edf00000|100%| E|CS|TAMS 0x00000000ede00000, 0x00000000ede00000| Complete 
| 223|0x00000000edf00000, 0x00000000ee000000, 0x00000000ee000000|100%| E|CS|TAMS 0x00000000edf00000, 0x00000000edf00000| Complete 
| 224|0x00000000ee000000, 0x00000000ee100000, 0x00000000ee100000|100%| E|CS|TAMS 0x00000000ee000000, 0x00000000ee000000| Complete 
| 225|0x00000000ee100000, 0x00000000ee200000, 0x00000000ee200000|100%| E|CS|TAMS 0x00000000ee100000, 0x00000000ee100000| Complete 
| 226|0x00000000ee200000, 0x00000000ee300000, 0x00000000ee300000|100%| E|CS|TAMS 0x00000000ee200000, 0x00000000ee200000| Complete 
| 227|0x00000000ee300000, 0x00000000ee400000, 0x00000000ee400000|100%| E|CS|TAMS 0x00000000ee300000, 0x00000000ee300000| Complete 
| 228|0x00000000ee400000, 0x00000000ee500000, 0x00000000ee500000|100%| E|CS|TAMS 0x00000000ee400000, 0x00000000ee400000| Complete 
| 229|0x00000000ee500000, 0x00000000ee600000, 0x00000000ee600000|100%| E|CS|TAMS 0x00000000ee500000, 0x00000000ee500000| Complete 
| 230|0x00000000ee600000, 0x00000000ee700000, 0x00000000ee700000|100%| E|CS|TAMS 0x00000000ee600000, 0x00000000ee600000| Complete 
| 231|0x00000000ee700000, 0x00000000ee800000, 0x00000000ee800000|100%| E|CS|TAMS 0x00000000ee700000, 0x00000000ee700000| Complete 
| 232|0x00000000ee800000, 0x00000000ee900000, 0x00000000ee900000|100%| E|CS|TAMS 0x00000000ee800000, 0x00000000ee800000| Complete 
| 233|0x00000000ee900000, 0x00000000eea00000, 0x00000000eea00000|100%| E|CS|TAMS 0x00000000ee900000, 0x00000000ee900000| Complete 
| 234|0x00000000eea00000, 0x00000000eeb00000, 0x00000000eeb00000|100%| E|CS|TAMS 0x00000000eea00000, 0x00000000eea00000| Complete 
| 235|0x00000000eeb00000, 0x00000000eec00000, 0x00000000eec00000|100%| E|CS|TAMS 0x00000000eeb00000, 0x00000000eeb00000| Complete 
| 236|0x00000000eec00000, 0x00000000eed00000, 0x00000000eed00000|100%| E|CS|TAMS 0x00000000eec00000, 0x00000000eec00000| Complete 
| 237|0x00000000eed00000, 0x00000000eee00000, 0x00000000eee00000|100%| E|CS|TAMS 0x00000000eed00000, 0x00000000eed00000| Complete 
| 238|0x00000000eee00000, 0x00000000eef00000, 0x00000000eef00000|100%| E|CS|TAMS 0x00000000eee00000, 0x00000000eee00000| Complete 
| 239|0x00000000eef00000, 0x00000000ef000000, 0x00000000ef000000|100%| E|CS|TAMS 0x00000000eef00000, 0x00000000eef00000| Complete 
| 240|0x00000000ef000000, 0x00000000ef100000, 0x00000000ef100000|100%| E|CS|TAMS 0x00000000ef000000, 0x00000000ef000000| Complete 
| 241|0x00000000ef100000, 0x00000000ef200000, 0x00000000ef200000|100%| E|CS|TAMS 0x00000000ef100000, 0x00000000ef100000| Complete 
| 242|0x00000000ef200000, 0x00000000ef300000, 0x00000000ef300000|100%| E|CS|TAMS 0x00000000ef200000, 0x00000000ef200000| Complete 
| 243|0x00000000ef300000, 0x00000000ef400000, 0x00000000ef400000|100%| E|CS|TAMS 0x00000000ef300000, 0x00000000ef300000| Complete 
| 244|0x00000000ef400000, 0x00000000ef500000, 0x00000000ef500000|100%| E|CS|TAMS 0x00000000ef400000, 0x00000000ef400000| Complete 
| 245|0x00000000ef500000, 0x00000000ef600000, 0x00000000ef600000|100%| S|CS|TAMS 0x00000000ef500000, 0x00000000ef500000| Complete 
| 246|0x00000000ef600000, 0x00000000ef700000, 0x00000000ef700000|100%| E|CS|TAMS 0x00000000ef600000, 0x00000000ef600000| Complete 
| 247|0x00000000ef700000, 0x00000000ef800000, 0x00000000ef800000|100%| E|CS|TAMS 0x00000000ef700000, 0x00000000ef700000| Complete 
| 248|0x00000000ef800000, 0x00000000ef900000, 0x00000000ef900000|100%| E|CS|TAMS 0x00000000ef800000, 0x00000000ef800000| Complete 
| 249|0x00000000ef900000, 0x00000000efa00000, 0x00000000efa00000|100%| E|CS|TAMS 0x00000000ef900000, 0x00000000ef900000| Complete 
| 250|0x00000000efa00000, 0x00000000efb00000, 0x00000000efb00000|100%| E|CS|TAMS 0x00000000efa00000, 0x00000000efa00000| Complete 
| 251|0x00000000efb00000, 0x00000000efc00000, 0x00000000efc00000|100%| E|CS|TAMS 0x00000000efb00000, 0x00000000efb00000| Complete 
| 252|0x00000000efc00000, 0x00000000efd00000, 0x00000000efd00000|100%| E|CS|TAMS 0x00000000efc00000, 0x00000000efc00000| Complete 
| 253|0x00000000efd00000, 0x00000000efe00000, 0x00000000efe00000|100%| E|CS|TAMS 0x00000000efd00000, 0x00000000efd00000| Complete 
| 254|0x00000000efe00000, 0x00000000eff00000, 0x00000000eff00000|100%| E|CS|TAMS 0x00000000efe00000, 0x00000000efe00000| Complete 
| 255|0x00000000eff00000, 0x00000000f0000000, 0x00000000f0000000|100%| E|CS|TAMS 0x00000000eff00000, 0x00000000eff00000| Complete 

Card table byte_map: [0x000001f032360000,0x000001f032460000] _byte_map_base: 0x000001f031c60000

Marking Bits (Prev, Next): (CMBitMap*) 0x000001f01a4b1050, (CMBitMap*) 0x000001f01a4b1090
 Prev Bits: [0x000001f032560000, 0x000001f032d60000)
 Next Bits: [0x000001f032d60000, 0x000001f033560000)

Polling page: 0x000001f018b00000

Metaspace:

Usage:
  Non-class:     45.85 MB used.
      Class:      7.16 MB used.
       Both:     53.01 MB used.

Virtual space:
  Non-class space:       48.00 MB reserved,      46.13 MB ( 96%) committed,  6 nodes.
      Class space:      208.00 MB reserved,       7.44 MB (  4%) committed,  1 nodes.
              Both:      256.00 MB reserved,      53.56 MB ( 21%) committed. 

Chunk freelists:
   Non-Class:  1.84 MB
       Class:  439.00 KB
        Both:  2.27 MB

MaxMetaspaceSize: 256.00 MB
CompressedClassSpaceSize: 208.00 MB
 - commit_granule_bytes: 65536.
 - commit_granule_words: 8192.
 - virtual_space_node_default_size: 1048576.
 - enlarge_chunks_in_place: 1.
 - new_chunks_are_fully_committed: 0.
 - uncommit_free_chunks: 1.
 - use_allocation_guard: 0.
 - handle_deallocations: 1.


Internal statistics:

num_allocs_failed_limit: 6.
num_arena_births: 602.
num_arena_deaths: 0.
num_vsnodes_births: 7.
num_vsnodes_deaths: 0.
num_space_committed: 857.
num_space_uncommitted: 0.
num_chunks_returned_to_freelist: 6.
num_chunks_taken_from_freelist: 2738.
num_chunk_merges: 6.
num_chunk_splits: 1805.
num_chunks_enlarged: 1194.
num_purges: 0.

CodeHeap 'non-profiled nmethods': size=120064Kb used=2554Kb max_used=3281Kb free=117509Kb
 bounds [0x000001f02a920000, 0x000001f02ac60000, 0x000001f031e60000]
CodeHeap 'profiled nmethods': size=120000Kb used=10309Kb max_used=12290Kb free=109690Kb
 bounds [0x000001f0233f0000, 0x000001f024000000, 0x000001f02a920000]
CodeHeap 'non-nmethods': size=5696Kb used=2340Kb max_used=2405Kb free=3355Kb
 bounds [0x000001f022e60000, 0x000001f0230d0000, 0x000001f0233f0000]
 total_blobs=5939 nmethods=5081 adapters=771
 compilation: enabled
              stopped_count=0, restarted_count=0
 full_count=0

Compilation events (20 events):
Event: 30.218 Thread 0x000001f0358fbb60 5840       3       org.gradle.internal.logging.text.AbstractStyledTextOutput::style (20 bytes)
Event: 30.218 Thread 0x000001f0358fbb60 nmethod 5840 0x000001f023421e90 code [0x000001f023422040, 0x000001f0234222c8]
Event: 30.219 Thread 0x000001f0358f0c30 5841       4       java.lang.StringBuilder::toString (35 bytes)
Event: 30.223 Thread 0x000001f0358f0c30 nmethod 5841 0x000001f02a94b390 code [0x000001f02a94b540, 0x000001f02a94b948]
Event: 30.226 Thread 0x000001f0358fbb60 5843       3       java.lang.management.ManagementFactory$$Lambda$68/0x0000000800c707f8::apply (12 bytes)
Event: 30.227 Thread 0x000001f0358fbb60 nmethod 5843 0x000001f02341f290 code [0x000001f02341f460, 0x000001f02341f898]
Event: 30.227 Thread 0x000001f0358fbb60 5844       3       sun.management.spi.PlatformMBeanProvider$PlatformComponent::getMBeans (87 bytes)
Event: 30.228 Thread 0x000001f0358fbb60 nmethod 5844 0x000001f023764590 code [0x000001f023764900, 0x000001f023765ff8]
Event: 30.228 Thread 0x000001f0358fbb60 5845       3       sun.management.MemoryPoolImpl::getType (15 bytes)
Event: 30.229 Thread 0x000001f0358fbb60 nmethod 5845 0x000001f023568f10 code [0x000001f0235690c0, 0x000001f023569258]
Event: 30.229 Thread 0x000001f0358fbb60 5846       3       org.gradle.internal.snapshot.DirectorySnapshot$$Lambda$940/0x0000000801339818::accept (16 bytes)
Event: 30.229 Thread 0x000001f0358fbb60 nmethod 5846 0x000001f02346e410 code [0x000001f02346e5e0, 0x000001f02346ea48]
Event: 30.229 Thread 0x000001f0358fbb60 5847       3       org.gradle.internal.snapshot.DirectorySnapshot::lambda$accept$1 (9 bytes)
Event: 30.229 Thread 0x000001f0358fbb60 nmethod 5847 0x000001f023450290 code [0x000001f023450440, 0x000001f023450608]
Event: 30.229 Thread 0x000001f0358fbb60 5848       1       org.gradle.internal.snapshot.AbstractFileSystemLocationSnapshot::getAccessType (5 bytes)
Event: 30.229 Thread 0x000001f0358fbb60 nmethod 5848 0x000001f02a9f5d10 code [0x000001f02a9f5ea0, 0x000001f02a9f5f78]
Event: 30.233 Thread 0x000001f0358fbb60 5849       3       java.nio.Buffer::discardMark (6 bytes)
Event: 30.233 Thread 0x000001f0358fbb60 nmethod 5849 0x000001f0233fa090 code [0x000001f0233fa220, 0x000001f0233fa338]
Event: 30.233 Thread 0x000001f0358fbb60 5850       1       org.gradle.internal.logging.events.RenderableOutputEvent::getBuildOperationId (5 bytes)
Event: 30.233 Thread 0x000001f0358fbb60 nmethod 5850 0x000001f02aa69c90 code [0x000001f02aa69e20, 0x000001f02aa69ef8]

GC Heap History (14 events):
Event: 5.432 GC heap before
{Heap before GC invocations=0 (full 0):
 garbage-first heap   total 262144K, used 14336K [0x00000000e0000000, 0x0000000100000000)
  region size 1024K, 12 young (12288K), 0 survivors (0K)
 Metaspace       used 1093K, committed 1216K, reserved 221184K
  class space    used 73K, committed 128K, reserved 212992K
}
Event: 5.439 GC heap after
{Heap after GC invocations=1 (full 0):
 garbage-first heap   total 262144K, used 3566K [0x00000000e0000000, 0x0000000100000000)
  region size 1024K, 2 young (2048K), 2 survivors (2048K)
 Metaspace       used 1093K, committed 1216K, reserved 221184K
  class space    used 73K, committed 128K, reserved 212992K
}
Event: 8.864 GC heap before
{Heap before GC invocations=1 (full 0):
 garbage-first heap   total 262144K, used 15854K [0x00000000e0000000, 0x0000000100000000)
  region size 1024K, 12 young (12288K), 2 survivors (2048K)
 Metaspace       used 3282K, committed 3392K, reserved 221184K
  class space    used 386K, committed 448K, reserved 212992K
}
Event: 8.873 GC heap after
{Heap after GC invocations=2 (full 0):
 garbage-first heap   total 262144K, used 9065K [0x00000000e0000000, 0x0000000100000000)
  region size 1024K, 2 young (2048K), 2 survivors (2048K)
 Metaspace       used 3282K, committed 3392K, reserved 221184K
  class space    used 386K, committed 448K, reserved 212992K
}
Event: 9.489 GC heap before
{Heap before GC invocations=2 (full 0):
 garbage-first heap   total 262144K, used 20329K [0x00000000e0000000, 0x0000000100000000)
  region size 1024K, 13 young (13312K), 2 survivors (2048K)
 Metaspace       used 4164K, committed 4352K, reserved 221184K
  class space    used 481K, committed 576K, reserved 212992K
}
Event: 9.492 GC heap after
{Heap after GC invocations=3 (full 0):
 garbage-first heap   total 262144K, used 9602K [0x00000000e0000000, 0x0000000100000000)
  region size 1024K, 1 young (1024K), 1 survivors (1024K)
 Metaspace       used 4164K, committed 4352K, reserved 221184K
  class space    used 481K, committed 576K, reserved 212992K
}
Event: 13.523 GC heap before
{Heap before GC invocations=3 (full 0):
 garbage-first heap   total 262144K, used 31106K [0x00000000e0000000, 0x0000000100000000)
  region size 1024K, 22 young (22528K), 1 survivors (1024K)
 Metaspace       used 4247K, committed 4416K, reserved 221184K
  class space    used 482K, committed 576K, reserved 212992K
}
Event: 13.526 GC heap after
{Heap after GC invocations=4 (full 0):
 garbage-first heap   total 262144K, used 12800K [0x00000000e0000000, 0x0000000100000000)
  region size 1024K, 3 young (3072K), 3 survivors (3072K)
 Metaspace       used 4247K, committed 4416K, reserved 221184K
  class space    used 482K, committed 576K, reserved 212992K
}
Event: 18.130 GC heap before
{Heap before GC invocations=4 (full 0):
 garbage-first heap   total 262144K, used 112128K [0x00000000e0000000, 0x0000000100000000)
  region size 1024K, 101 young (103424K), 3 survivors (3072K)
 Metaspace       used 20948K, committed 21248K, reserved 237568K
  class space    used 3015K, committed 3200K, reserved 212992K
}
Event: 18.150 GC heap after
{Heap after GC invocations=5 (full 0):
 garbage-first heap   total 262144K, used 19853K [0x00000000e0000000, 0x0000000100000000)
  region size 1024K, 10 young (10240K), 10 survivors (10240K)
 Metaspace       used 20948K, committed 21248K, reserved 237568K
  class space    used 3015K, committed 3200K, reserved 212992K
}
Event: 21.019 GC heap before
{Heap before GC invocations=6 (full 0):
 garbage-first heap   total 262144K, used 109965K [0x00000000e0000000, 0x0000000100000000)
  region size 1024K, 95 young (97280K), 10 survivors (10240K)
 Metaspace       used 34157K, committed 34496K, reserved 245760K
  class space    used 4474K, committed 4672K, reserved 212992K
}
Event: 21.047 GC heap after
{Heap after GC invocations=7 (full 0):
 garbage-first heap   total 262144K, used 29007K [0x00000000e0000000, 0x0000000100000000)
  region size 1024K, 9 young (9216K), 9 survivors (9216K)
 Metaspace       used 34157K, committed 34496K, reserved 245760K
  class space    used 4474K, committed 4672K, reserved 212992K
}
Event: 21.354 GC heap before
{Heap before GC invocations=7 (full 0):
 garbage-first heap   total 262144K, used 38223K [0x00000000e0000000, 0x0000000100000000)
  region size 1024K, 19 young (19456K), 9 survivors (9216K)
 Metaspace       used 35179K, committed 35520K, reserved 245760K
  class space    used 4639K, committed 4800K, reserved 212992K
}
Event: 21.371 GC heap after
{Heap after GC invocations=8 (full 0):
 garbage-first heap   total 262144K, used 29147K [0x00000000e0000000, 0x0000000100000000)
  region size 1024K, 1 young (1024K), 1 survivors (1024K)
 Metaspace       used 35179K, committed 35520K, reserved 245760K
  class space    used 4639K, committed 4800K, reserved 212992K
}

Deoptimization events (20 events):
Event: 30.167 Thread 0x000001f036bd00a0 Uncommon trap: trap_request=0xffffffc6 fr.pc=0x000001f02ab9cdd4 relative=0x0000000000000094
Event: 30.167 Thread 0x000001f036bd00a0 Uncommon trap: reason=bimorphic_or_optimized_type_check action=maybe_recompile pc=0x000001f02ab9cdd4 method=java.util.Collections$SetFromMap.remove(Ljava/lang/Object;)Z @ 5 c2
Event: 30.167 Thread 0x000001f036bd00a0 DEOPT PACKING pc=0x000001f02ab9cdd4 sp=0x0000002f775fb680
Event: 30.167 Thread 0x000001f036bd00a0 DEOPT UNPACKING pc=0x000001f022ead728 sp=0x0000002f775fb618 mode 2
Event: 30.167 Thread 0x000001f036bd00a0 Uncommon trap: trap_request=0xffffffc6 fr.pc=0x000001f02ab9cdd4 relative=0x0000000000000094
Event: 30.167 Thread 0x000001f036bd00a0 Uncommon trap: reason=bimorphic_or_optimized_type_check action=maybe_recompile pc=0x000001f02ab9cdd4 method=java.util.Collections$SetFromMap.remove(Ljava/lang/Object;)Z @ 5 c2
Event: 30.167 Thread 0x000001f036bd00a0 DEOPT PACKING pc=0x000001f02ab9cdd4 sp=0x0000002f775fb680
Event: 30.167 Thread 0x000001f036bd00a0 DEOPT UNPACKING pc=0x000001f022ead728 sp=0x0000002f775fb618 mode 2
Event: 30.168 Thread 0x000001f036bd00a0 Uncommon trap: trap_request=0xffffffc6 fr.pc=0x000001f02ab9cdd4 relative=0x0000000000000094
Event: 30.168 Thread 0x000001f036bd00a0 Uncommon trap: reason=bimorphic_or_optimized_type_check action=maybe_recompile pc=0x000001f02ab9cdd4 method=java.util.Collections$SetFromMap.remove(Ljava/lang/Object;)Z @ 5 c2
Event: 30.168 Thread 0x000001f036bd00a0 DEOPT PACKING pc=0x000001f02ab9cdd4 sp=0x0000002f775fb680
Event: 30.168 Thread 0x000001f036bd00a0 DEOPT UNPACKING pc=0x000001f022ead728 sp=0x0000002f775fb618 mode 2
Event: 30.168 Thread 0x000001f036bd00a0 Uncommon trap: trap_request=0xffffffc6 fr.pc=0x000001f02ab9cdd4 relative=0x0000000000000094
Event: 30.168 Thread 0x000001f036bd00a0 Uncommon trap: reason=bimorphic_or_optimized_type_check action=maybe_recompile pc=0x000001f02ab9cdd4 method=java.util.Collections$SetFromMap.remove(Ljava/lang/Object;)Z @ 5 c2
Event: 30.168 Thread 0x000001f036bd00a0 DEOPT PACKING pc=0x000001f02ab9cdd4 sp=0x0000002f775fb930
Event: 30.168 Thread 0x000001f036bd00a0 DEOPT UNPACKING pc=0x000001f022ead728 sp=0x0000002f775fb8c8 mode 2
Event: 30.209 Thread 0x000001f036bd00a0 Uncommon trap: trap_request=0xffffff45 fr.pc=0x000001f02ac20b80 relative=0x0000000000000680
Event: 30.209 Thread 0x000001f036bd00a0 Uncommon trap: reason=unstable_if action=reinterpret pc=0x000001f02ac20b80 method=java.util.regex.Matcher.search(I)Z @ 76 c2
Event: 30.209 Thread 0x000001f036bd00a0 DEOPT PACKING pc=0x000001f02ac20b80 sp=0x0000002f775fba10
Event: 30.209 Thread 0x000001f036bd00a0 DEOPT UNPACKING pc=0x000001f022ead728 sp=0x0000002f775fb970 mode 2

Classes unloaded (0 events):
No events

Classes redefined (0 events):
No events

Internal exceptions (20 events):
Event: 26.389 Thread 0x000001f036bce610 Exception <a 'java/lang/NoSuchMethodError'{0x00000000eff8f768}: static Lorg/gradle/internal/build/event/types/AbstractProgressEvent;.<clinit>()V> (0x00000000eff8f768) 
thrown [c:\wsjdk\correttojdksrc\installers\windows\zip\corretto-build\buildroot\src\hotspot\share\prims\jni.cpp, line 1210]
Event: 26.390 Thread 0x000001f036bce610 Exception <a 'java/lang/NoSuchMethodError'{0x00000000eff98a58}: static Lorg/gradle/internal/build/event/types/DefaultTaskDescriptor;.<clinit>()V> (0x00000000eff98a58) 
thrown [c:\wsjdk\correttojdksrc\installers\windows\zip\corretto-build\buildroot\src\hotspot\share\prims\jni.cpp, line 1210]
Event: 26.392 Thread 0x000001f036bce610 Exception <a 'java/lang/NoSuchMethodError'{0x00000000e9b009a0}: static Lorg/gradle/internal/operations/OperationIdentifier;.<clinit>()V> (0x00000000e9b009a0) 
thrown [c:\wsjdk\correttojdksrc\installers\windows\zip\corretto-build\buildroot\src\hotspot\share\prims\jni.cpp, line 1210]
Event: 26.399 Thread 0x000001f036bce610 Exception <a 'java/lang/NoSuchMethodError'{0x00000000e9b08468}: static Lorg/gradle/internal/build/event/types/DefaultBinaryPluginIdentifier;.<clinit>()V> (0x00000000e9b08468) 
thrown [c:\wsjdk\correttojdksrc\installers\windows\zip\corretto-build\buildroot\src\hotspot\share\prims\jni.cpp, line 1210]
Event: 26.912 Thread 0x000001f036bd00a0 Exception <a 'java/lang/IncompatibleClassChangeError'{0x00000000e9778a60}: Found class java.lang.Object, but interface was expected> (0x00000000e9778a60) 
thrown [c:\wsjdk\correttojdksrc\installers\windows\zip\corretto-build\buildroot\src\hotspot\share\interpreter\linkResolver.cpp, line 857]
Event: 27.637 Thread 0x000001f036bd00a0 Exception <a 'java/lang/NoSuchMethodError'{0x00000000e9411ed8}: 'int java.lang.invoke.DirectMethodHandle$Holder.invokeStaticInit(java.lang.Object, java.lang.Object, java.lang.Object, java.lang.Object, java.lang.Object)'> (0x00000000e9411ed8) 
thrown [c:\wsjdk\correttojdksrc\installers\windows\zip\corretto-build\buildroot\src\hotspot\share\interpreter\linkResolver.cpp, line 790]
Event: 27.688 Thread 0x000001f036bd00a0 Exception <a 'java/lang/NoSuchMethodError'{0x00000000e93f2f90}: 'void java.lang.invoke.DirectMethodHandle$Holder.invokeVirtual(java.lang.Object, java.lang.Object)'> (0x00000000e93f2f90) 
thrown [c:\wsjdk\correttojdksrc\installers\windows\zip\corretto-build\buildroot\src\hotspot\share\interpreter\linkResolver.cpp, line 790]
Event: 29.135 Thread 0x000001f036bd00a0 Exception <a 'java/lang/NoSuchMethodError'{0x00000000e82b2888}: 'int java.lang.invoke.DirectMethodHandle$Holder.invokeVirtual(java.lang.Object, java.lang.Object, java.lang.Object)'> (0x00000000e82b2888) 
thrown [c:\wsjdk\correttojdksrc\installers\windows\zip\corretto-build\buildroot\src\hotspot\share\interpreter\linkResolver.cpp, line 790]
Event: 29.774 Thread 0x000001f036bd00a0 Exception <a 'sun/nio/fs/WindowsException'{0x00000000e7f5e718}> (0x00000000e7f5e718) 
thrown [c:\wsjdk\correttojdksrc\installers\windows\zip\corretto-build\buildroot\src\hotspot\share\prims\jni.cpp, line 579]
Event: 29.774 Thread 0x000001f036bd00a0 Exception <a 'sun/nio/fs/WindowsException'{0x00000000e7f5ea40}> (0x00000000e7f5ea40) 
thrown [c:\wsjdk\correttojdksrc\installers\windows\zip\corretto-build\buildroot\src\hotspot\share\prims\jni.cpp, line 579]
Event: 29.802 Thread 0x000001f036bd00a0 Exception <a 'java/lang/NoSuchMethodError'{0x00000000e7e96378}: 'java.lang.Object java.lang.invoke.DirectMethodHandle$Holder.invokeVirtual(java.lang.Object, java.lang.Object, java.lang.Object, int, int)'> (0x00000000e7e96378) 
thrown [c:\wsjdk\correttojdksrc\installers\windows\zip\corretto-build\buildroot\src\hotspot\share\interpreter\linkResolver.cpp, line 790]
Event: 29.803 Thread 0x000001f036bd00a0 Exception <a 'java/lang/NoSuchMethodError'{0x00000000e7e9e688}: 'java.lang.Object java.lang.invoke.DirectMethodHandle$Holder.invokeVirtual(java.lang.Object, java.lang.Object, int)'> (0x00000000e7e9e688) 
thrown [c:\wsjdk\correttojdksrc\installers\windows\zip\corretto-build\buildroot\src\hotspot\share\interpreter\linkResolver.cpp, line 790]
Event: 29.805 Thread 0x000001f036bd00a0 Exception <a 'java/lang/NoSuchMethodError'{0x00000000e7ea9190}: 'java.lang.Object java.lang.invoke.DirectMethodHandle$Holder.invokeSpecial(java.lang.Object, java.lang.Object, java.lang.Object, int, int)'> (0x00000000e7ea9190) 
thrown [c:\wsjdk\correttojdksrc\installers\windows\zip\corretto-build\buildroot\src\hotspot\share\interpreter\linkResolver.cpp, line 790]
Event: 29.867 Thread 0x000001f036bd00a0 Exception <a 'java/lang/reflect/InvocationTargetException'{0x00000000e7c5b978}> (0x00000000e7c5b978) 
thrown [c:\wsjdk\correttojdksrc\installers\windows\zip\corretto-build\buildroot\src\hotspot\share\runtime\reflection.cpp, line 1157]
Event: 30.169 Thread 0x000001f036bce610 Exception <a 'java/lang/NoSuchMethodError'{0x00000000e9b12160}: static Lorg/gradle/internal/build/event/types/DefaultTaskFinishedProgressEvent;.<clinit>()V> (0x00000000e9b12160) 
thrown [c:\wsjdk\correttojdksrc\installers\windows\zip\corretto-build\buildroot\src\hotspot\share\prims\jni.cpp, line 1210]
Event: 30.189 Thread 0x000001f036bce610 Exception <a 'java/lang/NoSuchMethodError'{0x00000000e7903dc0}: static Lorg/gradle/internal/build/event/types/DefaultTaskFailureResult;.<clinit>()V> (0x00000000e7903dc0) 
thrown [c:\wsjdk\correttojdksrc\installers\windows\zip\corretto-build\buildroot\src\hotspot\share\prims\jni.cpp, line 1210]
Event: 30.189 Thread 0x000001f036bce610 Exception <a 'java/lang/NoSuchMethodError'{0x00000000e79052a0}: static Lorg/gradle/internal/build/event/types/AbstractTaskResult;.<clinit>()V> (0x00000000e79052a0) 
thrown [c:\wsjdk\correttojdksrc\installers\windows\zip\corretto-build\buildroot\src\hotspot\share\prims\jni.cpp, line 1210]
Event: 30.189 Thread 0x000001f036bce610 Exception <a 'java/lang/NoSuchMethodError'{0x00000000e7906880}: static Lorg/gradle/internal/build/event/types/AbstractResult;.<clinit>()V> (0x00000000e7906880) 
thrown [c:\wsjdk\correttojdksrc\installers\windows\zip\corretto-build\buildroot\src\hotspot\share\prims\jni.cpp, line 1210]
Event: 30.193 Thread 0x000001f036bce610 Exception <a 'java/lang/NoSuchMethodError'{0x00000000e7921b78}: static [Ljava/lang/Object;.<clinit>()V> (0x00000000e7921b78) 
thrown [c:\wsjdk\correttojdksrc\installers\windows\zip\corretto-build\buildroot\src\hotspot\share\prims\jni.cpp, line 1210]
Event: 30.195 Thread 0x000001f036bce610 Exception <a 'java/lang/NoSuchMethodError'{0x00000000e79301f8}: static Lorg/gradle/internal/build/event/types/DefaultFailure;.<clinit>()V> (0x00000000e79301f8) 
thrown [c:\wsjdk\correttojdksrc\installers\windows\zip\corretto-build\buildroot\src\hotspot\share\prims\jni.cpp, line 1210]

Events (20 events):
Event: 30.217 Thread 0x000001f0359108b0 flushing nmethod 0x000001f023f23690
Event: 30.217 Thread 0x000001f0359108b0 flushing nmethod 0x000001f023f23a10
Event: 30.217 Thread 0x000001f0359108b0 flushing nmethod 0x000001f023f24110
Event: 30.217 Thread 0x000001f0359108b0 flushing nmethod 0x000001f023f24490
Event: 30.217 Thread 0x000001f0359108b0 flushing nmethod 0x000001f023f24a90
Event: 30.217 Thread 0x000001f0359108b0 flushing nmethod 0x000001f023f25310
Event: 30.217 Thread 0x000001f0359108b0 flushing nmethod 0x000001f023f26e90
Event: 30.217 Thread 0x000001f0359108b0 flushing nmethod 0x000001f023f27c90
Event: 30.217 Thread 0x000001f0359108b0 flushing nmethod 0x000001f023f28f90
Event: 30.217 Thread 0x000001f0359108b0 flushing nmethod 0x000001f023f29b10
Event: 30.217 Thread 0x000001f0359108b0 flushing nmethod 0x000001f023f2b390
Event: 30.217 Thread 0x000001f0359108b0 flushing nmethod 0x000001f023f2eb10
Event: 30.217 Thread 0x000001f0359108b0 flushing nmethod 0x000001f023f2f490
Event: 30.217 Thread 0x000001f0359108b0 flushing nmethod 0x000001f023f30a10
Event: 30.217 Thread 0x000001f0359108b0 flushing nmethod 0x000001f023f30e10
Event: 30.217 Thread 0x000001f0359108b0 flushing nmethod 0x000001f023f34890
Event: 30.217 Thread 0x000001f0359108b0 flushing nmethod 0x000001f023f4c190
Event: 30.217 Thread 0x000001f0359108b0 flushing nmethod 0x000001f023f4c510
Event: 30.217 Thread 0x000001f0359108b0 flushing nmethod 0x000001f023f4ed90
Event: 30.217 Thread 0x000001f0359108b0 flushing nmethod 0x000001f023fc5890


Dynamic libraries:
0x00007ff6030e0000 - 0x00007ff6030ed000 	C:\Users\lopperik\.jdks\corretto-16.0.2\bin\java.exe
0x00007fff666d0000 - 0x00007fff668c5000 	C:\Windows\SYSTEM32\ntdll.dll
0x00007fff64840000 - 0x00007fff648fd000 	C:\Windows\System32\KERNEL32.DLL
0x00007fff63ff0000 - 0x00007fff642b7000 	C:\Windows\System32\KERNELBASE.dll
0x00007fff64630000 - 0x00007fff64730000 	C:\Windows\System32\ucrtbase.dll
0x00007fff45650000 - 0x00007fff45668000 	C:\Users\lopperik\.jdks\corretto-16.0.2\bin\jli.dll
0x00007fff64ea0000 - 0x00007fff65040000 	C:\Windows\System32\USER32.dll
0x00007fff645d0000 - 0x00007fff645f2000 	C:\Windows\System32\win32u.dll
0x00007fff64790000 - 0x00007fff647ba000 	C:\Windows\System32\GDI32.dll
0x00007fff643b0000 - 0x00007fff644b9000 	C:\Windows\System32\gdi32full.dll
0x00007fff64310000 - 0x00007fff643ad000 	C:\Windows\System32\msvcp_win.dll
0x00007fff45600000 - 0x00007fff45615000 	C:\Users\lopperik\.jdks\corretto-16.0.2\bin\VCRUNTIME140.dll
0x00007fff47da0000 - 0x00007fff4803b000 	C:\Windows\WinSxS\amd64_microsoft.windows.common-controls_6595b64144ccf1df_6.0.19041.488_none_ca04af081b815d21\COMCTL32.dll
0x00007fff65300000 - 0x00007fff6539e000 	C:\Windows\System32\msvcrt.dll
0x00007fff65260000 - 0x00007fff65290000 	C:\Windows\System32\IMM32.DLL
0x00007fff43a30000 - 0x00007fff43acb000 	C:\Users\lopperik\.jdks\corretto-16.0.2\bin\msvcp140.dll
0x00007fff0e770000 - 0x00007fff0f379000 	C:\Users\lopperik\.jdks\corretto-16.0.2\bin\server\jvm.dll
0x00007fff65550000 - 0x00007fff655fa000 	C:\Windows\System32\ADVAPI32.dll
0x00007fff65cb0000 - 0x00007fff65d4b000 	C:\Windows\System32\sechost.dll
0x00007fff65d60000 - 0x00007fff65e84000 	C:\Windows\System32\RPCRT4.dll
0x00007fff64e90000 - 0x00007fff64e98000 	C:\Windows\System32\PSAPI.DLL
0x00007fff3a660000 - 0x00007fff3a669000 	C:\Windows\SYSTEM32\WSOCK32.dll
0x00007fff5bde0000 - 0x00007fff5be07000 	C:\Windows\SYSTEM32\WINMM.dll
0x00007fff65290000 - 0x00007fff652fb000 	C:\Windows\System32\WS2_32.dll
0x00007fff5e2c0000 - 0x00007fff5e2ca000 	C:\Windows\SYSTEM32\VERSION.dll
0x00007fff61cb0000 - 0x00007fff61cc3000 	C:\Windows\SYSTEM32\kernel.appcore.dll
0x00007fff55370000 - 0x00007fff5537a000 	C:\Users\lopperik\.jdks\corretto-16.0.2\bin\jimage.dll
0x00007fff55570000 - 0x00007fff55754000 	C:\Windows\SYSTEM32\DBGHELP.DLL
0x00007fff554e0000 - 0x00007fff5550c000 	C:\Windows\SYSTEM32\dbgcore.DLL
0x00007fff63e10000 - 0x00007fff63e8f000 	C:\Windows\System32\bcryptPrimitives.dll
0x00007fff455d0000 - 0x00007fff455f5000 	C:\Users\lopperik\.jdks\corretto-16.0.2\bin\java.dll
0x00007fff65e90000 - 0x00007fff665d1000 	C:\Windows\System32\SHELL32.dll
0x00007fff61f90000 - 0x00007fff62723000 	C:\Windows\SYSTEM32\windows.storage.dll
0x00007fff65740000 - 0x00007fff65a95000 	C:\Windows\System32\combase.dll
0x00007fff637b0000 - 0x00007fff637dc000 	C:\Windows\SYSTEM32\Wldp.dll
0x00007fff665e0000 - 0x00007fff6668e000 	C:\Windows\System32\SHCORE.dll
0x00007fff65060000 - 0x00007fff650b5000 	C:\Windows\System32\shlwapi.dll
0x00007fff63d40000 - 0x00007fff63d66000 	C:\Windows\SYSTEM32\profapi.dll
0x00007fff45570000 - 0x00007fff45589000 	C:\Users\lopperik\.jdks\corretto-16.0.2\bin\net.dll
0x00007fff5ef60000 - 0x00007fff5f060000 	C:\Windows\SYSTEM32\WINHTTP.dll
0x00007fff63530000 - 0x00007fff6359a000 	C:\Windows\system32\mswsock.dll
0x00007fff454c0000 - 0x00007fff454d3000 	C:\Users\lopperik\.jdks\corretto-16.0.2\bin\nio.dll
0x00007fff454a0000 - 0x00007fff454b8000 	C:\Users\lopperik\.jdks\corretto-16.0.2\bin\zip.dll
0x00007fff48720000 - 0x00007fff48730000 	C:\Users\lopperik\.jdks\corretto-16.0.2\bin\verify.dll
0x00007fff45620000 - 0x00007fff45647000 	C:\Users\lopperik\.gradle\native\49d0259a56938c7f99b2704e745ce422c4f750a7a20b539a32ccef96729676b1\windows-amd64\native-platform.dll
0x00007fff43890000 - 0x00007fff43a26000 	C:\Users\lopperik\.gradle\native\12488b8bf47d2d4c9fbf2f6322a914ad602e24e48041cd04a747c6da556b65c4\windows-amd64\native-platform-file-events.dll
0x00007fff456e0000 - 0x00007fff456e9000 	C:\Users\lopperik\.jdks\corretto-16.0.2\bin\management.dll
0x00007fff45390000 - 0x00007fff4539b000 	C:\Users\lopperik\.jdks\corretto-16.0.2\bin\management_ext.dll
0x00007fff63700000 - 0x00007fff63718000 	C:\Windows\SYSTEM32\CRYPTSP.dll
0x00007fff62ec0000 - 0x00007fff62ef4000 	C:\Windows\system32\rsaenh.dll
0x00007fff64600000 - 0x00007fff64627000 	C:\Windows\System32\bcrypt.dll
0x00007fff63cc0000 - 0x00007fff63cee000 	C:\Windows\SYSTEM32\USERENV.dll
0x00007fff63720000 - 0x00007fff6372c000 	C:\Windows\SYSTEM32\CRYPTBASE.dll
0x00007fff63220000 - 0x00007fff6325b000 	C:\Windows\SYSTEM32\IPHLPAPI.DLL
0x00007fff65730000 - 0x00007fff65739000 	C:\Windows\System32\NSI.dll
0x00007fff5f820000 - 0x00007fff5f837000 	C:\Windows\SYSTEM32\dhcpcsvc6.DLL
0x00007fff5f750000 - 0x00007fff5f76d000 	C:\Windows\SYSTEM32\dhcpcsvc.DLL
0x00007fff63260000 - 0x00007fff6332b000 	C:\Windows\SYSTEM32\DNSAPI.dll
0x00007fff435c0000 - 0x00007fff435ce000 	C:\Users\lopperik\.jdks\corretto-16.0.2\bin\sunmscapi.dll
0x00007fff63e90000 - 0x00007fff63fed000 	C:\Windows\System32\CRYPT32.dll
0x00007fff63820000 - 0x00007fff63847000 	C:\Windows\SYSTEM32\ncrypt.dll
0x00007fff637e0000 - 0x00007fff6381b000 	C:\Windows\SYSTEM32\NTASN1.dll
0x00007fff435b0000 - 0x00007fff435b7000 	C:\Windows\system32\wshunix.dll

dbghelp: loaded successfully - version: 4.0.5 - missing functions: none
symbol engine: initialized successfully - sym options: 0x614 - pdb path: .;C:\Users\lopperik\.jdks\corretto-16.0.2\bin;C:\Windows\SYSTEM32;C:\Windows\WinSxS\amd64_microsoft.windows.common-controls_6595b64144ccf1df_6.0.19041.488_none_ca04af081b815d21;C:\Users\lopperik\.jdks\corretto-16.0.2\bin\server;C:\Users\lopperik\.gradle\native\49d0259a56938c7f99b2704e745ce422c4f750a7a20b539a32ccef96729676b1\windows-amd64;C:\Users\lopperik\.gradle\native\12488b8bf47d2d4c9fbf2f6322a914ad602e24e48041cd04a747c6da556b65c4\windows-amd64

VM Arguments:
jvm_args: --add-opens=java.base/java.util=ALL-UNNAMED --add-opens=java.base/java.lang=ALL-UNNAMED --add-opens=java.base/java.lang.invoke=ALL-UNNAMED --add-opens=java.base/java.util=ALL-UNNAMED --add-opens=java.prefs/java.util.prefs=ALL-UNNAMED --add-opens=java.prefs/java.util.prefs=ALL-UNNAMED --add-opens=java.base/java.nio.charset=ALL-UNNAMED --add-opens=java.base/java.net=ALL-UNNAMED --add-opens=java.base/java.util.concurrent.atomic=ALL-UNNAMED -XX:MaxMetaspaceSize=256m -XX:+HeapDumpOnOutOfMemoryError -Xms256m -Xmx512m -Dfile.encoding=windows-1252 -Duser.country=DE -Duser.language=de -Duser.variant 
java_command: org.gradle.launcher.daemon.bootstrap.GradleDaemon 7.0
java_class_path (initial): C:\Users\lopperik\.gradle\wrapper\dists\gradle-7.0-bin\2p9ebqfz6ilrfozi676ogco7n\gradle-7.0\lib\gradle-launcher-7.0.jar
Launcher Type: SUN_STANDARD

[Global flags]
     intx CICompilerCount                          = 2                                         {product} {ergonomic}
   size_t CompressedClassSpaceSize                 = 218103808                                 {product} {ergonomic}
     uint ConcGCThreads                            = 1                                         {product} {ergonomic}
     uint G1ConcRefinementThreads                  = 2                                         {product} {ergonomic}
   size_t G1HeapRegionSize                         = 1048576                                   {product} {ergonomic}
    uintx GCDrainStackTargetSize                   = 64                                        {product} {ergonomic}
     bool HeapDumpOnOutOfMemoryError               = true                                   {manageable} {command line}
   size_t InitialHeapSize                          = 268435456                                 {product} {command line}
   size_t MarkStackSize                            = 4194304                                   {product} {ergonomic}
   size_t MaxHeapSize                              = 536870912                                 {product} {command line}
   size_t MaxMetaspaceSize                         = 268435456                                 {product} {command line}
   size_t MaxNewSize                               = 321912832                                 {product} {ergonomic}
   size_t MinHeapDeltaBytes                        = 1048576                                   {product} {ergonomic}
   size_t MinHeapSize                              = 268435456                                 {product} {command line}
    uintx NonNMethodCodeHeapSize                   = 5826188                                {pd product} {ergonomic}
    uintx NonProfiledCodeHeapSize                  = 122916026                              {pd product} {ergonomic}
    uintx ProfiledCodeHeapSize                     = 122916026                              {pd product} {ergonomic}
    uintx ReservedCodeCacheSize                    = 251658240                              {pd product} {ergonomic}
     bool SegmentedCodeCache                       = true                                      {product} {ergonomic}
   size_t SoftMaxHeapSize                          = 536870912                              {manageable} {ergonomic}
     bool UseCompressedClassPointers               = true                           {product lp64_product} {ergonomic}
     bool UseCompressedOops                        = true                           {product lp64_product} {ergonomic}
     bool UseG1GC                                  = true                                      {product} {ergonomic}
     bool UseLargePagesIndividualAllocation        = false                                  {pd product} {ergonomic}

Logging:
Log output configuration:
 #0: stdout all=warning uptime,level,tags
 #1: stderr all=off uptime,level,tags

Environment Variables:
JAVA_HOME=c:\Program Files\openJDK\openJDK1.8\
PATH=C:\Windows\system32;C:\Windows;C:\Windows\System32\Wbem;C:\Windows\System32\WindowsPowerShell\v1.0\;C:\Windows\System32\OpenSSH\;c:\Program Files (x86)\openJDK\openJDK1.8\bin;c:\Program Files (x86)\openJDK\openJDK1.8\jre\bin;C:\Program Files\Git\cmd;c:\Program Files\openJDK\openJDK1.8\bin;c:\Program Files\openJDK\openJDK1.8\jre\bin;C:\Users\lopperik\AppData\Local\Microsoft\WindowsApps;C:\Users\lopperik\AppData\Local\GitHubDesktop\bin
USERNAME=lopperik
OS=Windows_NT
PROCESSOR_IDENTIFIER=Intel64 Family 6 Model 94 Stepping 3, GenuineIntel



---------------  S Y S T E M  ---------------

OS:
 Windows 10 , 64 bit Build 19041 (10.0.19041.292)
OS uptime: 0 days 0:27 hours

CPU: total 2 (initial active 2) (2 cores per cpu, 1 threads per core) family 6 model 94 stepping 3 microcode 0xcc, cx8, cmov, fxsr, mmx, 3dnowpref, sse, sse2, sse3, ssse3, sse4.1, sse4.2, popcnt, lzcnt, tsc, tscinvbit, aes, erms, clmul, clflush, clflushopt

Memory: 4k page, system-wide physical 3941M (310M free)
TotalPageFile size 5998M (AvailPageFile size 735M)
current process WorkingSet (physical memory assigned to process): 340M, peak: 343M
current process commit charge ("private bytes"): 459M, peak: 466M

vm_info: OpenJDK 64-Bit Server VM (16.0.2+7) for windows-amd64 JRE (16.0.2+7), built on Jul 22 2021 01:11:46 by "Administrator" with MS VC++ 15.9 (VS2017)

END.
