#
# A fatal error has been detected by the Java Runtime Environment:
#
#  EXCEPTION_ACCESS_VIOLATION (0xc0000005) at pc=0x00007ff975c6364e, pid=2508, tid=8804
#
# JRE version: OpenJDK Runtime Environment Corretto-16.0.2.7.1 (16.0.2+7) (build 16.0.2+7)
# Java VM: OpenJDK 64-Bit Server VM Corretto-16.0.2.7.1 (16.0.2+7, mixed mode, sharing, tiered, compressed oops, compressed class ptrs, g1 gc, windows-amd64)
# Problematic frame:
# C  [native-platform-file-events.dll+0x2364e]
#
# No core dump will be written. Minidumps are not enabled by default on client versions of Windows
#
# If you would like to submit a bug report, please visit:
#   https://github.com/corretto/corretto-jdk/issues/
# The crash happened outside the Java Virtual Machine in native code.
# See problematic frame for where to report the bug.
#

---------------  S U M M A R Y ------------

Command Line: --add-opens=java.base/java.util=ALL-UNNAMED --add-opens=java.base/java.lang=ALL-UNNAMED --add-opens=java.base/java.lang.invoke=ALL-UNNAMED --add-opens=java.base/java.util=ALL-UNNAMED --add-opens=java.prefs/java.util.prefs=ALL-UNNAMED --add-opens=java.prefs/java.util.prefs=ALL-UNNAMED --add-opens=java.base/java.nio.charset=ALL-UNNAMED --add-opens=java.base/java.net=ALL-UNNAMED --add-opens=java.base/java.util.concurrent.atomic=ALL-UNNAMED -XX:MaxMetaspaceSize=256m -XX:+HeapDumpOnOutOfMemoryError -Xms256m -Xmx512m -Dfile.encoding=windows-1252 -Duser.country=DE -Duser.language=de -Duser.variant org.gradle.launcher.daemon.bootstrap.GradleDaemon 7.0

Host: Intel(R) Celeron(R) CPU G3900 @ 2.80GHz, 2 cores, 3G,  Windows 10 , 64 bit Build 19041 (10.0.19041.292)
Time: Fri Dec 17 09:16:51 2021 Mitteleuropäische Zeit elapsed time: 73.383780 seconds (0d 0h 1m 13s)

---------------  T H R E A D  ---------------

Current thread (0x0000023fdd4dd090):  JavaThread "File watcher server" daemon [_thread_in_native, id=8804, stack(0x0000007132400000,0x0000007132500000)]

Stack: [0x0000007132400000,0x0000007132500000],  sp=0x00000071324fe660,  free space=1017k
Native frames: (J=compiled Java code, j=interpreted, Vv=VM code, C=native code)
C  [native-platform-file-events.dll+0x2364e]

Java frames: (J=compiled Java code, j=interpreted, Vv=VM code)
j  net.rubygrapefruit.platform.internal.jni.AbstractFileEventFunctions$NativeFileWatcher.executeRunLoop0(Ljava/lang/Object;)V+0
j  net.rubygrapefruit.platform.internal.jni.AbstractFileEventFunctions$NativeFileWatcher.access$100(Lnet/rubygrapefruit/platform/internal/jni/AbstractFileEventFunctions$NativeFileWatcher;Ljava/lang/Object;)V+2
j  net.rubygrapefruit.platform.internal.jni.AbstractFileEventFunctions$NativeFileWatcher$1.run()V+26
v  ~StubRoutines::call_stub

siginfo: EXCEPTION_ACCESS_VIOLATION (0xc0000005), reading address 0xffffffffffffffff


Register to memory mapping:

RIP=0x00007ff975c6364e native-platform-file-events.dll
RAX=0x2473636974736974 is an unknown value
RBX=0x0000000000000001 is an unknown value
RCX=0x2473636974736974 is an unknown value
RDX=0x00000071324fe6b8 is pointing into the stack for thread: 0x0000023fdd4dd090
RSP=0x00000071324fe660 is pointing into the stack for thread: 0x0000023fdd4dd090
RBP=0x00000071324ff058 is pointing into the stack for thread: 0x0000023fdd4dd090
RSI=0x0 is NULL
RDI=0x00000000ffffffff is an unallocated location in the heap
R8 =0x00000071324fe6c0 is pointing into the stack for thread: 0x0000023fdd4dd090
R9 =0x000000007ffee000 points into unknown readable memory: 0x00000000546c6148 | 48 61 6c 54 00 00 00 00
R10=0x00000000546c6148 is an unknown value
R11=0xfffffffff90fe9db is an unknown value
R12=0x0 is NULL
R13={method} {0x0000023fde367418} 'executeRunLoop0' '(Ljava/lang/Object;)V' in 'net/rubygrapefruit/platform/internal/jni/AbstractFileEventFunctions$NativeFileWatcher'
R14=0x00000071324ff080 is pointing into the stack for thread: 0x0000023fdd4dd090
R15=0x0000023fdd4dd090 is a thread


Registers:
RAX=0x2473636974736974, RBX=0x0000000000000001, RCX=0x2473636974736974, RDX=0x00000071324fe6b8
RSP=0x00000071324fe660, RBP=0x00000071324ff058, RSI=0x0000000000000000, RDI=0x00000000ffffffff
R8 =0x00000071324fe6c0, R9 =0x000000007ffee000, R10=0x00000000546c6148, R11=0xfffffffff90fe9db
R12=0x0000000000000000, R13=0x0000023fde367410, R14=0x00000071324ff080, R15=0x0000023fdd4dd090
RIP=0x00007ff975c6364e, EFLAGS=0x0000000000010206

Top of Stack: (sp=0x00000071324fe660)
0x00000071324fe660:   00000425245aaa6c 000004252450bc3c
0x00000071324fe670:   00000425245aaa6c 00007ff975c7e865
0x00000071324fe680:   00000071324fe738 00000071324fe6b8
0x00000071324fe690:   0000007100000000 00000071324fe6c8
0x00000071324fe6a0:   00000071324f0001 0000000a9c8606d3
0x00000071324fe6b0:   00000071324fe6c0 0000000000000000
0x00000071324fe6c0:   000004252450bc3c 00000425245aaa6c
0x00000071324fe6d0:   00000000e06d4e10 00007ff975c7e3f7
0x00000071324fe6e0:   00000071324fe738 00000071324fe730
0x00000071324fe6f0:   0000023fdc419830 00007ff975c6d4b3
0x00000071324fe700:   0000007100000000 0000007131cfc3d0
0x00000071324fe710:   00000425245aaa6c 0000000000000000
0x00000071324fe720:   0000007131cfc410 00000000e06b5750
0x00000071324fe730:   00004a9175d6d03c 0000000000000000
0x00000071324fe740:   0000023fdc9bcfd0 00007ff975c6387c
0x00000071324fe750:   2473636974736974 0000023f00000003 

Instructions: (pc=0x00007ff975c6364e)
0x00007ff975c6354e:   8b 00 48 89 44 24 38 48 8b 44 24 38 48 89 44 24
0x00007ff975c6355e:   58 48 8b 84 24 b0 00 00 00 48 83 c0 08 48 89 44
0x00007ff975c6356e:   24 40 48 8d 54 24 70 48 8b 4c 24 40 e8 a8 e0 fd
0x00007ff975c6357e:   ff 48 8b 00 48 89 44 24 48 48 8b 44 24 48 48 89
0x00007ff975c6358e:   44 24 60 4c 8b 4c 24 50 4c 8b 44 24 58 48 8b 54
0x00007ff975c6359e:   24 60 48 8d 4c 24 78 e8 67 41 fe ff 48 8d 4c 24
0x00007ff975c635ae:   78 e8 1a 07 fe ff 48 8b c8 ff 15 4b ba 16 00 89
0x00007ff975c635be:   44 24 24 83 7c 24 24 ff 74 15 8b 44 24 24 83 e0
0x00007ff975c635ce:   10 85 c0 74 0a c7 44 24 28 01 00 00 00 eb 08 c7
0x00007ff975c635de:   44 24 28 00 00 00 00 0f b6 44 24 28 88 44 24 20
0x00007ff975c635ee:   48 8d 4c 24 78 e8 9e 48 fe ff 0f b6 44 24 20 48
0x00007ff975c635fe:   8b 8c 24 98 00 00 00 48 33 cc e8 2c 19 fe ff 48
0x00007ff975c6360e:   81 c4 a8 00 00 00 c3 cc cc cc cc cc cc cc cc cc
0x00007ff975c6361e:   cc cc 48 89 4c 24 08 48 81 ec e8 00 00 00 48 8b
0x00007ff975c6362e:   05 85 1c 15 00 48 33 c4 48 89 84 24 d0 00 00 00
0x00007ff975c6363e:   c7 44 24 30 00 00 00 00 48 8b 84 24 f0 00 00 00
0x00007ff975c6364e:   83 78 68 03 0f 84 02 01 00 00 48 8b 84 24 f0 00
0x00007ff975c6365e:   00 00 48 8b 48 28 ff 15 a6 b9 16 00 89 44 24 38
0x00007ff975c6366e:   83 7c 24 38 00 0f 85 d0 00 00 00 ba 07 00 00 00
0x00007ff975c6367e:   48 8b 0d 73 6c 15 00 e8 25 5c fe ff 88 44 24 34
0x00007ff975c6368e:   0f b6 44 24 34 85 c0 0f 84 90 00 00 00 ff 15 77
0x00007ff975c6369e:   b9 16 00 89 44 24 3c 48 8b 84 24 f0 00 00 00 48
0x00007ff975c636ae:   83 c0 08 48 8b d0 48 8d 8c 24 90 00 00 00 e8 72
0x00007ff975c636be:   e2 fd ff 48 89 44 24 40 48 8b 44 24 40 48 89 44
0x00007ff975c636ce:   24 48 8b 44 24 30 83 c8 01 89 44 24 30 48 8b 4c
0x00007ff975c636de:   24 48 e8 ec e4 fd ff 48 89 44 24 50 48 8b 84 24
0x00007ff975c636ee:   f0 00 00 00 48 8b 40 28 48 89 44 24 58 8b 44 24
0x00007ff975c636fe:   3c 89 44 24 28 48 8b 44 24 50 48 89 44 24 20 4c
0x00007ff975c6370e:   8b 4c 24 58 4c 8d 05 67 4f 11 00 ba 07 00 00 00
0x00007ff975c6371e:   48 8b 0d d3 6b 15 00 e8 c4 12 fe ff 90 8b 44 24
0x00007ff975c6372e:   30 83 e0 01 85 c0 74 13 83 64 24 30 fe 48 8d 8c
0x00007ff975c6373e:   24 90 00 00 00 e8 e1 f0 fd ff 90 eb 00 48 8b 84 


Stack slot to memory mapping:
stack at sp + 0 slots: 0x00000425245aaa6c is an unknown value
stack at sp + 1 slots: 0x000004252450bc3c is an unknown value
stack at sp + 2 slots: 0x00000425245aaa6c is an unknown value
stack at sp + 3 slots: 0x00007ff975c7e865 native-platform-file-events.dll
stack at sp + 4 slots: 0x00000071324fe738 is pointing into the stack for thread: 0x0000023fdd4dd090
stack at sp + 5 slots: 0x00000071324fe6b8 is pointing into the stack for thread: 0x0000023fdd4dd090
stack at sp + 6 slots: 0x0000007100000000 is an unknown value
stack at sp + 7 slots: 0x00000071324fe6c8 is pointing into the stack for thread: 0x0000023fdd4dd090


---------------  P R O C E S S  ---------------

Threads class SMR info:
_java_thread_list=0x0000023fdfb4c3a0, length=38, elements={
0x0000023fbe3b4920, 0x0000023fdafcaac0, 0x0000023fdafcb890, 0x0000023fdafe0430,
0x0000023fdafe5d70, 0x0000023fdafe8e60, 0x0000023fdafe9770, 0x0000023fdafe7e60,
0x0000023fdaffd1e0, 0x0000023fdb059ed0, 0x0000023fdbcb1f00, 0x0000023fdbcba430,
0x0000023fdcb71d70, 0x0000023fdd520e50, 0x0000023fdd30c990, 0x0000023fdca95450,
0x0000023fdd1080f0, 0x0000023fdd4ddb30, 0x0000023fdd4de5d0, 0x0000023fdd4df5c0,
0x0000023fdd4de080, 0x0000023fdd4df070, 0x0000023fdd4dc0a0, 0x0000023fdd4deb20,
0x0000023fdd4dc5f0, 0x0000023fdd4dd090, 0x0000023fdd4dd5e0, 0x0000023fde479610,
0x0000023fde47b5f0, 0x0000023fde47c5e0, 0x0000023fde479b60, 0x0000023fde4760f0,
0x0000023fde478620, 0x0000023fdff2e0e0, 0x0000023fdff2d640, 0x0000023fdff276a0,
0x0000023fdff2a670, 0x0000023fdff2c100
}

Java Threads: ( => current thread )
  0x0000023fbe3b4920 JavaThread "main" [_thread_blocked, id=2484, stack(0x0000007130200000,0x0000007130300000)]
  0x0000023fdafcaac0 JavaThread "Reference Handler" daemon [_thread_blocked, id=776, stack(0x0000007130900000,0x0000007130a00000)]
  0x0000023fdafcb890 JavaThread "Finalizer" daemon [_thread_blocked, id=8436, stack(0x0000007130a00000,0x0000007130b00000)]
  0x0000023fdafe0430 JavaThread "Signal Dispatcher" daemon [_thread_blocked, id=7396, stack(0x0000007130b00000,0x0000007130c00000)]
  0x0000023fdafe5d70 JavaThread "Attach Listener" daemon [_thread_blocked, id=4844, stack(0x0000007130c00000,0x0000007130d00000)]
  0x0000023fdafe8e60 JavaThread "Service Thread" daemon [_thread_blocked, id=8288, stack(0x0000007130d00000,0x0000007130e00000)]
  0x0000023fdafe9770 JavaThread "Monitor Deflation Thread" daemon [_thread_blocked, id=4116, stack(0x0000007130e00000,0x0000007130f00000)]
  0x0000023fdafe7e60 JavaThread "C2 CompilerThread0" daemon [_thread_blocked, id=4796, stack(0x0000007130f00000,0x0000007131000000)]
  0x0000023fdaffd1e0 JavaThread "C1 CompilerThread0" daemon [_thread_blocked, id=4788, stack(0x0000007131000000,0x0000007131100000)]
  0x0000023fdb059ed0 JavaThread "Sweeper thread" daemon [_thread_blocked, id=8868, stack(0x0000007131100000,0x0000007131200000)]
  0x0000023fdbcb1f00 JavaThread "Common-Cleaner" daemon [_thread_blocked, id=1340, stack(0x0000007131200000,0x0000007131300000)]
  0x0000023fdbcba430 JavaThread "Notification Thread" daemon [_thread_blocked, id=1252, stack(0x0000007131300000,0x0000007131400000)]
  0x0000023fdcb71d70 JavaThread "Daemon health stats" [_thread_blocked, id=8964, stack(0x0000007131600000,0x0000007131700000)]
  0x0000023fdd520e50 JavaThread "Incoming local TCP Connector on port 59772" [_thread_in_native, id=4544, stack(0x0000007131700000,0x0000007131800000)]
  0x0000023fdd30c990 JavaThread "Daemon periodic checks" [_thread_blocked, id=2540, stack(0x0000007131800000,0x0000007131900000)]
  0x0000023fdca95450 JavaThread "Daemon" [_thread_blocked, id=8296, stack(0x0000007131900000,0x0000007131a00000)]
  0x0000023fdd1080f0 JavaThread "Handler for socket connection from /127.0.0.1:59772 to /127.0.0.1:59773" [_thread_in_native, id=4468, stack(0x0000007131a00000,0x0000007131b00000)]
  0x0000023fdd4ddb30 JavaThread "Cancel handler" [_thread_blocked, id=3284, stack(0x0000007131b00000,0x0000007131c00000)]
  0x0000023fdd4de5d0 JavaThread "Daemon worker" [_thread_in_vm, id=1040, stack(0x0000007131c00000,0x0000007131d00000)]
  0x0000023fdd4df5c0 JavaThread "Asynchronous log dispatcher for DefaultDaemonConnection: socket connection from /127.0.0.1:59772 to /127.0.0.1:59773" [_thread_blocked, id=6204, stack(0x0000007131d00000,0x0000007131e00000)]
  0x0000023fdd4de080 JavaThread "Stdin handler" [_thread_blocked, id=7736, stack(0x0000007131e00000,0x0000007131f00000)]
  0x0000023fdd4df070 JavaThread "Daemon client event forwarder" [_thread_blocked, id=6752, stack(0x0000007131f00000,0x0000007132000000)]
  0x0000023fdd4dc0a0 JavaThread "Cache worker for file hash cache (C:\Users\lopperik\.gradle\caches\7.0\fileHashes)" [_thread_blocked, id=7020, stack(0x0000007132000000,0x0000007132100000)]
  0x0000023fdd4deb20 JavaThread "File lock request listener" [_thread_in_native, id=6300, stack(0x0000007132100000,0x0000007132200000)]
  0x0000023fdd4dc5f0 JavaThread "Cache worker for journal cache (C:\Users\lopperik\.gradle\caches\journal-1)" [_thread_blocked, id=4288, stack(0x0000007132200000,0x0000007132300000)]
=>0x0000023fdd4dd090 JavaThread "File watcher server" daemon [_thread_in_native, id=8804, stack(0x0000007132400000,0x0000007132500000)]
  0x0000023fdd4dd5e0 JavaThread "File watcher consumer" daemon [_thread_blocked, id=6652, stack(0x0000007132500000,0x0000007132600000)]
  0x0000023fde479610 JavaThread "Cache worker for execution history cache (C:\Users\lopperik\.gradle\caches\7.0\executionHistory)" [_thread_blocked, id=7612, stack(0x0000007132900000,0x0000007132a00000)]
  0x0000023fde47b5f0 JavaThread "jar transforms" [_thread_blocked, id=3332, stack(0x0000007132a00000,0x0000007132b00000)]
  0x0000023fde47c5e0 JavaThread "jar transforms Thread 2" [_thread_blocked, id=5368, stack(0x0000007132b00000,0x0000007132c00000)]
  0x0000023fde479b60 JavaThread "Cache worker for file content cache (C:\Users\lopperik\.gradle\caches\7.0\fileContent)" [_thread_blocked, id=5712, stack(0x0000007132c00000,0x0000007132d00000)]
  0x0000023fde4760f0 JavaThread "Memory manager" [_thread_blocked, id=4740, stack(0x0000007133200000,0x0000007133300000)]
  0x0000023fde478620 JavaThread "Cache worker for Java compile cache (C:\Users\lopperik\.gradle\caches\7.0\javaCompile)" [_thread_blocked, id=8092, stack(0x0000007133500000,0x0000007133600000)]
  0x0000023fdff2e0e0 JavaThread "Exec process" [_thread_blocked, id=8908, stack(0x0000007133700000,0x0000007133800000)]
  0x0000023fdff2d640 JavaThread "DisconnectableInputStream source reader" daemon [_thread_blocked, id=8236, stack(0x0000007133800000,0x0000007133900000)]
  0x0000023fdff276a0 JavaThread "Exec process Thread 2" [_thread_blocked, id=2568, stack(0x0000007133900000,0x0000007133a00000)]
  0x0000023fdff2a670 JavaThread "Exec process Thread 3" [_thread_blocked, id=6004, stack(0x0000007133a00000,0x0000007133b00000)]
  0x0000023fdff2c100 JavaThread "Exec process Thread 4" [_thread_blocked, id=5852, stack(0x0000007133b00000,0x0000007133c00000)]

Other Threads:
  0x0000023fdafc4710 VMThread "VM Thread" [stack: 0x0000007130800000,0x0000007130900000] [id=4728]
  0x0000023fdbcbcd70 WatcherThread [stack: 0x0000007131400000,0x0000007131500000] [id=5092]
  0x0000023fbe3e2ab0 GCTaskThread "GC Thread#0" [stack: 0x0000007130300000,0x0000007130400000] [id=2220]
  0x0000023fdc0a36d0 GCTaskThread "GC Thread#1" [stack: 0x0000007131500000,0x0000007131600000] [id=7240]
  0x0000023fbe3e7a00 ConcurrentGCThread "G1 Main Marker" [stack: 0x0000007130400000,0x0000007130500000] [id=5796]
  0x0000023fbe3e8d00 ConcurrentGCThread "G1 Conc#0" [stack: 0x0000007130500000,0x0000007130600000] [id=7904]
  0x0000023fbe49ea80 ConcurrentGCThread "G1 Refine#0" [stack: 0x0000007130600000,0x0000007130700000] [id=5428]
  0x0000023fdd3d23b0 ConcurrentGCThread "G1 Refine#1" [stack: 0x0000007132e00000,0x0000007132f00000] [id=7500]
  0x0000023fdae805d0 ConcurrentGCThread "G1 Service" [stack: 0x0000007130700000,0x0000007130800000] [id=6316]

Threads with active compile tasks:
C2 CompilerThread0    73501 8332       4       java.lang.StringBuilder::append (6 bytes)

VM state: not at safepoint (normal execution)

VM Mutex/Monitor currently owned by a thread: None

Heap address: 0x00000000e0000000, size: 512 MB, Compressed Oops mode: 32-bit

CDS archive(s) mapped at: [0x0000000800000000-0x0000000800be0000-0x0000000800be0000), size 12451840, SharedBaseAddress: 0x0000000800000000, ArchiveRelocationMode: 0.
Compressed class space mapped at: 0x0000000800c00000-0x000000080dc00000, reserved size: 218103808
Narrow klass base: 0x0000000800000000, Narrow klass shift: 3, Narrow klass range: 0x100000000

GC Precious Log:
 CPUs: 2 total, 2 available
 Memory: 3941M
 Large Page Support: Disabled
 NUMA Support: Disabled
 Compressed Oops: Enabled (32-bit)
 Heap Region Size: 1M
 Heap Min Capacity: 256M
 Heap Initial Capacity: 256M
 Heap Max Capacity: 512M
 Pre-touch: Disabled
 Parallel Workers: 2
 Concurrent Workers: 1
 Concurrent Refinement Workers: 2
 Periodic GC: Disabled

Heap:
 garbage-first heap   total 262144K, used 110215K [0x00000000e0000000, 0x0000000100000000)
  region size 1024K, 81 young (82944K), 19 survivors (19456K)
 Metaspace       used 58608K, committed 59136K, reserved 270336K
  class space    used 7701K, committed 7936K, reserved 212992K

Heap Regions: E=young(eden), S=young(survivor), O=old, HS=humongous(starts), HC=humongous(continues), CS=collection set, F=free, OA=open archive, CA=closed archive, TAMS=top-at-mark-start (previous, next)
|   0|0x00000000e0000000, 0x00000000e0100000, 0x00000000e0100000|100%|HS|  |TAMS 0x00000000e0100000, 0x00000000e0000000| Complete 
|   1|0x00000000e0100000, 0x00000000e0200000, 0x00000000e0200000|100%|HC|  |TAMS 0x00000000e0200000, 0x00000000e0100000| Complete 
|   2|0x00000000e0200000, 0x00000000e0300000, 0x00000000e0300000|100%|HC|  |TAMS 0x00000000e0300000, 0x00000000e0200000| Complete 
|   3|0x00000000e0300000, 0x00000000e0400000, 0x00000000e0400000|100%| O|  |TAMS 0x00000000e0400000, 0x00000000e0300000| Untracked 
|   4|0x00000000e0400000, 0x00000000e0500000, 0x00000000e0500000|100%| O|  |TAMS 0x00000000e0500000, 0x00000000e0400000| Untracked 
|   5|0x00000000e0500000, 0x00000000e0600000, 0x00000000e0600000|100%| O|  |TAMS 0x00000000e0600000, 0x00000000e0500000| Untracked 
|   6|0x00000000e0600000, 0x00000000e0700000, 0x00000000e0700000|100%| O|  |TAMS 0x00000000e0700000, 0x00000000e0600000| Untracked 
|   7|0x00000000e0700000, 0x00000000e0800000, 0x00000000e0800000|100%| O|  |TAMS 0x00000000e0800000, 0x00000000e0700000| Untracked 
|   8|0x00000000e0800000, 0x00000000e0900000, 0x00000000e0900000|100%| O|  |TAMS 0x00000000e0900000, 0x00000000e0800000| Untracked 
|   9|0x00000000e0900000, 0x00000000e0a00000, 0x00000000e0a00000|100%| O|  |TAMS 0x00000000e0a00000, 0x00000000e0900000| Untracked 
|  10|0x00000000e0a00000, 0x00000000e0b00000, 0x00000000e0b00000|100%| O|  |TAMS 0x00000000e0a00000, 0x00000000e0a00000| Untracked 
|  11|0x00000000e0b00000, 0x00000000e0c00000, 0x00000000e0c00000|100%| O|  |TAMS 0x00000000e0b00000, 0x00000000e0b00000| Untracked 
|  12|0x00000000e0c00000, 0x00000000e0d00000, 0x00000000e0d00000|100%| O|  |TAMS 0x00000000e0c00000, 0x00000000e0c00000| Untracked 
|  13|0x00000000e0d00000, 0x00000000e0e00000, 0x00000000e0e00000|100%| O|  |TAMS 0x00000000e0d00000, 0x00000000e0d00000| Untracked 
|  14|0x00000000e0e00000, 0x00000000e0f00000, 0x00000000e0f00000|100%| O|  |TAMS 0x00000000e0f00000, 0x00000000e0e00000| Untracked 
|  15|0x00000000e0f00000, 0x00000000e1000000, 0x00000000e1000000|100%| O|  |TAMS 0x00000000e1000000, 0x00000000e0f00000| Untracked 
|  16|0x00000000e1000000, 0x00000000e1100000, 0x00000000e1100000|100%| O|  |TAMS 0x00000000e1100000, 0x00000000e1000000| Untracked 
|  17|0x00000000e1100000, 0x00000000e1200000, 0x00000000e1200000|100%| O|  |TAMS 0x00000000e1200000, 0x00000000e1100000| Untracked 
|  18|0x00000000e1200000, 0x00000000e1300000, 0x00000000e1300000|100%| O|  |TAMS 0x00000000e1300000, 0x00000000e1200000| Untracked 
|  19|0x00000000e1300000, 0x00000000e1400000, 0x00000000e1400000|100%| O|  |TAMS 0x00000000e1400000, 0x00000000e1300000| Untracked 
|  20|0x00000000e1400000, 0x00000000e1500000, 0x00000000e1500000|100%| O|  |TAMS 0x00000000e1500000, 0x00000000e1400000| Untracked 
|  21|0x00000000e1500000, 0x00000000e1600000, 0x00000000e1600000|100%| O|  |TAMS 0x00000000e1600000, 0x00000000e1500000| Untracked 
|  22|0x00000000e1600000, 0x00000000e1700000, 0x00000000e1700000|100%| O|  |TAMS 0x00000000e1700000, 0x00000000e1600000| Untracked 
|  23|0x00000000e1700000, 0x00000000e1800000, 0x00000000e1800000|100%| O|  |TAMS 0x00000000e17a2400, 0x00000000e1700000| Untracked 
|  24|0x00000000e1800000, 0x00000000e1900000, 0x00000000e1900000|100%| O|  |TAMS 0x00000000e1800000, 0x00000000e1800000| Untracked 
|  25|0x00000000e1900000, 0x00000000e1a00000, 0x00000000e1a00000|100%| O|  |TAMS 0x00000000e1900000, 0x00000000e1900000| Untracked 
|  26|0x00000000e1a00000, 0x00000000e1b00000, 0x00000000e1b00000|100%| O|  |TAMS 0x00000000e1a00000, 0x00000000e1a00000| Untracked 
|  27|0x00000000e1b00000, 0x00000000e1bfbc00, 0x00000000e1c00000| 98%| O|  |TAMS 0x00000000e1b00000, 0x00000000e1b00000| Untracked 
|  28|0x00000000e1c00000, 0x00000000e1c00000, 0x00000000e1d00000|  0%| F|  |TAMS 0x00000000e1c00000, 0x00000000e1c00000| Untracked 
|  29|0x00000000e1d00000, 0x00000000e1d00000, 0x00000000e1e00000|  0%| F|  |TAMS 0x00000000e1d00000, 0x00000000e1d00000| Untracked 
|  30|0x00000000e1e00000, 0x00000000e1e00000, 0x00000000e1f00000|  0%| F|  |TAMS 0x00000000e1e00000, 0x00000000e1e00000| Untracked 
|  31|0x00000000e1f00000, 0x00000000e1f00000, 0x00000000e2000000|  0%| F|  |TAMS 0x00000000e1f00000, 0x00000000e1f00000| Untracked 
|  32|0x00000000e2000000, 0x00000000e2000000, 0x00000000e2100000|  0%| F|  |TAMS 0x00000000e2000000, 0x00000000e2000000| Untracked 
|  33|0x00000000e2100000, 0x00000000e2100000, 0x00000000e2200000|  0%| F|  |TAMS 0x00000000e2100000, 0x00000000e2100000| Untracked 
|  34|0x00000000e2200000, 0x00000000e2200000, 0x00000000e2300000|  0%| F|  |TAMS 0x00000000e2200000, 0x00000000e2200000| Untracked 
|  35|0x00000000e2300000, 0x00000000e2300000, 0x00000000e2400000|  0%| F|  |TAMS 0x00000000e2300000, 0x00000000e2300000| Untracked 
|  36|0x00000000e2400000, 0x00000000e2400000, 0x00000000e2500000|  0%| F|  |TAMS 0x00000000e2400000, 0x00000000e2400000| Untracked 
|  37|0x00000000e2500000, 0x00000000e2500000, 0x00000000e2600000|  0%| F|  |TAMS 0x00000000e2500000, 0x00000000e2500000| Untracked 
|  38|0x00000000e2600000, 0x00000000e2600000, 0x00000000e2700000|  0%| F|  |TAMS 0x00000000e2600000, 0x00000000e2600000| Untracked 
|  39|0x00000000e2700000, 0x00000000e2700000, 0x00000000e2800000|  0%| F|  |TAMS 0x00000000e2700000, 0x00000000e2700000| Untracked 
|  40|0x00000000e2800000, 0x00000000e2800000, 0x00000000e2900000|  0%| F|  |TAMS 0x00000000e2800000, 0x00000000e2800000| Untracked 
|  41|0x00000000e2900000, 0x00000000e2900000, 0x00000000e2a00000|  0%| F|  |TAMS 0x00000000e2900000, 0x00000000e2900000| Untracked 
|  42|0x00000000e2a00000, 0x00000000e2a00000, 0x00000000e2b00000|  0%| F|  |TAMS 0x00000000e2a00000, 0x00000000e2a00000| Untracked 
|  43|0x00000000e2b00000, 0x00000000e2b00000, 0x00000000e2c00000|  0%| F|  |TAMS 0x00000000e2b00000, 0x00000000e2b00000| Untracked 
|  44|0x00000000e2c00000, 0x00000000e2c00000, 0x00000000e2d00000|  0%| F|  |TAMS 0x00000000e2c00000, 0x00000000e2c00000| Untracked 
|  45|0x00000000e2d00000, 0x00000000e2d00000, 0x00000000e2e00000|  0%| F|  |TAMS 0x00000000e2d00000, 0x00000000e2d00000| Untracked 
|  46|0x00000000e2e00000, 0x00000000e2e00000, 0x00000000e2f00000|  0%| F|  |TAMS 0x00000000e2e00000, 0x00000000e2e00000| Untracked 
|  47|0x00000000e2f00000, 0x00000000e2f00000, 0x00000000e3000000|  0%| F|  |TAMS 0x00000000e2f00000, 0x00000000e2f00000| Untracked 
|  48|0x00000000e3000000, 0x00000000e3000000, 0x00000000e3100000|  0%| F|  |TAMS 0x00000000e3000000, 0x00000000e3000000| Untracked 
|  49|0x00000000e3100000, 0x00000000e3100000, 0x00000000e3200000|  0%| F|  |TAMS 0x00000000e3100000, 0x00000000e3100000| Untracked 
|  50|0x00000000e3200000, 0x00000000e3200000, 0x00000000e3300000|  0%| F|  |TAMS 0x00000000e3200000, 0x00000000e3200000| Untracked 
|  51|0x00000000e3300000, 0x00000000e3300000, 0x00000000e3400000|  0%| F|  |TAMS 0x00000000e3300000, 0x00000000e3300000| Untracked 
|  52|0x00000000e3400000, 0x00000000e3400000, 0x00000000e3500000|  0%| F|  |TAMS 0x00000000e3400000, 0x00000000e3400000| Untracked 
|  53|0x00000000e3500000, 0x00000000e3500000, 0x00000000e3600000|  0%| F|  |TAMS 0x00000000e3500000, 0x00000000e3500000| Untracked 
|  54|0x00000000e3600000, 0x00000000e3600000, 0x00000000e3700000|  0%| F|  |TAMS 0x00000000e3600000, 0x00000000e3600000| Untracked 
|  55|0x00000000e3700000, 0x00000000e3700000, 0x00000000e3800000|  0%| F|  |TAMS 0x00000000e3700000, 0x00000000e3700000| Untracked 
|  56|0x00000000e3800000, 0x00000000e3800000, 0x00000000e3900000|  0%| F|  |TAMS 0x00000000e3800000, 0x00000000e3800000| Untracked 
|  57|0x00000000e3900000, 0x00000000e3900000, 0x00000000e3a00000|  0%| F|  |TAMS 0x00000000e3900000, 0x00000000e3900000| Untracked 
|  58|0x00000000e3a00000, 0x00000000e3a00000, 0x00000000e3b00000|  0%| F|  |TAMS 0x00000000e3a00000, 0x00000000e3a00000| Untracked 
|  59|0x00000000e3b00000, 0x00000000e3b00000, 0x00000000e3c00000|  0%| F|  |TAMS 0x00000000e3b00000, 0x00000000e3b00000| Untracked 
|  60|0x00000000e3c00000, 0x00000000e3c00000, 0x00000000e3d00000|  0%| F|  |TAMS 0x00000000e3c00000, 0x00000000e3c00000| Untracked 
|  61|0x00000000e3d00000, 0x00000000e3d00000, 0x00000000e3e00000|  0%| F|  |TAMS 0x00000000e3d00000, 0x00000000e3d00000| Untracked 
|  62|0x00000000e3e00000, 0x00000000e3e00000, 0x00000000e3f00000|  0%| F|  |TAMS 0x00000000e3e00000, 0x00000000e3e00000| Untracked 
|  63|0x00000000e3f00000, 0x00000000e3f00000, 0x00000000e4000000|  0%| F|  |TAMS 0x00000000e3f00000, 0x00000000e3f00000| Untracked 
|  64|0x00000000e4000000, 0x00000000e4000000, 0x00000000e4100000|  0%| F|  |TAMS 0x00000000e4000000, 0x00000000e4000000| Untracked 
|  65|0x00000000e4100000, 0x00000000e4100000, 0x00000000e4200000|  0%| F|  |TAMS 0x00000000e4100000, 0x00000000e4100000| Untracked 
|  66|0x00000000e4200000, 0x00000000e4200000, 0x00000000e4300000|  0%| F|  |TAMS 0x00000000e4200000, 0x00000000e4200000| Untracked 
|  67|0x00000000e4300000, 0x00000000e4300000, 0x00000000e4400000|  0%| F|  |TAMS 0x00000000e4300000, 0x00000000e4300000| Untracked 
|  68|0x00000000e4400000, 0x00000000e4400000, 0x00000000e4500000|  0%| F|  |TAMS 0x00000000e4400000, 0x00000000e4400000| Untracked 
|  69|0x00000000e4500000, 0x00000000e4500000, 0x00000000e4600000|  0%| F|  |TAMS 0x00000000e4500000, 0x00000000e4500000| Untracked 
|  70|0x00000000e4600000, 0x00000000e4600000, 0x00000000e4700000|  0%| F|  |TAMS 0x00000000e4600000, 0x00000000e4600000| Untracked 
|  71|0x00000000e4700000, 0x00000000e4700000, 0x00000000e4800000|  0%| F|  |TAMS 0x00000000e4700000, 0x00000000e4700000| Untracked 
|  72|0x00000000e4800000, 0x00000000e4800000, 0x00000000e4900000|  0%| F|  |TAMS 0x00000000e4800000, 0x00000000e4800000| Untracked 
|  73|0x00000000e4900000, 0x00000000e4900000, 0x00000000e4a00000|  0%| F|  |TAMS 0x00000000e4900000, 0x00000000e4900000| Untracked 
|  74|0x00000000e4a00000, 0x00000000e4a00000, 0x00000000e4b00000|  0%| F|  |TAMS 0x00000000e4a00000, 0x00000000e4a00000| Untracked 
|  75|0x00000000e4b00000, 0x00000000e4b00000, 0x00000000e4c00000|  0%| F|  |TAMS 0x00000000e4b00000, 0x00000000e4b00000| Untracked 
|  76|0x00000000e4c00000, 0x00000000e4c00000, 0x00000000e4d00000|  0%| F|  |TAMS 0x00000000e4c00000, 0x00000000e4c00000| Untracked 
|  77|0x00000000e4d00000, 0x00000000e4d00000, 0x00000000e4e00000|  0%| F|  |TAMS 0x00000000e4d00000, 0x00000000e4d00000| Untracked 
|  78|0x00000000e4e00000, 0x00000000e4e00000, 0x00000000e4f00000|  0%| F|  |TAMS 0x00000000e4e00000, 0x00000000e4e00000| Untracked 
|  79|0x00000000e4f00000, 0x00000000e4f00000, 0x00000000e5000000|  0%| F|  |TAMS 0x00000000e4f00000, 0x00000000e4f00000| Untracked 
|  80|0x00000000e5000000, 0x00000000e5000000, 0x00000000e5100000|  0%| F|  |TAMS 0x00000000e5000000, 0x00000000e5000000| Untracked 
|  81|0x00000000e5100000, 0x00000000e5100000, 0x00000000e5200000|  0%| F|  |TAMS 0x00000000e5100000, 0x00000000e5100000| Untracked 
|  82|0x00000000e5200000, 0x00000000e5200000, 0x00000000e5300000|  0%| F|  |TAMS 0x00000000e5200000, 0x00000000e5200000| Untracked 
|  83|0x00000000e5300000, 0x00000000e5300000, 0x00000000e5400000|  0%| F|  |TAMS 0x00000000e5300000, 0x00000000e5300000| Untracked 
|  84|0x00000000e5400000, 0x00000000e54a62b0, 0x00000000e5500000| 64%| S|CS|TAMS 0x00000000e5400000, 0x00000000e5400000| Complete 
|  85|0x00000000e5500000, 0x00000000e5600000, 0x00000000e5600000|100%| S|CS|TAMS 0x00000000e5500000, 0x00000000e5500000| Complete 
|  86|0x00000000e5600000, 0x00000000e5700000, 0x00000000e5700000|100%| S|CS|TAMS 0x00000000e5600000, 0x00000000e5600000| Complete 
|  87|0x00000000e5700000, 0x00000000e5800000, 0x00000000e5800000|100%| S|CS|TAMS 0x00000000e5700000, 0x00000000e5700000| Complete 
|  88|0x00000000e5800000, 0x00000000e5900000, 0x00000000e5900000|100%| S|CS|TAMS 0x00000000e5800000, 0x00000000e5800000| Complete 
|  89|0x00000000e5900000, 0x00000000e5a00000, 0x00000000e5a00000|100%| S|CS|TAMS 0x00000000e5900000, 0x00000000e5900000| Complete 
|  90|0x00000000e5a00000, 0x00000000e5b00000, 0x00000000e5b00000|100%| S|CS|TAMS 0x00000000e5a00000, 0x00000000e5a00000| Complete 
|  91|0x00000000e5b00000, 0x00000000e5c00000, 0x00000000e5c00000|100%| S|CS|TAMS 0x00000000e5b00000, 0x00000000e5b00000| Complete 
|  92|0x00000000e5c00000, 0x00000000e5d00000, 0x00000000e5d00000|100%| S|CS|TAMS 0x00000000e5c00000, 0x00000000e5c00000| Complete 
|  93|0x00000000e5d00000, 0x00000000e5e00000, 0x00000000e5e00000|100%| S|CS|TAMS 0x00000000e5d00000, 0x00000000e5d00000| Complete 
|  94|0x00000000e5e00000, 0x00000000e5f00000, 0x00000000e5f00000|100%| S|CS|TAMS 0x00000000e5e00000, 0x00000000e5e00000| Complete 
|  95|0x00000000e5f00000, 0x00000000e6000000, 0x00000000e6000000|100%| S|CS|TAMS 0x00000000e5f00000, 0x00000000e5f00000| Complete 
|  96|0x00000000e6000000, 0x00000000e6100000, 0x00000000e6100000|100%| S|CS|TAMS 0x00000000e6000000, 0x00000000e6000000| Complete 
|  97|0x00000000e6100000, 0x00000000e6200000, 0x00000000e6200000|100%| S|CS|TAMS 0x00000000e6100000, 0x00000000e6100000| Complete 
|  98|0x00000000e6200000, 0x00000000e6300000, 0x00000000e6300000|100%| S|CS|TAMS 0x00000000e6200000, 0x00000000e6200000| Complete 
|  99|0x00000000e6300000, 0x00000000e6400000, 0x00000000e6400000|100%| S|CS|TAMS 0x00000000e6300000, 0x00000000e6300000| Complete 
| 100|0x00000000e6400000, 0x00000000e6500000, 0x00000000e6500000|100%| S|CS|TAMS 0x00000000e6400000, 0x00000000e6400000| Complete 
| 101|0x00000000e6500000, 0x00000000e6600000, 0x00000000e6600000|100%| S|CS|TAMS 0x00000000e6500000, 0x00000000e6500000| Complete 
| 102|0x00000000e6600000, 0x00000000e6700000, 0x00000000e6700000|100%| S|CS|TAMS 0x00000000e6600000, 0x00000000e6600000| Complete 
| 103|0x00000000e6700000, 0x00000000e6700000, 0x00000000e6800000|  0%| F|  |TAMS 0x00000000e6700000, 0x00000000e6700000| Untracked 
| 104|0x00000000e6800000, 0x00000000e6800000, 0x00000000e6900000|  0%| F|  |TAMS 0x00000000e6800000, 0x00000000e6800000| Untracked 
| 105|0x00000000e6900000, 0x00000000e6900000, 0x00000000e6a00000|  0%| F|  |TAMS 0x00000000e6900000, 0x00000000e6900000| Untracked 
| 106|0x00000000e6a00000, 0x00000000e6a00000, 0x00000000e6b00000|  0%| F|  |TAMS 0x00000000e6a00000, 0x00000000e6a00000| Untracked 
| 107|0x00000000e6b00000, 0x00000000e6b00000, 0x00000000e6c00000|  0%| F|  |TAMS 0x00000000e6b00000, 0x00000000e6b00000| Untracked 
| 108|0x00000000e6c00000, 0x00000000e6c00000, 0x00000000e6d00000|  0%| F|  |TAMS 0x00000000e6c00000, 0x00000000e6c00000| Untracked 
| 109|0x00000000e6d00000, 0x00000000e6d00000, 0x00000000e6e00000|  0%| F|  |TAMS 0x00000000e6d00000, 0x00000000e6d00000| Untracked 
| 110|0x00000000e6e00000, 0x00000000e6e00000, 0x00000000e6f00000|  0%| F|  |TAMS 0x00000000e6e00000, 0x00000000e6e00000| Untracked 
| 111|0x00000000e6f00000, 0x00000000e6f00000, 0x00000000e7000000|  0%| F|  |TAMS 0x00000000e6f00000, 0x00000000e6f00000| Untracked 
| 112|0x00000000e7000000, 0x00000000e7000000, 0x00000000e7100000|  0%| F|  |TAMS 0x00000000e7000000, 0x00000000e7000000| Untracked 
| 113|0x00000000e7100000, 0x00000000e7100000, 0x00000000e7200000|  0%| F|  |TAMS 0x00000000e7100000, 0x00000000e7100000| Untracked 
| 114|0x00000000e7200000, 0x00000000e7200000, 0x00000000e7300000|  0%| F|  |TAMS 0x00000000e7200000, 0x00000000e7200000| Untracked 
| 115|0x00000000e7300000, 0x00000000e7300000, 0x00000000e7400000|  0%| F|  |TAMS 0x00000000e7300000, 0x00000000e7300000| Untracked 
| 116|0x00000000e7400000, 0x00000000e7400000, 0x00000000e7500000|  0%| F|  |TAMS 0x00000000e7400000, 0x00000000e7400000| Untracked 
| 117|0x00000000e7500000, 0x00000000e7500000, 0x00000000e7600000|  0%| F|  |TAMS 0x00000000e7500000, 0x00000000e7500000| Untracked 
| 118|0x00000000e7600000, 0x00000000e7600000, 0x00000000e7700000|  0%| F|  |TAMS 0x00000000e7600000, 0x00000000e7600000| Untracked 
| 119|0x00000000e7700000, 0x00000000e7700000, 0x00000000e7800000|  0%| F|  |TAMS 0x00000000e7700000, 0x00000000e7700000| Untracked 
| 120|0x00000000e7800000, 0x00000000e7800000, 0x00000000e7900000|  0%| F|  |TAMS 0x00000000e7800000, 0x00000000e7800000| Untracked 
| 121|0x00000000e7900000, 0x00000000e7900000, 0x00000000e7a00000|  0%| F|  |TAMS 0x00000000e7900000, 0x00000000e7900000| Untracked 
| 122|0x00000000e7a00000, 0x00000000e7a00000, 0x00000000e7b00000|  0%| F|  |TAMS 0x00000000e7a00000, 0x00000000e7a00000| Untracked 
| 123|0x00000000e7b00000, 0x00000000e7b00000, 0x00000000e7c00000|  0%| F|  |TAMS 0x00000000e7b00000, 0x00000000e7b00000| Untracked 
| 124|0x00000000e7c00000, 0x00000000e7c00000, 0x00000000e7d00000|  0%| F|  |TAMS 0x00000000e7c00000, 0x00000000e7c00000| Untracked 
| 125|0x00000000e7d00000, 0x00000000e7d00000, 0x00000000e7e00000|  0%| F|  |TAMS 0x00000000e7d00000, 0x00000000e7d00000| Untracked 
| 126|0x00000000e7e00000, 0x00000000e7e00000, 0x00000000e7f00000|  0%| F|  |TAMS 0x00000000e7e00000, 0x00000000e7e00000| Untracked 
| 127|0x00000000e7f00000, 0x00000000e7f00000, 0x00000000e8000000|  0%| F|  |TAMS 0x00000000e7f00000, 0x00000000e7f00000| Untracked 
| 128|0x00000000e8000000, 0x00000000e8000000, 0x00000000e8100000|  0%| F|  |TAMS 0x00000000e8000000, 0x00000000e8000000| Untracked 
| 129|0x00000000e8100000, 0x00000000e8100000, 0x00000000e8200000|  0%| F|  |TAMS 0x00000000e8100000, 0x00000000e8100000| Untracked 
| 130|0x00000000e8200000, 0x00000000e8200000, 0x00000000e8300000|  0%| F|  |TAMS 0x00000000e8200000, 0x00000000e8200000| Untracked 
| 131|0x00000000e8300000, 0x00000000e8300000, 0x00000000e8400000|  0%| F|  |TAMS 0x00000000e8300000, 0x00000000e8300000| Untracked 
| 132|0x00000000e8400000, 0x00000000e8400000, 0x00000000e8500000|  0%| F|  |TAMS 0x00000000e8400000, 0x00000000e8400000| Untracked 
| 133|0x00000000e8500000, 0x00000000e8500000, 0x00000000e8600000|  0%| F|  |TAMS 0x00000000e8500000, 0x00000000e8500000| Untracked 
| 134|0x00000000e8600000, 0x00000000e8600000, 0x00000000e8700000|  0%| F|  |TAMS 0x00000000e8600000, 0x00000000e8600000| Untracked 
| 135|0x00000000e8700000, 0x00000000e8700000, 0x00000000e8800000|  0%| F|  |TAMS 0x00000000e8700000, 0x00000000e8700000| Untracked 
| 136|0x00000000e8800000, 0x00000000e8800000, 0x00000000e8900000|  0%| F|  |TAMS 0x00000000e8800000, 0x00000000e8800000| Untracked 
| 137|0x00000000e8900000, 0x00000000e8900000, 0x00000000e8a00000|  0%| F|  |TAMS 0x00000000e8900000, 0x00000000e8900000| Untracked 
| 138|0x00000000e8a00000, 0x00000000e8a00000, 0x00000000e8b00000|  0%| F|  |TAMS 0x00000000e8a00000, 0x00000000e8a00000| Untracked 
| 139|0x00000000e8b00000, 0x00000000e8b00000, 0x00000000e8c00000|  0%| F|  |TAMS 0x00000000e8b00000, 0x00000000e8b00000| Untracked 
| 140|0x00000000e8c00000, 0x00000000e8c00000, 0x00000000e8d00000|  0%| F|  |TAMS 0x00000000e8c00000, 0x00000000e8c00000| Untracked 
| 141|0x00000000e8d00000, 0x00000000e8d00000, 0x00000000e8e00000|  0%| F|  |TAMS 0x00000000e8d00000, 0x00000000e8d00000| Untracked 
| 142|0x00000000e8e00000, 0x00000000e8e00000, 0x00000000e8f00000|  0%| F|  |TAMS 0x00000000e8e00000, 0x00000000e8e00000| Untracked 
| 143|0x00000000e8f00000, 0x00000000e8f00000, 0x00000000e9000000|  0%| F|  |TAMS 0x00000000e8f00000, 0x00000000e8f00000| Untracked 
| 144|0x00000000e9000000, 0x00000000e9000000, 0x00000000e9100000|  0%| F|  |TAMS 0x00000000e9000000, 0x00000000e9000000| Untracked 
| 145|0x00000000e9100000, 0x00000000e9100000, 0x00000000e9200000|  0%| F|  |TAMS 0x00000000e9100000, 0x00000000e9100000| Untracked 
| 146|0x00000000e9200000, 0x00000000e9200000, 0x00000000e9300000|  0%| F|  |TAMS 0x00000000e9200000, 0x00000000e9200000| Untracked 
| 147|0x00000000e9300000, 0x00000000e9300000, 0x00000000e9400000|  0%| F|  |TAMS 0x00000000e9300000, 0x00000000e9300000| Untracked 
| 148|0x00000000e9400000, 0x00000000e9400000, 0x00000000e9500000|  0%| F|  |TAMS 0x00000000e9400000, 0x00000000e9400000| Untracked 
| 149|0x00000000e9500000, 0x00000000e9500000, 0x00000000e9600000|  0%| F|  |TAMS 0x00000000e9500000, 0x00000000e9500000| Untracked 
| 150|0x00000000e9600000, 0x00000000e9600000, 0x00000000e9700000|  0%| F|  |TAMS 0x00000000e9600000, 0x00000000e9600000| Untracked 
| 151|0x00000000e9700000, 0x00000000e9700000, 0x00000000e9800000|  0%| F|  |TAMS 0x00000000e9700000, 0x00000000e9700000| Untracked 
| 152|0x00000000e9800000, 0x00000000e9800000, 0x00000000e9900000|  0%| F|  |TAMS 0x00000000e9800000, 0x00000000e9800000| Untracked 
| 153|0x00000000e9900000, 0x00000000e9900000, 0x00000000e9a00000|  0%| F|  |TAMS 0x00000000e9900000, 0x00000000e9900000| Untracked 
| 154|0x00000000e9a00000, 0x00000000e9a00000, 0x00000000e9b00000|  0%| F|  |TAMS 0x00000000e9a00000, 0x00000000e9a00000| Untracked 
| 155|0x00000000e9b00000, 0x00000000e9b00000, 0x00000000e9c00000|  0%| F|  |TAMS 0x00000000e9b00000, 0x00000000e9b00000| Untracked 
| 156|0x00000000e9c00000, 0x00000000e9c00000, 0x00000000e9d00000|  0%| F|  |TAMS 0x00000000e9c00000, 0x00000000e9c00000| Untracked 
| 157|0x00000000e9d00000, 0x00000000e9d00000, 0x00000000e9e00000|  0%| F|  |TAMS 0x00000000e9d00000, 0x00000000e9d00000| Untracked 
| 158|0x00000000e9e00000, 0x00000000e9e00000, 0x00000000e9f00000|  0%| F|  |TAMS 0x00000000e9e00000, 0x00000000e9e00000| Untracked 
| 159|0x00000000e9f00000, 0x00000000e9f00000, 0x00000000ea000000|  0%| F|  |TAMS 0x00000000e9f00000, 0x00000000e9f00000| Untracked 
| 160|0x00000000ea000000, 0x00000000ea000000, 0x00000000ea100000|  0%| F|  |TAMS 0x00000000ea000000, 0x00000000ea000000| Untracked 
| 161|0x00000000ea100000, 0x00000000ea100000, 0x00000000ea200000|  0%| F|  |TAMS 0x00000000ea100000, 0x00000000ea100000| Untracked 
| 162|0x00000000ea200000, 0x00000000ea200000, 0x00000000ea300000|  0%| F|  |TAMS 0x00000000ea200000, 0x00000000ea200000| Untracked 
| 163|0x00000000ea300000, 0x00000000ea300000, 0x00000000ea400000|  0%| F|  |TAMS 0x00000000ea300000, 0x00000000ea300000| Untracked 
| 164|0x00000000ea400000, 0x00000000ea400000, 0x00000000ea500000|  0%| F|  |TAMS 0x00000000ea400000, 0x00000000ea400000| Untracked 
| 165|0x00000000ea500000, 0x00000000ea500000, 0x00000000ea600000|  0%| F|  |TAMS 0x00000000ea500000, 0x00000000ea500000| Untracked 
| 166|0x00000000ea600000, 0x00000000ea600000, 0x00000000ea700000|  0%| F|  |TAMS 0x00000000ea600000, 0x00000000ea600000| Untracked 
| 167|0x00000000ea700000, 0x00000000ea700000, 0x00000000ea800000|  0%| F|  |TAMS 0x00000000ea700000, 0x00000000ea700000| Untracked 
| 168|0x00000000ea800000, 0x00000000ea800000, 0x00000000ea900000|  0%| F|  |TAMS 0x00000000ea800000, 0x00000000ea800000| Untracked 
| 169|0x00000000ea900000, 0x00000000ea900000, 0x00000000eaa00000|  0%| F|  |TAMS 0x00000000ea900000, 0x00000000ea900000| Untracked 
| 170|0x00000000eaa00000, 0x00000000eaa00000, 0x00000000eab00000|  0%| F|  |TAMS 0x00000000eaa00000, 0x00000000eaa00000| Untracked 
| 171|0x00000000eab00000, 0x00000000eab00000, 0x00000000eac00000|  0%| F|  |TAMS 0x00000000eab00000, 0x00000000eab00000| Untracked 
| 172|0x00000000eac00000, 0x00000000eac00000, 0x00000000ead00000|  0%| F|  |TAMS 0x00000000eac00000, 0x00000000eac00000| Untracked 
| 173|0x00000000ead00000, 0x00000000ead00000, 0x00000000eae00000|  0%| F|  |TAMS 0x00000000ead00000, 0x00000000ead00000| Untracked 
| 174|0x00000000eae00000, 0x00000000eae00000, 0x00000000eaf00000|  0%| F|  |TAMS 0x00000000eae00000, 0x00000000eae00000| Untracked 
| 175|0x00000000eaf00000, 0x00000000eaf00000, 0x00000000eb000000|  0%| F|  |TAMS 0x00000000eaf00000, 0x00000000eaf00000| Untracked 
| 176|0x00000000eb000000, 0x00000000eb000000, 0x00000000eb100000|  0%| F|  |TAMS 0x00000000eb000000, 0x00000000eb000000| Untracked 
| 177|0x00000000eb100000, 0x00000000eb100000, 0x00000000eb200000|  0%| F|  |TAMS 0x00000000eb100000, 0x00000000eb100000| Untracked 
| 178|0x00000000eb200000, 0x00000000eb200000, 0x00000000eb300000|  0%| F|  |TAMS 0x00000000eb200000, 0x00000000eb200000| Untracked 
| 179|0x00000000eb300000, 0x00000000eb300000, 0x00000000eb400000|  0%| F|  |TAMS 0x00000000eb300000, 0x00000000eb300000| Untracked 
| 180|0x00000000eb400000, 0x00000000eb400000, 0x00000000eb500000|  0%| F|  |TAMS 0x00000000eb400000, 0x00000000eb400000| Untracked 
| 181|0x00000000eb500000, 0x00000000eb500000, 0x00000000eb600000|  0%| F|  |TAMS 0x00000000eb500000, 0x00000000eb500000| Untracked 
| 182|0x00000000eb600000, 0x00000000eb600000, 0x00000000eb700000|  0%| F|  |TAMS 0x00000000eb600000, 0x00000000eb600000| Untracked 
| 183|0x00000000eb700000, 0x00000000eb700000, 0x00000000eb800000|  0%| F|  |TAMS 0x00000000eb700000, 0x00000000eb700000| Untracked 
| 184|0x00000000eb800000, 0x00000000eb800000, 0x00000000eb900000|  0%| F|  |TAMS 0x00000000eb800000, 0x00000000eb800000| Untracked 
| 185|0x00000000eb900000, 0x00000000eb900000, 0x00000000eba00000|  0%| F|  |TAMS 0x00000000eb900000, 0x00000000eb900000| Untracked 
| 186|0x00000000eba00000, 0x00000000eba00000, 0x00000000ebb00000|  0%| F|  |TAMS 0x00000000eba00000, 0x00000000eba00000| Untracked 
| 187|0x00000000ebb00000, 0x00000000ebb00000, 0x00000000ebc00000|  0%| F|  |TAMS 0x00000000ebb00000, 0x00000000ebb00000| Untracked 
| 188|0x00000000ebc00000, 0x00000000ebc00000, 0x00000000ebd00000|  0%| F|  |TAMS 0x00000000ebc00000, 0x00000000ebc00000| Untracked 
| 189|0x00000000ebd00000, 0x00000000ebd00000, 0x00000000ebe00000|  0%| F|  |TAMS 0x00000000ebd00000, 0x00000000ebd00000| Untracked 
| 190|0x00000000ebe00000, 0x00000000ebe00000, 0x00000000ebf00000|  0%| F|  |TAMS 0x00000000ebe00000, 0x00000000ebe00000| Untracked 
| 191|0x00000000ebf00000, 0x00000000ebf00000, 0x00000000ec000000|  0%| F|  |TAMS 0x00000000ebf00000, 0x00000000ebf00000| Untracked 
| 192|0x00000000ec000000, 0x00000000ec000000, 0x00000000ec100000|  0%| F|  |TAMS 0x00000000ec000000, 0x00000000ec000000| Untracked 
| 193|0x00000000ec100000, 0x00000000ec100000, 0x00000000ec200000|  0%| F|  |TAMS 0x00000000ec100000, 0x00000000ec100000| Untracked 
| 194|0x00000000ec200000, 0x00000000ec300000, 0x00000000ec300000|100%| E|  |TAMS 0x00000000ec200000, 0x00000000ec200000| Complete 
| 195|0x00000000ec300000, 0x00000000ec400000, 0x00000000ec400000|100%| E|CS|TAMS 0x00000000ec300000, 0x00000000ec300000| Complete 
| 196|0x00000000ec400000, 0x00000000ec500000, 0x00000000ec500000|100%| E|CS|TAMS 0x00000000ec400000, 0x00000000ec400000| Complete 
| 197|0x00000000ec500000, 0x00000000ec600000, 0x00000000ec600000|100%| E|CS|TAMS 0x00000000ec500000, 0x00000000ec500000| Complete 
| 198|0x00000000ec600000, 0x00000000ec700000, 0x00000000ec700000|100%| E|CS|TAMS 0x00000000ec600000, 0x00000000ec600000| Complete 
| 199|0x00000000ec700000, 0x00000000ec800000, 0x00000000ec800000|100%| E|CS|TAMS 0x00000000ec700000, 0x00000000ec700000| Complete 
| 200|0x00000000ec800000, 0x00000000ec900000, 0x00000000ec900000|100%| E|CS|TAMS 0x00000000ec800000, 0x00000000ec800000| Complete 
| 201|0x00000000ec900000, 0x00000000eca00000, 0x00000000eca00000|100%| E|CS|TAMS 0x00000000ec900000, 0x00000000ec900000| Complete 
| 202|0x00000000eca00000, 0x00000000ecb00000, 0x00000000ecb00000|100%| E|CS|TAMS 0x00000000eca00000, 0x00000000eca00000| Complete 
| 203|0x00000000ecb00000, 0x00000000ecc00000, 0x00000000ecc00000|100%| E|CS|TAMS 0x00000000ecb00000, 0x00000000ecb00000| Complete 
| 204|0x00000000ecc00000, 0x00000000ecd00000, 0x00000000ecd00000|100%| E|CS|TAMS 0x00000000ecc00000, 0x00000000ecc00000| Complete 
| 205|0x00000000ecd00000, 0x00000000ece00000, 0x00000000ece00000|100%| E|CS|TAMS 0x00000000ecd00000, 0x00000000ecd00000| Complete 
| 206|0x00000000ece00000, 0x00000000ecf00000, 0x00000000ecf00000|100%| E|CS|TAMS 0x00000000ece00000, 0x00000000ece00000| Complete 
| 207|0x00000000ecf00000, 0x00000000ed000000, 0x00000000ed000000|100%| E|CS|TAMS 0x00000000ecf00000, 0x00000000ecf00000| Complete 
| 208|0x00000000ed000000, 0x00000000ed100000, 0x00000000ed100000|100%| E|CS|TAMS 0x00000000ed000000, 0x00000000ed000000| Complete 
| 209|0x00000000ed100000, 0x00000000ed200000, 0x00000000ed200000|100%| E|CS|TAMS 0x00000000ed100000, 0x00000000ed100000| Complete 
| 210|0x00000000ed200000, 0x00000000ed300000, 0x00000000ed300000|100%| E|CS|TAMS 0x00000000ed200000, 0x00000000ed200000| Complete 
| 211|0x00000000ed300000, 0x00000000ed400000, 0x00000000ed400000|100%| E|CS|TAMS 0x00000000ed300000, 0x00000000ed300000| Complete 
| 212|0x00000000ed400000, 0x00000000ed500000, 0x00000000ed500000|100%| E|CS|TAMS 0x00000000ed400000, 0x00000000ed400000| Complete 
| 213|0x00000000ed500000, 0x00000000ed600000, 0x00000000ed600000|100%| E|CS|TAMS 0x00000000ed500000, 0x00000000ed500000| Complete 
| 214|0x00000000ed600000, 0x00000000ed700000, 0x00000000ed700000|100%| E|CS|TAMS 0x00000000ed600000, 0x00000000ed600000| Complete 
| 215|0x00000000ed700000, 0x00000000ed800000, 0x00000000ed800000|100%| E|CS|TAMS 0x00000000ed700000, 0x00000000ed700000| Complete 
| 216|0x00000000ed800000, 0x00000000ed900000, 0x00000000ed900000|100%| E|CS|TAMS 0x00000000ed800000, 0x00000000ed800000| Complete 
| 217|0x00000000ed900000, 0x00000000eda00000, 0x00000000eda00000|100%| E|CS|TAMS 0x00000000ed900000, 0x00000000ed900000| Complete 
| 218|0x00000000eda00000, 0x00000000edb00000, 0x00000000edb00000|100%| E|CS|TAMS 0x00000000eda00000, 0x00000000eda00000| Complete 
| 219|0x00000000edb00000, 0x00000000edc00000, 0x00000000edc00000|100%| E|CS|TAMS 0x00000000edb00000, 0x00000000edb00000| Complete 
| 220|0x00000000edc00000, 0x00000000edd00000, 0x00000000edd00000|100%| E|CS|TAMS 0x00000000edc00000, 0x00000000edc00000| Complete 
| 221|0x00000000edd00000, 0x00000000ede00000, 0x00000000ede00000|100%| E|CS|TAMS 0x00000000edd00000, 0x00000000edd00000| Complete 
| 222|0x00000000ede00000, 0x00000000edf00000, 0x00000000edf00000|100%| E|CS|TAMS 0x00000000ede00000, 0x00000000ede00000| Complete 
| 223|0x00000000edf00000, 0x00000000ee000000, 0x00000000ee000000|100%| E|CS|TAMS 0x00000000edf00000, 0x00000000edf00000| Complete 
| 224|0x00000000ee000000, 0x00000000ee100000, 0x00000000ee100000|100%| E|CS|TAMS 0x00000000ee000000, 0x00000000ee000000| Complete 
| 225|0x00000000ee100000, 0x00000000ee200000, 0x00000000ee200000|100%| E|CS|TAMS 0x00000000ee100000, 0x00000000ee100000| Complete 
| 226|0x00000000ee200000, 0x00000000ee300000, 0x00000000ee300000|100%| E|CS|TAMS 0x00000000ee200000, 0x00000000ee200000| Complete 
| 227|0x00000000ee300000, 0x00000000ee400000, 0x00000000ee400000|100%| E|CS|TAMS 0x00000000ee300000, 0x00000000ee300000| Complete 
| 228|0x00000000ee400000, 0x00000000ee500000, 0x00000000ee500000|100%| E|CS|TAMS 0x00000000ee400000, 0x00000000ee400000| Complete 
| 229|0x00000000ee500000, 0x00000000ee600000, 0x00000000ee600000|100%| E|CS|TAMS 0x00000000ee500000, 0x00000000ee500000| Complete 
| 230|0x00000000ee600000, 0x00000000ee700000, 0x00000000ee700000|100%| E|CS|TAMS 0x00000000ee600000, 0x00000000ee600000| Complete 
| 231|0x00000000ee700000, 0x00000000ee800000, 0x00000000ee800000|100%| E|CS|TAMS 0x00000000ee700000, 0x00000000ee700000| Complete 
| 232|0x00000000ee800000, 0x00000000ee900000, 0x00000000ee900000|100%| E|CS|TAMS 0x00000000ee800000, 0x00000000ee800000| Complete 
| 233|0x00000000ee900000, 0x00000000eea00000, 0x00000000eea00000|100%| E|CS|TAMS 0x00000000ee900000, 0x00000000ee900000| Complete 
| 234|0x00000000eea00000, 0x00000000eeb00000, 0x00000000eeb00000|100%| E|CS|TAMS 0x00000000eea00000, 0x00000000eea00000| Complete 
| 235|0x00000000eeb00000, 0x00000000eec00000, 0x00000000eec00000|100%| E|CS|TAMS 0x00000000eeb00000, 0x00000000eeb00000| Complete 
| 236|0x00000000eec00000, 0x00000000eed00000, 0x00000000eed00000|100%| E|CS|TAMS 0x00000000eec00000, 0x00000000eec00000| Complete 
| 237|0x00000000eed00000, 0x00000000eee00000, 0x00000000eee00000|100%| E|CS|TAMS 0x00000000eed00000, 0x00000000eed00000| Complete 
| 238|0x00000000eee00000, 0x00000000eef00000, 0x00000000eef00000|100%| E|CS|TAMS 0x00000000eee00000, 0x00000000eee00000| Complete 
| 239|0x00000000eef00000, 0x00000000ef000000, 0x00000000ef000000|100%| E|CS|TAMS 0x00000000eef00000, 0x00000000eef00000| Complete 
| 240|0x00000000ef000000, 0x00000000ef100000, 0x00000000ef100000|100%| E|CS|TAMS 0x00000000ef000000, 0x00000000ef000000| Complete 
| 241|0x00000000ef100000, 0x00000000ef200000, 0x00000000ef200000|100%| E|CS|TAMS 0x00000000ef100000, 0x00000000ef100000| Complete 
| 242|0x00000000ef200000, 0x00000000ef300000, 0x00000000ef300000|100%| E|CS|TAMS 0x00000000ef200000, 0x00000000ef200000| Complete 
| 243|0x00000000ef300000, 0x00000000ef400000, 0x00000000ef400000|100%| E|CS|TAMS 0x00000000ef300000, 0x00000000ef300000| Complete 
| 244|0x00000000ef400000, 0x00000000ef500000, 0x00000000ef500000|100%| E|CS|TAMS 0x00000000ef400000, 0x00000000ef400000| Complete 
| 245|0x00000000ef500000, 0x00000000ef600000, 0x00000000ef600000|100%| E|CS|TAMS 0x00000000ef500000, 0x00000000ef500000| Complete 
| 246|0x00000000ef600000, 0x00000000ef700000, 0x00000000ef700000|100%| E|CS|TAMS 0x00000000ef600000, 0x00000000ef600000| Complete 
| 247|0x00000000ef700000, 0x00000000ef800000, 0x00000000ef800000|100%| E|CS|TAMS 0x00000000ef700000, 0x00000000ef700000| Complete 
| 248|0x00000000ef800000, 0x00000000ef900000, 0x00000000ef900000|100%| E|CS|TAMS 0x00000000ef800000, 0x00000000ef800000| Complete 
| 249|0x00000000ef900000, 0x00000000efa00000, 0x00000000efa00000|100%| E|CS|TAMS 0x00000000ef900000, 0x00000000ef900000| Complete 
| 250|0x00000000efa00000, 0x00000000efb00000, 0x00000000efb00000|100%| E|CS|TAMS 0x00000000efa00000, 0x00000000efa00000| Complete 
| 251|0x00000000efb00000, 0x00000000efc00000, 0x00000000efc00000|100%| E|CS|TAMS 0x00000000efb00000, 0x00000000efb00000| Complete 
| 252|0x00000000efc00000, 0x00000000efd00000, 0x00000000efd00000|100%| E|CS|TAMS 0x00000000efc00000, 0x00000000efc00000| Complete 
| 253|0x00000000efd00000, 0x00000000efe00000, 0x00000000efe00000|100%| E|CS|TAMS 0x00000000efd00000, 0x00000000efd00000| Complete 
| 254|0x00000000efe00000, 0x00000000eff00000, 0x00000000eff00000|100%| E|CS|TAMS 0x00000000efe00000, 0x00000000efe00000| Complete 
| 255|0x00000000eff00000, 0x00000000f0000000, 0x00000000f0000000|100%| E|CS|TAMS 0x00000000eff00000, 0x00000000eff00000| Complete 

Card table byte_map: [0x0000023fd7a50000,0x0000023fd7b50000] _byte_map_base: 0x0000023fd7350000

Marking Bits (Prev, Next): (CMBitMap*) 0x0000023fbe3e3030, (CMBitMap*) 0x0000023fbe3e3070
 Prev Bits: [0x0000023fd7c50000, 0x0000023fd8450000)
 Next Bits: [0x0000023fd8450000, 0x0000023fd8c50000)

Polling page: 0x0000023fbe230000

Metaspace:

Usage:
  Non-class:     49.71 MB used.
      Class:      7.52 MB used.
       Both:     57.24 MB used.

Virtual space:
  Non-class space:       56.00 MB reserved,      50.00 MB ( 89%) committed,  7 nodes.
      Class space:      208.00 MB reserved,       7.75 MB (  4%) committed,  1 nodes.
              Both:      264.00 MB reserved,      57.75 MB ( 22%) committed. 

Chunk freelists:
   Non-Class:  1.89 MB
       Class:  79.00 KB
        Both:  1.97 MB

MaxMetaspaceSize: 256.00 MB
CompressedClassSpaceSize: 208.00 MB
 - commit_granule_bytes: 65536.
 - commit_granule_words: 8192.
 - virtual_space_node_default_size: 1048576.
 - enlarge_chunks_in_place: 1.
 - new_chunks_are_fully_committed: 0.
 - uncommit_free_chunks: 1.
 - use_allocation_guard: 0.
 - handle_deallocations: 1.


Internal statistics:

num_allocs_failed_limit: 6.
num_arena_births: 598.
num_arena_deaths: 0.
num_vsnodes_births: 8.
num_vsnodes_deaths: 0.
num_space_committed: 924.
num_space_uncommitted: 0.
num_chunks_returned_to_freelist: 6.
num_chunks_taken_from_freelist: 2904.
num_chunk_merges: 6.
num_chunk_splits: 1932.
num_chunks_enlarged: 1308.
num_purges: 0.

CodeHeap 'non-profiled nmethods': size=120064Kb used=3173Kb max_used=3173Kb free=116890Kb
 bounds [0x0000023fd0010000, 0x0000023fd0330000, 0x0000023fd7550000]
CodeHeap 'profiled nmethods': size=120000Kb used=15574Kb max_used=15574Kb free=104425Kb
 bounds [0x0000023fc8ae0000, 0x0000023fc9a20000, 0x0000023fd0010000]
CodeHeap 'non-nmethods': size=5696Kb used=2349Kb max_used=2410Kb free=3346Kb
 bounds [0x0000023fc8550000, 0x0000023fc87c0000, 0x0000023fc8ae0000]
 total_blobs=8220 nmethods=7352 adapters=781
 compilation: enabled
              stopped_count=0, restarted_count=0
 full_count=0

Compilation events (20 events):
Event: 73.322 Thread 0x0000023fdaffd1e0 nmethod 8280 0x0000023fc99f6f90 code [0x0000023fc99f7140, 0x0000023fc99f72c8]
Event: 73.323 Thread 0x0000023fdaffd1e0 8281       3       kotlin.reflect.jvm.internal.impl.name.FqName::<init> (26 bytes)
Event: 73.323 Thread 0x0000023fdaffd1e0 nmethod 8281 0x0000023fc99f7390 code [0x0000023fc99f7580, 0x0000023fc99f7a18]
Event: 73.331 Thread 0x0000023fdafe7e60 nmethod 8261 0x0000023fd031b590 code [0x0000023fd031b960, 0x0000023fd031ea60]
Event: 73.331 Thread 0x0000023fdafe7e60 8268       4       java.lang.String::replace (42 bytes)
Event: 73.337 Thread 0x0000023fdaffd1e0 8283       3       java.util.ArrayDeque$DeqSpliterator::getFence (35 bytes)
Event: 73.337 Thread 0x0000023fdaffd1e0 nmethod 8283 0x0000023fc99f7b90 code [0x0000023fc99f7d20, 0x0000023fc99f7e78]
Event: 73.338 Thread 0x0000023fdaffd1e0 8284       3       org.gradle.internal.file.DefaultFileHierarchySet$Node::isChildOfOrThis (110 bytes)
Event: 73.342 Thread 0x0000023fdaffd1e0 nmethod 8284 0x0000023fc99f7f10 code [0x0000023fc99f8240, 0x0000023fc99f9818]
Event: 73.348 Thread 0x0000023fdafe7e60 nmethod 8268 0x0000023fd0320c10 code [0x0000023fd0320dc0, 0x0000023fd0321458]
Event: 73.348 Thread 0x0000023fdafe7e60 8267       4       jdk.internal.loader.ClassLoaders$BootClassLoader::loadClassOrNull (11 bytes)
Event: 73.349 Thread 0x0000023fdaffd1e0 8285       1       org.gradle.internal.snapshot.AbstractFileSystemLocationSnapshot::getAccessType (5 bytes)
Event: 73.349 Thread 0x0000023fdaffd1e0 nmethod 8285 0x0000023fd0321790 code [0x0000023fd0321920, 0x0000023fd03219f8]
Event: 73.349 Thread 0x0000023fdaffd1e0 8286       3       org.gradle.internal.snapshot.FileSystemLeafSnapshot::accept (8 bytes)
Event: 73.350 Thread 0x0000023fdaffd1e0 nmethod 8286 0x0000023fc99fa110 code [0x0000023fc99fa2c0, 0x0000023fc99fa4a8]
Event: 73.350 Thread 0x0000023fdaffd1e0 8287       3       org.gradle.internal.snapshot.DirectorySnapshot$$Lambda$829/0x0000000801266b38::accept (16 bytes)
Event: 73.350 Thread 0x0000023fdaffd1e0 nmethod 8287 0x0000023fc99fa590 code [0x0000023fc99fa760, 0x0000023fc99fabc8]
Event: 73.350 Thread 0x0000023fdafe7e60 nmethod 8267 0x0000023fd0321a90 code [0x0000023fd0321c20, 0x0000023fd0321e08]
Event: 73.351 Thread 0x0000023fdafe7e60 8262       4       java.util.concurrent.locks.ReentrantLock::lock (8 bytes)
Event: 73.354 Thread 0x0000023fdafe7e60 nmethod 8262 0x0000023fd0322010 code [0x0000023fd03221a0, 0x0000023fd0322508]

GC Heap History (16 events):
Event: 0.559 GC heap before
{Heap before GC invocations=0 (full 0):
 garbage-first heap   total 262144K, used 14336K [0x00000000e0000000, 0x0000000100000000)
  region size 1024K, 12 young (12288K), 0 survivors (0K)
 Metaspace       used 1086K, committed 1216K, reserved 221184K
  class space    used 73K, committed 128K, reserved 212992K
}
Event: 0.563 GC heap after
{Heap after GC invocations=1 (full 0):
 garbage-first heap   total 262144K, used 3579K [0x00000000e0000000, 0x0000000100000000)
  region size 1024K, 2 young (2048K), 2 survivors (2048K)
 Metaspace       used 1086K, committed 1216K, reserved 221184K
  class space    used 73K, committed 128K, reserved 212992K
}
Event: 1.075 GC heap before
{Heap before GC invocations=1 (full 0):
 garbage-first heap   total 262144K, used 15867K [0x00000000e0000000, 0x0000000100000000)
  region size 1024K, 12 young (12288K), 2 survivors (2048K)
 Metaspace       used 3281K, committed 3392K, reserved 221184K
  class space    used 386K, committed 448K, reserved 212992K
}
Event: 1.080 GC heap after
{Heap after GC invocations=2 (full 0):
 garbage-first heap   total 262144K, used 9344K [0x00000000e0000000, 0x0000000100000000)
  region size 1024K, 2 young (2048K), 2 survivors (2048K)
 Metaspace       used 3281K, committed 3392K, reserved 221184K
  class space    used 386K, committed 448K, reserved 212992K
}
Event: 1.359 GC heap before
{Heap before GC invocations=2 (full 0):
 garbage-first heap   total 262144K, used 20608K [0x00000000e0000000, 0x0000000100000000)
  region size 1024K, 13 young (13312K), 2 survivors (2048K)
 Metaspace       used 4145K, committed 4288K, reserved 221184K
  class space    used 481K, committed 576K, reserved 212992K
}
Event: 1.361 GC heap after
{Heap after GC invocations=3 (full 0):
 garbage-first heap   total 262144K, used 9996K [0x00000000e0000000, 0x0000000100000000)
  region size 1024K, 1 young (1024K), 1 survivors (1024K)
 Metaspace       used 4145K, committed 4288K, reserved 221184K
  class space    used 481K, committed 576K, reserved 212992K
}
Event: 1.799 GC heap before
{Heap before GC invocations=3 (full 0):
 garbage-first heap   total 262144K, used 31500K [0x00000000e0000000, 0x0000000100000000)
  region size 1024K, 22 young (22528K), 1 survivors (1024K)
 Metaspace       used 4238K, committed 4416K, reserved 221184K
  class space    used 482K, committed 576K, reserved 212992K
}
Event: 1.802 GC heap after
{Heap after GC invocations=4 (full 0):
 garbage-first heap   total 262144K, used 13304K [0x00000000e0000000, 0x0000000100000000)
  region size 1024K, 3 young (3072K), 3 survivors (3072K)
 Metaspace       used 4238K, committed 4416K, reserved 221184K
  class space    used 482K, committed 576K, reserved 212992K
}
Event: 4.958 GC heap before
{Heap before GC invocations=4 (full 0):
 garbage-first heap   total 262144K, used 113656K [0x00000000e0000000, 0x0000000100000000)
  region size 1024K, 102 young (104448K), 3 survivors (3072K)
 Metaspace       used 20958K, committed 21248K, reserved 237568K
  class space    used 3015K, committed 3136K, reserved 212992K
}
Event: 4.974 GC heap after
{Heap after GC invocations=5 (full 0):
 garbage-first heap   total 262144K, used 20488K [0x00000000e0000000, 0x0000000100000000)
  region size 1024K, 11 young (11264K), 11 survivors (11264K)
 Metaspace       used 20958K, committed 21248K, reserved 237568K
  class space    used 3015K, committed 3136K, reserved 212992K
}
Event: 7.371 GC heap before
{Heap before GC invocations=6 (full 0):
 garbage-first heap   total 262144K, used 116744K [0x00000000e0000000, 0x0000000100000000)
  region size 1024K, 102 young (104448K), 11 survivors (11264K)
 Metaspace       used 34771K, committed 35136K, reserved 245760K
  class space    used 4560K, committed 4736K, reserved 212992K
}
Event: 7.395 GC heap after
{Heap after GC invocations=7 (full 0):
 garbage-first heap   total 262144K, used 28764K [0x00000000e0000000, 0x0000000100000000)
  region size 1024K, 9 young (9216K), 9 survivors (9216K)
 Metaspace       used 34771K, committed 35136K, reserved 245760K
  class space    used 4560K, committed 4736K, reserved 212992K
}
Event: 7.457 GC heap before
{Heap before GC invocations=7 (full 0):
 garbage-first heap   total 262144K, used 31836K [0x00000000e0000000, 0x0000000100000000)
  region size 1024K, 13 young (13312K), 9 survivors (9216K)
 Metaspace       used 35195K, committed 35520K, reserved 245760K
  class space    used 4630K, committed 4800K, reserved 212992K
}
Event: 7.472 GC heap after
{Heap after GC invocations=8 (full 0):
 garbage-first heap   total 262144K, used 29679K [0x00000000e0000000, 0x0000000100000000)
  region size 1024K, 1 young (1024K), 1 survivors (1024K)
 Metaspace       used 35195K, committed 35520K, reserved 245760K
  class space    used 4630K, committed 4800K, reserved 212992K
}
Event: 13.248 GC heap before
{Heap before GC invocations=9 (full 0):
 garbage-first heap   total 262144K, used 184303K [0x00000000e0000000, 0x0000000100000000)
  region size 1024K, 153 young (156672K), 1 survivors (1024K)
 Metaspace       used 54088K, committed 54656K, reserved 262144K
  class space    used 7266K, committed 7552K, reserved 212992K
}
Event: 13.285 GC heap after
{Heap after GC invocations=10 (full 0):
 garbage-first heap   total 262144K, used 47751K [0x00000000e0000000, 0x0000000100000000)
  region size 1024K, 19 young (19456K), 19 survivors (19456K)
 Metaspace       used 54088K, committed 54656K, reserved 262144K
  class space    used 7266K, committed 7552K, reserved 212992K
}

Deoptimization events (20 events):
Event: 16.787 Thread 0x0000023fdff2c100 Uncommon trap: trap_request=0xffffffc6 fr.pc=0x0000023fd027dd90 relative=0x00000000000001d0
Event: 16.787 Thread 0x0000023fdff2c100 Uncommon trap: reason=bimorphic_or_optimized_type_check action=maybe_recompile pc=0x0000023fd027dd90 method=java.io.BufferedInputStream.read1([BII)I @ 39 c2
Event: 16.787 Thread 0x0000023fdff2c100 DEOPT PACKING pc=0x0000023fd027dd90 sp=0x0000007133bfeb00
Event: 16.787 Thread 0x0000023fdff2c100 DEOPT UNPACKING pc=0x0000023fc859d728 sp=0x0000007133bfea88 mode 2
Event: 16.982 Thread 0x0000023fdff2c100 Uncommon trap: trap_request=0xffffffc6 fr.pc=0x0000023fd027dd90 relative=0x00000000000001d0
Event: 16.982 Thread 0x0000023fdff2c100 Uncommon trap: reason=bimorphic_or_optimized_type_check action=maybe_recompile pc=0x0000023fd027dd90 method=java.io.BufferedInputStream.read1([BII)I @ 39 c2
Event: 16.982 Thread 0x0000023fdff2c100 DEOPT PACKING pc=0x0000023fd027dd90 sp=0x0000007133bfeb00
Event: 16.982 Thread 0x0000023fdff2c100 DEOPT UNPACKING pc=0x0000023fc859d728 sp=0x0000007133bfea88 mode 2
Event: 17.328 Thread 0x0000023fdff2c100 Uncommon trap: trap_request=0xffffffc6 fr.pc=0x0000023fd027dd90 relative=0x00000000000001d0
Event: 17.328 Thread 0x0000023fdff2c100 Uncommon trap: reason=bimorphic_or_optimized_type_check action=maybe_recompile pc=0x0000023fd027dd90 method=java.io.BufferedInputStream.read1([BII)I @ 39 c2
Event: 17.328 Thread 0x0000023fdff2c100 DEOPT PACKING pc=0x0000023fd027dd90 sp=0x0000007133bfeb00
Event: 17.328 Thread 0x0000023fdff2c100 DEOPT UNPACKING pc=0x0000023fc859d728 sp=0x0000007133bfea88 mode 2
Event: 17.329 Thread 0x0000023fdff2c100 Uncommon trap: trap_request=0xffffffc6 fr.pc=0x0000023fd027dd90 relative=0x00000000000001d0
Event: 17.329 Thread 0x0000023fdff2c100 Uncommon trap: reason=bimorphic_or_optimized_type_check action=maybe_recompile pc=0x0000023fd027dd90 method=java.io.BufferedInputStream.read1([BII)I @ 39 c2
Event: 17.329 Thread 0x0000023fdff2c100 DEOPT PACKING pc=0x0000023fd027dd90 sp=0x0000007133bfeb00
Event: 17.329 Thread 0x0000023fdff2c100 DEOPT UNPACKING pc=0x0000023fc859d728 sp=0x0000007133bfea88 mode 2
Event: 17.587 Thread 0x0000023fdff2c100 Uncommon trap: trap_request=0xffffff45 fr.pc=0x0000023fd0312944 relative=0x0000000000000304
Event: 17.587 Thread 0x0000023fdff2c100 Uncommon trap: reason=unstable_if action=reinterpret pc=0x0000023fd0312944 method=org.gradle.internal.logging.text.AbstractLineChoppingStyledTextOutput$2.execute(Lorg/gradle/internal/logging/text/AbstractLineChoppingStyledTextOutput$StateContext;)V @ 30 c
Event: 17.587 Thread 0x0000023fdff2c100 DEOPT PACKING pc=0x0000023fd0312944 sp=0x0000007133bfdc50
Event: 17.587 Thread 0x0000023fdff2c100 DEOPT UNPACKING pc=0x0000023fc859d728 sp=0x0000007133bfdc10 mode 2

Classes unloaded (0 events):
No events

Classes redefined (0 events):
No events

Internal exceptions (20 events):
Event: 16.517 Thread 0x0000023fdd4df070 Exception <a 'java/lang/NoSuchMethodError'{0x00000000ecc11288}: static Lorg/gradle/internal/build/event/types/AbstractTaskResult;.<clinit>()V> (0x00000000ecc11288) 
thrown [c:\wsjdk\correttojdksrc\installers\windows\zip\corretto-build\buildroot\src\hotspot\share\prims\jni.cpp, line 1210]
Event: 16.517 Thread 0x0000023fdd4df070 Exception <a 'java/lang/NoSuchMethodError'{0x00000000ecc12868}: static Lorg/gradle/internal/build/event/types/AbstractResult;.<clinit>()V> (0x00000000ecc12868) 
thrown [c:\wsjdk\correttojdksrc\installers\windows\zip\corretto-build\buildroot\src\hotspot\share\prims\jni.cpp, line 1210]
Event: 16.527 Thread 0x0000023fdd4df070 Exception <a 'java/lang/NoSuchMethodError'{0x00000000ecc2deb0}: static [Ljava/lang/Object;.<clinit>()V> (0x00000000ecc2deb0) 
thrown [c:\wsjdk\correttojdksrc\installers\windows\zip\corretto-build\buildroot\src\hotspot\share\prims\jni.cpp, line 1210]
Event: 16.647 Thread 0x0000023fdd4de5d0 Exception <a 'java/lang/ClassNotFoundException'{0x00000000ecb21300}: org/gradle/api/internal/file/collections/DefaultConfigurableFileCollectionBeanInfo> (0x00000000ecb21300) 
thrown [c:\wsjdk\correttojdksrc\installers\windows\zip\corretto-build\buildroot\src\hotspot\share\classfile\systemDictionary.cpp, line 256]
Event: 16.648 Thread 0x0000023fdd4de5d0 Exception <a 'java/lang/ClassNotFoundException'{0x00000000ecb2a6f0}: org/gradle/api/internal/file/CompositeFileCollectionBeanInfo> (0x00000000ecb2a6f0) 
thrown [c:\wsjdk\correttojdksrc\installers\windows\zip\corretto-build\buildroot\src\hotspot\share\classfile\systemDictionary.cpp, line 256]
Event: 16.648 Thread 0x0000023fdd4de5d0 Exception <a 'java/lang/ClassNotFoundException'{0x00000000ecb33ad0}: org/gradle/api/internal/file/AbstractFileCollectionBeanInfo> (0x00000000ecb33ad0) 
thrown [c:\wsjdk\correttojdksrc\installers\windows\zip\corretto-build\buildroot\src\hotspot\share\classfile\systemDictionary.cpp, line 256]
Event: 16.649 Thread 0x0000023fdd4de5d0 Exception <a 'java/lang/ClassNotFoundException'{0x00000000ecb3ce80}: org/gradle/api/internal/file/AbstractFileCollectionCustomizer> (0x00000000ecb3ce80) 
thrown [c:\wsjdk\correttojdksrc\installers\windows\zip\corretto-build\buildroot\src\hotspot\share\classfile\systemDictionary.cpp, line 256]
Event: 16.650 Thread 0x0000023fdd4de5d0 Exception <a 'java/lang/ClassNotFoundException'{0x00000000ecb58078}: org/gradle/api/internal/file/CompositeFileCollectionCustomizer> (0x00000000ecb58078) 
thrown [c:\wsjdk\correttojdksrc\installers\windows\zip\corretto-build\buildroot\src\hotspot\share\classfile\systemDictionary.cpp, line 256]
Event: 16.651 Thread 0x0000023fdd4de5d0 Exception <a 'java/lang/ClassNotFoundException'{0x00000000ecb69bc8}: org/gradle/api/internal/file/collections/DefaultConfigurableFileCollectionCustomizer> (0x00000000ecb69bc8) 
thrown [c:\wsjdk\correttojdksrc\installers\windows\zip\corretto-build\buildroot\src\hotspot\share\classfile\systemDictionary.cpp, line 256]
Event: 16.687 Thread 0x0000023fdd4de5d0 Exception <a 'java/lang/ClassNotFoundException'{0x00000000ecbe6da8}: java/io/FileBeanInfo> (0x00000000ecbe6da8) 
thrown [c:\wsjdk\correttojdksrc\installers\windows\zip\corretto-build\buildroot\src\hotspot\share\classfile\systemDictionary.cpp, line 256]
Event: 16.687 Thread 0x0000023fdd4de5d0 Exception <a 'java/lang/ClassNotFoundException'{0x00000000ecbec6f0}: java/io/FileCustomizer> (0x00000000ecbec6f0) 
thrown [c:\wsjdk\correttojdksrc\installers\windows\zip\corretto-build\buildroot\src\hotspot\share\classfile\systemDictionary.cpp, line 256]
Event: 16.691 Thread 0x0000023fdd4de5d0 Implicit null exception at 0x0000023fd0216fad to 0x0000023fd021745c
Event: 16.691 Thread 0x0000023fdd4de5d0 Implicit null exception at 0x0000023fd028f189 to 0x0000023fd028f594
Event: 16.697 Thread 0x0000023fdd4de5d0 Exception <a 'java/lang/NoSuchMethodError'{0x00000000eca80388}: 'void java.lang.invoke.DirectMethodHandle$Holder.invokeInterface(java.lang.Object, java.lang.Object, java.lang.Object, java.lang.Object)'> (0x00000000eca80388) 
thrown [c:\wsjdk\correttojdksrc\installers\windows\zip\corretto-build\buildroot\src\hotspot\share\interpreter\linkResolver.cpp, line 790]
Event: 16.746 Thread 0x0000023fdff2e0e0 Exception <a 'java/lang/NoSuchMethodError'{0x00000000ec98bd80}: 'void java.lang.invoke.DirectMethodHandle$Holder.invokeStatic(java.lang.Object, long)'> (0x00000000ec98bd80) 
thrown [c:\wsjdk\correttojdksrc\installers\windows\zip\corretto-build\buildroot\src\hotspot\share\interpreter\linkResolver.cpp, line 790]
Event: 16.747 Thread 0x0000023fdff2e0e0 Exception <a 'java/lang/NoSuchMethodError'{0x00000000ec9915f0}: 'java.lang.Object java.lang.invoke.DirectMethodHandle$Holder.newInvokeSpecial(java.lang.Object, long)'> (0x00000000ec9915f0) 
thrown [c:\wsjdk\correttojdksrc\installers\windows\zip\corretto-build\buildroot\src\hotspot\share\interpreter\linkResolver.cpp, line 790]
Event: 16.754 Thread 0x0000023fdff2e0e0 Exception <a 'java/lang/NoSuchMethodError'{0x00000000ec998730}: 'java.lang.Object java.lang.invoke.DirectMethodHandle$Holder.invokeStatic(java.lang.Object, java.lang.Object, long, java.lang.Object)'> (0x00000000ec998730) 
thrown [c:\wsjdk\correttojdksrc\installers\windows\zip\corretto-build\buildroot\src\hotspot\share\interpreter\linkResolver.cpp, line 790]
Event: 16.755 Thread 0x0000023fdff2e0e0 Exception <a 'java/lang/NoSuchMethodError'{0x00000000ec99c3b8}: 'java.lang.Object java.lang.invoke.DirectMethodHandle$Holder.invokeStaticInit(java.lang.Object, java.lang.Object, long, java.lang.Object)'> (0x00000000ec99c3b8) 
thrown [c:\wsjdk\correttojdksrc\installers\windows\zip\corretto-build\buildroot\src\hotspot\share\interpreter\linkResolver.cpp, line 790]
Event: 16.756 Thread 0x0000023fdff2e0e0 Exception <a 'java/lang/NoSuchMethodError'{0x00000000ec9a2c90}: 'java.lang.Object java.lang.invoke.DirectMethodHandle$Holder.newInvokeSpecial(java.lang.Object, java.lang.Object, long)'> (0x00000000ec9a2c90) 
thrown [c:\wsjdk\correttojdksrc\installers\windows\zip\corretto-build\buildroot\src\hotspot\share\interpreter\linkResolver.cpp, line 790]
Event: 16.756 Thread 0x0000023fdff2e0e0 Exception <a 'java/lang/NoSuchMethodError'{0x00000000ec9a69e8}: 'java.lang.Object java.lang.invoke.Invokers$Holder.linkToTargetMethod(java.lang.Object, long, java.lang.Object)'> (0x00000000ec9a69e8) 
thrown [c:\wsjdk\correttojdksrc\installers\windows\zip\corretto-build\buildroot\src\hotspot\share\interpreter\linkResolver.cpp, line 790]

Events (20 events):
Event: 24.695 Executing  VM operation: Cleanup done
Event: 32.768 Executing  VM operation: Cleanup
Event: 32.768 Executing  VM operation: Cleanup done
Event: 39.830 Executing  VM operation: Cleanup
Event: 39.830 Executing  VM operation: Cleanup done
Event: 49.873 Executing  VM operation: Cleanup
Event: 49.873 Executing  VM operation: Cleanup done
Event: 60.951 Executing  VM operation: Cleanup
Event: 60.951 Executing  VM operation: Cleanup done
Event: 62.964 Executing  VM operation: Cleanup
Event: 62.964 Executing  VM operation: Cleanup done
Event: 63.979 Executing  VM operation: Cleanup
Event: 63.979 Executing  VM operation: Cleanup done
Event: 73.067 Executing  VM operation: Cleanup
Event: 73.067 Executing  VM operation: Cleanup done
Event: 73.230 Thread 0x0000023fde4780d0 Thread exited: 0x0000023fde4780d0
Event: 73.233 loading class java/util/concurrent/ConcurrentLinkedQueue$Itr
Event: 73.233 loading class java/util/concurrent/ConcurrentLinkedQueue$Itr done
Event: 73.328 Executing  VM operation: HandshakeAllThreads
Event: 73.328 Executing  VM operation: HandshakeAllThreads done


Dynamic libraries:
0x00007ff720020000 - 0x00007ff72002d000 	C:\Users\lopperik\.jdks\corretto-16.0.2\bin\java.exe
0x00007ff992670000 - 0x00007ff992865000 	C:\Windows\SYSTEM32\ntdll.dll
0x00007ff992280000 - 0x00007ff99233d000 	C:\Windows\System32\KERNEL32.DLL
0x00007ff98fdb0000 - 0x00007ff990077000 	C:\Windows\System32\KERNELBASE.dll
0x00007ff9901c0000 - 0x00007ff9902c0000 	C:\Windows\System32\ucrtbase.dll
0x00007ff982470000 - 0x00007ff982485000 	C:\Users\lopperik\.jdks\corretto-16.0.2\bin\VCRUNTIME140.dll
0x00007ff979e50000 - 0x00007ff979e68000 	C:\Users\lopperik\.jdks\corretto-16.0.2\bin\jli.dll
0x00007ff990ce0000 - 0x00007ff990e80000 	C:\Windows\System32\USER32.dll
0x00007ff990080000 - 0x00007ff9900a2000 	C:\Windows\System32\win32u.dll
0x00007ff991250000 - 0x00007ff99127a000 	C:\Windows\System32\GDI32.dll
0x00007ff9900b0000 - 0x00007ff9901b9000 	C:\Windows\System32\gdi32full.dll
0x00007ff990390000 - 0x00007ff99042d000 	C:\Windows\System32\msvcp_win.dll
0x00007ff96d240000 - 0x00007ff96d4db000 	C:\Windows\WinSxS\amd64_microsoft.windows.common-controls_6595b64144ccf1df_6.0.19041.488_none_ca04af081b815d21\COMCTL32.dll
0x00007ff9924a0000 - 0x00007ff99253e000 	C:\Windows\System32\msvcrt.dll
0x00007ff991220000 - 0x00007ff991250000 	C:\Windows\System32\IMM32.DLL
0x00007ff970ad0000 - 0x00007ff970b6b000 	C:\Users\lopperik\.jdks\corretto-16.0.2\bin\msvcp140.dll
0x00007ff951130000 - 0x00007ff951d39000 	C:\Users\lopperik\.jdks\corretto-16.0.2\bin\server\jvm.dll
0x00007ff9923f0000 - 0x00007ff99249a000 	C:\Windows\System32\ADVAPI32.dll
0x00007ff9908b0000 - 0x00007ff99094b000 	C:\Windows\System32\sechost.dll
0x00007ff990e80000 - 0x00007ff990fa4000 	C:\Windows\System32\RPCRT4.dll
0x00007ff990b70000 - 0x00007ff990b78000 	C:\Windows\System32\PSAPI.DLL
0x00007ff9826f0000 - 0x00007ff9826f9000 	C:\Windows\SYSTEM32\WSOCK32.dll
0x00007ff9909d0000 - 0x00007ff990a3b000 	C:\Windows\System32\WS2_32.dll
0x00007ff97f060000 - 0x00007ff97f087000 	C:\Windows\SYSTEM32\WINMM.dll
0x00007ff981c30000 - 0x00007ff981c3a000 	C:\Windows\SYSTEM32\VERSION.dll
0x00007ff98dd30000 - 0x00007ff98dd43000 	C:\Windows\SYSTEM32\kernel.appcore.dll
0x00007ff9823a0000 - 0x00007ff9823aa000 	C:\Users\lopperik\.jdks\corretto-16.0.2\bin\jimage.dll
0x00007ff96ebf0000 - 0x00007ff96edd4000 	C:\Windows\SYSTEM32\DBGHELP.DLL
0x00007ff96ebc0000 - 0x00007ff96ebec000 	C:\Windows\SYSTEM32\dbgcore.DLL
0x00007ff9902c0000 - 0x00007ff99033f000 	C:\Windows\System32\bcryptPrimitives.dll
0x00007ff976170000 - 0x00007ff976195000 	C:\Users\lopperik\.jdks\corretto-16.0.2\bin\java.dll
0x00007ff9916b0000 - 0x00007ff991df1000 	C:\Windows\System32\SHELL32.dll
0x00007ff98df30000 - 0x00007ff98e6c3000 	C:\Windows\SYSTEM32\windows.storage.dll
0x00007ff991280000 - 0x00007ff9915d5000 	C:\Windows\System32\combase.dll
0x00007ff98f750000 - 0x00007ff98f77c000 	C:\Windows\SYSTEM32\Wldp.dll
0x00007ff992340000 - 0x00007ff9923ee000 	C:\Windows\System32\SHCORE.dll
0x00007ff990950000 - 0x00007ff9909a5000 	C:\Windows\System32\shlwapi.dll
0x00007ff98fce0000 - 0x00007ff98fd06000 	C:\Windows\SYSTEM32\profapi.dll
0x00007ff975b80000 - 0x00007ff975b99000 	C:\Users\lopperik\.jdks\corretto-16.0.2\bin\net.dll
0x00007ff981d60000 - 0x00007ff981e60000 	C:\Windows\SYSTEM32\WINHTTP.dll
0x00007ff98f4d0000 - 0x00007ff98f53a000 	C:\Windows\system32\mswsock.dll
0x00007ff974ab0000 - 0x00007ff974ac3000 	C:\Users\lopperik\.jdks\corretto-16.0.2\bin\nio.dll
0x00007ff974a90000 - 0x00007ff974aa8000 	C:\Users\lopperik\.jdks\corretto-16.0.2\bin\zip.dll
0x00007ff97a1c0000 - 0x00007ff97a1d0000 	C:\Users\lopperik\.jdks\corretto-16.0.2\bin\verify.dll
0x00007ff979b80000 - 0x00007ff979ba7000 	C:\Users\lopperik\.gradle\native\49d0259a56938c7f99b2704e745ce422c4f750a7a20b539a32ccef96729676b1\windows-amd64\native-platform.dll
0x00007ff975c40000 - 0x00007ff975dd6000 	C:\Users\lopperik\.gradle\native\12488b8bf47d2d4c9fbf2f6322a914ad602e24e48041cd04a747c6da556b65c4\windows-amd64\native-platform-file-events.dll
0x00007ff979f20000 - 0x00007ff979f29000 	C:\Users\lopperik\.jdks\corretto-16.0.2\bin\management.dll
0x00007ff979e20000 - 0x00007ff979e2b000 	C:\Users\lopperik\.jdks\corretto-16.0.2\bin\management_ext.dll
0x00007ff98f6a0000 - 0x00007ff98f6b8000 	C:\Windows\SYSTEM32\CRYPTSP.dll
0x00007ff98ee60000 - 0x00007ff98ee94000 	C:\Windows\system32\rsaenh.dll
0x00007ff9904e0000 - 0x00007ff990507000 	C:\Windows\System32\bcrypt.dll
0x00007ff98fc60000 - 0x00007ff98fc8e000 	C:\Windows\SYSTEM32\USERENV.dll
0x00007ff98f6c0000 - 0x00007ff98f6cc000 	C:\Windows\SYSTEM32\CRYPTBASE.dll
0x00007ff98f1c0000 - 0x00007ff98f1fb000 	C:\Windows\SYSTEM32\IPHLPAPI.DLL
0x00007ff992270000 - 0x00007ff992279000 	C:\Windows\System32\NSI.dll
0x00007ff983f90000 - 0x00007ff983fa7000 	C:\Windows\SYSTEM32\dhcpcsvc6.DLL
0x00007ff983f70000 - 0x00007ff983f8d000 	C:\Windows\SYSTEM32\dhcpcsvc.DLL
0x00007ff98f200000 - 0x00007ff98f2cb000 	C:\Windows\SYSTEM32\DNSAPI.dll
0x00007ff976960000 - 0x00007ff97696e000 	C:\Users\lopperik\.jdks\corretto-16.0.2\bin\sunmscapi.dll
0x00007ff990570000 - 0x00007ff9906cd000 	C:\Windows\System32\CRYPT32.dll
0x00007ff98f7c0000 - 0x00007ff98f7e7000 	C:\Windows\SYSTEM32\ncrypt.dll
0x00007ff98f780000 - 0x00007ff98f7bb000 	C:\Windows\SYSTEM32\NTASN1.dll
0x00007ff976930000 - 0x00007ff976937000 	C:\Windows\system32\wshunix.dll

dbghelp: loaded successfully - version: 4.0.5 - missing functions: none
symbol engine: initialized successfully - sym options: 0x614 - pdb path: .;C:\Users\lopperik\.jdks\corretto-16.0.2\bin;C:\Windows\SYSTEM32;C:\Windows\WinSxS\amd64_microsoft.windows.common-controls_6595b64144ccf1df_6.0.19041.488_none_ca04af081b815d21;C:\Users\lopperik\.jdks\corretto-16.0.2\bin\server;C:\Users\lopperik\.gradle\native\49d0259a56938c7f99b2704e745ce422c4f750a7a20b539a32ccef96729676b1\windows-amd64;C:\Users\lopperik\.gradle\native\12488b8bf47d2d4c9fbf2f6322a914ad602e24e48041cd04a747c6da556b65c4\windows-amd64

VM Arguments:
jvm_args: --add-opens=java.base/java.util=ALL-UNNAMED --add-opens=java.base/java.lang=ALL-UNNAMED --add-opens=java.base/java.lang.invoke=ALL-UNNAMED --add-opens=java.base/java.util=ALL-UNNAMED --add-opens=java.prefs/java.util.prefs=ALL-UNNAMED --add-opens=java.prefs/java.util.prefs=ALL-UNNAMED --add-opens=java.base/java.nio.charset=ALL-UNNAMED --add-opens=java.base/java.net=ALL-UNNAMED --add-opens=java.base/java.util.concurrent.atomic=ALL-UNNAMED -XX:MaxMetaspaceSize=256m -XX:+HeapDumpOnOutOfMemoryError -Xms256m -Xmx512m -Dfile.encoding=windows-1252 -Duser.country=DE -Duser.language=de -Duser.variant 
java_command: org.gradle.launcher.daemon.bootstrap.GradleDaemon 7.0
java_class_path (initial): C:\Users\lopperik\.gradle\wrapper\dists\gradle-7.0-bin\2p9ebqfz6ilrfozi676ogco7n\gradle-7.0\lib\gradle-launcher-7.0.jar
Launcher Type: SUN_STANDARD

[Global flags]
     intx CICompilerCount                          = 2                                         {product} {ergonomic}
   size_t CompressedClassSpaceSize                 = 218103808                                 {product} {ergonomic}
     uint ConcGCThreads                            = 1                                         {product} {ergonomic}
     uint G1ConcRefinementThreads                  = 2                                         {product} {ergonomic}
   size_t G1HeapRegionSize                         = 1048576                                   {product} {ergonomic}
    uintx GCDrainStackTargetSize                   = 64                                        {product} {ergonomic}
     bool HeapDumpOnOutOfMemoryError               = true                                   {manageable} {command line}
   size_t InitialHeapSize                          = 268435456                                 {product} {command line}
   size_t MarkStackSize                            = 4194304                                   {product} {ergonomic}
   size_t MaxHeapSize                              = 536870912                                 {product} {command line}
   size_t MaxMetaspaceSize                         = 268435456                                 {product} {command line}
   size_t MaxNewSize                               = 321912832                                 {product} {ergonomic}
   size_t MinHeapDeltaBytes                        = 1048576                                   {product} {ergonomic}
   size_t MinHeapSize                              = 268435456                                 {product} {command line}
    uintx NonNMethodCodeHeapSize                   = 5826188                                {pd product} {ergonomic}
    uintx NonProfiledCodeHeapSize                  = 122916026                              {pd product} {ergonomic}
    uintx ProfiledCodeHeapSize                     = 122916026                              {pd product} {ergonomic}
    uintx ReservedCodeCacheSize                    = 251658240                              {pd product} {ergonomic}
     bool SegmentedCodeCache                       = true                                      {product} {ergonomic}
   size_t SoftMaxHeapSize                          = 536870912                              {manageable} {ergonomic}
     bool UseCompressedClassPointers               = true                           {product lp64_product} {ergonomic}
     bool UseCompressedOops                        = true                           {product lp64_product} {ergonomic}
     bool UseG1GC                                  = true                                      {product} {ergonomic}
     bool UseLargePagesIndividualAllocation        = false                                  {pd product} {ergonomic}

Logging:
Log output configuration:
 #0: stdout all=warning uptime,level,tags
 #1: stderr all=off uptime,level,tags

Environment Variables:
JAVA_HOME=c:\Program Files\openJDK\openJDK1.8\
PATH=C:\Windows\system32;C:\Windows;C:\Windows\System32\Wbem;C:\Windows\System32\WindowsPowerShell\v1.0\;C:\Windows\System32\OpenSSH\;c:\Program Files (x86)\openJDK\openJDK1.8\bin;c:\Program Files (x86)\openJDK\openJDK1.8\jre\bin;C:\Program Files\Git\cmd;c:\Program Files\openJDK\openJDK1.8\bin;c:\Program Files\openJDK\openJDK1.8\jre\bin;C:\Users\lopperik\AppData\Local\Microsoft\WindowsApps;C:\Users\lopperik\AppData\Local\GitHubDesktop\bin
USERNAME=lopperik
OS=Windows_NT
PROCESSOR_IDENTIFIER=Intel64 Family 6 Model 94 Stepping 3, GenuineIntel



---------------  S Y S T E M  ---------------

OS:
 Windows 10 , 64 bit Build 19041 (10.0.19041.292)
OS uptime: 0 days 1:15 hours

CPU: total 2 (initial active 2) (2 cores per cpu, 1 threads per core) family 6 model 94 stepping 3 microcode 0xcc, cx8, cmov, fxsr, mmx, 3dnowpref, sse, sse2, sse3, ssse3, sse4.1, sse4.2, popcnt, lzcnt, tsc, tscinvbit, aes, erms, clmul, clflush, clflushopt

Memory: 4k page, system-wide physical 3941M (584M free)
TotalPageFile size 6402M (AvailPageFile size 1337M)
current process WorkingSet (physical memory assigned to process): 378M, peak: 383M
current process commit charge ("private bytes"): 459M, peak: 462M

vm_info: OpenJDK 64-Bit Server VM (16.0.2+7) for windows-amd64 JRE (16.0.2+7), built on Jul 22 2021 01:11:46 by "Administrator" with MS VC++ 15.9 (VS2017)

END.
